//  Calibre Interactive - LVS  v2016.4_38.25    Tue Jan 3 14:54:06 PST 2017
//
//        Copyright Mentor Graphics Corporation 1996-2017
//                       All Rights Reserved.
//   THIS WORK CONTAINS TRADE SECRET AND PROPRIETARY INFORMATION
//      WHICH IS THE PROPERTY OF MENTOR GRAPHICS CORPORATION
//        OR ITS LICENSORS AND IS SUBJECT TO LICENSE TERMS.
//
//  Mentor Graphics software executing under x86-64 Linux
//
//  Running on Linux shire.ecen.okstate.edu 2.6.32-696.30.1.el6.x86_64 #1 SMP Fri May 18 11:50:44 EDT 2018 x86_64
//  64 bit virtual addressing enabled
//
//  Starting time: Wed Nov 28 16:08:48 2018
//
//  calinteractive license acquired.
//  Calibre Interactive authorized.
*lvsPowerNames: vdd
*lvsMaskDBFile: fa.maskdb
*lvsLayoutPrimary: fa
*lvsSpiceFile: extracted.sp
*lvsIgnorePorts: 1
*cmnVConnectNamesState: ALL
*lvsSourcePath: ../sue/fa.sp
*lvsSourceSystem: SPICE
*cmnFDILayerMapFile: /classes/ecen4303F18/calibre/layer.map
*lvsERCDatabase: fa.erc.db
*lvsERCSummaryFile: fa.erc.summary
*lvsRulesFile: /classes/ecen4303F18/calibre/calibreLVS_scn3me_subm.rul
*lvsGroundNames: gnd
*cmnFDIUseLayerMap: 1
*lvsReportFile: fa.lvs.report
*lvsRunDir: .
*lvsSourcePrimary: fa
*cmnShowOptions: 1
*lvsLayoutPaths: ../magic/fa.gds
Verifying the source netlist is complete before starting the run

MGC_HOME = /programs/mentor/aoi_cal_2016.4_38.25
$MGC_HOME/bin/calibre -spice /home/dshadoa/Desktop/BPM/fa/lvs/./extracted.sp -lvs -hier -nowait /home/dshadoa/Desktop/BPM/fa/lvs/./_calibreLVS_scn3me_subm.rul_

//  Calibre v2016.4_38.25    Tue Jan 3 14:54:06 PST 2017
//  Calibre Utility Library   v0-2_8-2016-2    Tue Feb 9 23:45:01 PST 2016
//  Litho Libraries v2016.4_38.25  Tue Jan 3 14:54:06 PST 2017
//
//        Copyright Mentor Graphics Corporation 1996-2017
//                       All Rights Reserved.
//   THIS WORK CONTAINS TRADE SECRET AND PROPRIETARY INFORMATION
//      WHICH IS THE PROPERTY OF MENTOR GRAPHICS CORPORATION
//        OR ITS LICENSORS AND IS SUBJECT TO LICENSE TERMS.
//
//  Mentor Graphics software executing under x86-64 Linux
//
//  Running on Linux shire.ecen.okstate.edu 2.6.32-696.30.1.el6.x86_64 #1 SMP Fri May 18 11:50:44 EDT 2018 x86_64 glibc 2.12/NPTL 2.12
//
//  Entries in /proc/meminfo:
//
//  MemTotal:       132118976 kB
//  MemFree:        109196168 kB
//  Buffers:          314680 kB
//  Cached:         12690852 kB
//  SwapCached:            0 kB
//  Active:         15484156 kB
//  Inactive:        5099044 kB
//  Active(anon):    7608276 kB
//  Inactive(anon):   109460 kB
//  Active(file):    7875880 kB
//  Inactive(file):  4989584 kB
//  Unevictable:           0 kB
//  Mlocked:               0 kB
//  SwapTotal:       4194300 kB
//  SwapFree:        4194300 kB
//  Dirty:              1812 kB
//  Writeback:             0 kB
//  AnonPages:       7572832 kB
//  Mapped:           323272 kB
//  Shmem:            140076 kB
//  Slab:            1116384 kB
//  SReclaimable:     841372 kB
//  SUnreclaim:       275012 kB
//  KernelStack:       27360 kB
//  PageTables:       360744 kB
//  NFS_Unstable:          0 kB
//  Bounce:                0 kB
//  WritebackTmp:          0 kB
//  CommitLimit:    70253788 kB
//  Committed_AS:   15980312 kB
//  VmallocTotal:   34359738367 kB
//  VmallocUsed:      512756 kB
//  VmallocChunk:   34291676724 kB
//  HardwareCorrupted:     0 kB
//  AnonHugePages:   5320704 kB
//  HugePages_Total:       0
//  HugePages_Free:        0
//  HugePages_Rsvd:        0
//  HugePages_Surp:        0
//  Hugepagesize:       2048 kB
//  DirectMap4k:        7844 kB
//  DirectMap2M:     3102720 kB
//  DirectMap1G:    131072000 kB
//
//  User limits:
//
//  Data size: unlimited
//  RSS: unlimited
//  Stack size: 10485760 kB
//  Max user processes: 1024
//  VM: unlimited
//
//  Processor Intel(R) Xeon(R) CPU E5-4617 0 @ 2.90GHz [062d7]
//  CPU Info: Cores = 12, SMT capable but is disabled
//  Max file descriptors: 1024
//  64 bit virtual addressing enabled
//  Running aoi_cal_2016.4_38.25/pkgs/icv/pvt/calibre -spice /home/dshadoa/Desktop/BPM/fa/lvs/./extracted.sp -lvs -hier -nowait /home/dshadoa/Desktop/BPM/fa/lvs/./_calibreLVS_scn3me_subm.rul_
//  Process ID: 125738
//
//  Starting time: Wed Nov 28 16:08:51 2018
//
//  Running on 1 CPU (pending licensing) 
//
//

--------------------------------------------------------------------------------
--------------------------------------------------------------------------------
-----          STANDARD VERIFICATION RULE FILE COMPILATION MODULE          -----
--------------------------------------------------------------------------------
--------------------------------------------------------------------------------

--- RULE FILE = /home/dshadoa/Desktop/BPM/fa/lvs/./_calibreLVS_scn3me_subm.rul_

//
//  Rule file generated on Wed Nov 28 16:08:50 CST 2018
//     by Calibre Interactive - LVS (v2016.4_38.25)
//
//      *** PLEASE DO NOT MODIFY THIS FILE ***
//
//

LAYOUT PATH  "/home/dshadoa/Desktop/BPM/fa/lvs/./../magic/fa.gds"
LAYOUT PRIMARY "fa"
LAYOUT SYSTEM GDSII

SOURCE PATH "/home/dshadoa/Desktop/BPM/fa/lvs/./../sue/fa.sp"
SOURCE PRIMARY "fa"
SOURCE SYSTEM SPICE

MASK SVDB DIRECTORY "svdb" QUERY

LVS REPORT "fa.lvs.report"

LVS REPORT OPTION NONE
LVS FILTER UNUSED OPTION NONE SOURCE
LVS FILTER UNUSED OPTION NONE LAYOUT
LVS REPORT MAXIMUM 50
LVS POWER NAME
	"vdd"

LVS GROUND NAME
	"gnd"


LVS RECOGNIZE GATES ALL


LVS ABORT ON SOFTCHK NO
LVS ABORT ON SUPPLY ERROR YES
LVS IGNORE PORTS YES
LVS SHOW SEED PROMOTIONS NO
LVS SHOW SEED PROMOTIONS MAXIMUM 50

LVS ISOLATE SHORTS NO


VIRTUAL CONNECT COLON NO
VIRTUAL CONNECT REPORT NO
VIRTUAL CONNECT NAME ?

LVS EXECUTE ERC YES
ERC RESULTS DATABASE "fa.erc.db"
ERC SUMMARY REPORT "fa.erc.summary" REPLACE HIER
ERC CELL NAME YES CELL SPACE XFORM
ERC MAXIMUM RESULTS 1000
ERC MAXIMUM VERTEX 4096

DRC ICSTATION YES


INCLUDE "/classes/ecen4303F18/calibre/calibreLVS_scn3me_subm.rul"



--- STANDARD VERIFICATION RULE FILE COMPILATION MODULE COMPLETED.  CPU TIME = 0  REAL TIME = 0  LVHEAP = 1/3/3

--- CALIBRE_* ENVIRONMENT VARIABLES:

CALIBRE_CMD_LINE='/programs/mentor/aoi_cal_2016.4_38.25/pkgs/icv/pvt/calibre  -spice /home/dshadoa/Desktop/BPM/fa/lvs/./extracted.sp -lvs -hier -nowait /home/dshadoa/Desktop/BPM/fa/lvs/./_calibreLVS_scn3me_subm.rul_'
CALIBRE_HOME=/programs/mentor/aoi_cal_2016.4_38.25
CALIBRE_INITIAL_CMD_LINE='/programs/mentor/aoi_cal_2016.4_38.25/bin/calibre -spice /home/dshadoa/Desktop/BPM/fa/lvs/./extracted.sp -lvs -hier -nowait /home/dshadoa/Desktop/BPM/fa/lvs/./_calibreLVS_scn3me_subm.rul_'
CALIBRE_READDB_LD_LIBRARY_PATH=/programs/mentor/aoi_cal_2016.4_38.25/shared/pkgs/icv/tools/calibre_client/lib/64:/programs/mentor/aoi_cal_2016.4_38.25/pkgs/calibre_base/lib64:/programs/mentor/aoi_cal_2016.4_38.25/pkgs/icv_lib/lib64:/programs/mentor/aoi_cal_2016.4_38.25/pkgs/icv_qt_comp/plugins:/programs/mentor/aoi_cal_2016.4_38.25/pkgs/umc_libs/lib/lnx32:/programs/mentor/aoi_cal_2016.4_38.25/shared/pkgs/icv_oa/22.41.004/lib/linux_rhel40_gcc44x_64/opt
CALIBRE_SKIP_OS_CHECKS=
CALIBRE_SSE3_SUPPORTED=1

--- CALIBRE::HIERARCHICAL CIRCUIT EXTRACTOR - Wed Nov 28 16:08:51 2018

//  Applying licensing policy...
//  calibrehlvs license acquired.
//  calibrelvs license acquired.

//  Licensed Products
//  -----------------
//  Base products running on 1 core:
//  - LVS (Hierarchical)
//  - LVS Extraction

--------------------------------------------------------------------------------
--------------------------------------------------------------------------------
-----                   CALIBRE LAYOUT DATA INPUT MODULE                   -----
--------------------------------------------------------------------------------
--------------------------------------------------------------------------------

--- LAYOUT SYSTEM = GDS
--- LAYOUT MAGNIFICATION = 1

--------------------------------------------------------------------------------
-----                     GDS FILE SUMMARY INFORMATION                     -----
--------------------------------------------------------------------------------

GDS FILENAME:        /home/dshadoa/Desktop/BPM/fa/lvs/./../magic/fa.gds
GDS VERSION:         3
LIBRARY NAME:        fa
LAST MODIFIED:       ON 2018/11/14 AT 2:6:3
LAST ACCESSED:       ON 2018/11/14 AT 2:6:20
DATABASE PRECISION:  0.001 user units per database unit
PHYSICAL PRECISION:  1e-09 meters per database unit
MAGNIFICATION:       1

--------------------------------------------------------------------------------
-----                 GDS INPUT DATA FOR INDIVIDUAL CELLS                  -----
--------------------------------------------------------------------------------
     CELL NAME                  PLACEMENTS   ARRAYS   POLYGONS    PATHS    TEXTS
--------------------------------------------------------------------------------
fa                                       0        0        385        0        7

NOTE: UNUSED geometric data is present on the following layer/datatype pairs:

NOTE: USED geometric data is present on the following layer/datatype pairs:
    SIMPLE LAYER = 41
        LAYER = 41 DATATYPE = 0
    SIMPLE LAYER = 42
        LAYER = 42 DATATYPE = 0
    SIMPLE LAYER = 43
        LAYER = 43 DATATYPE = 0
    SIMPLE LAYER = 44
        LAYER = 44 DATATYPE = 0
    SIMPLE LAYER = 45
        LAYER = 45 DATATYPE = 0
    SIMPLE LAYER = 46
        LAYER = 46 DATATYPE = 0
    SIMPLE LAYER = 47
        LAYER = 47 DATATYPE = 0
    SIMPLE LAYER = 48
        LAYER = 48 DATATYPE = 0
    SIMPLE LAYER = 49
        LAYER = 49 DATATYPE = 0
    SIMPLE LAYER = 50
        LAYER = 50 DATATYPE = 0
    SIMPLE LAYER = 51
        LAYER = 51 DATATYPE = 0

NOTE: The following required simple layers are EMPTY:
    25
    61
    62

--- LAYOUT DATABASE CONSTRUCTOR COMPLETED.  CPU TIME = 0  REAL TIME = 0  LVHEAP = 3/4/67

CONSTRUCTING HIERARCHICAL DATABASE
    COPYING LAYOUT DATABASE
    PROCESSING TEXT
    ELIMINATING DUPLICATE TEXT
    ELIMINATING EMPTY CELLS
    COMPUTING RECTANGULAR EXTENTS
    ELIMINATING DUPLICATE PLACEMENTS
    IDENTIFYING TOP LAYER CELLS
    IDENTIFYING ADDITIONAL TOP LAYER CELLS
    IDENTIFYING VERY SMALL CELLS
    CHECKING ACUTE/SKEW/ANGLED/OFFGRID
    FLATTENING VERY SMALL CELL PLACEMENTS
    FLATTENING SELECTED TOP LAYER CELL PLACEMENTS
    FLATTENING SELECTED LAYERS
    EXPANDING UNIQUE ICV PLACEMENTS
    EXPANDING LARGE TOP LAYER CELL PLACEMENTS
    COMPUTING RECTILINEAR EXTENTS
    SORTING PLACEMENTS
    ELIMINATING DUPLICATE PLACEMENTS
    EXPANDING UNIQUE TRANSPARENT CELL PLACEMENTS
    EXPANDING UNIQUE LIGHT-WEIGHT CELL PLACEMENTS
    EXPANDING TRIVIAL CELL PLACEMENTS
    EXPANDING VERY SPARSE ARRAY PLACEMENTS
    EXPANDING LARGE CELL ARRAY PLACEMENTS
    EXPANDING VERY SPARSE CELL PLACEMENTS
    ELIMINATING DUPLICATE SUPER-HIERARCHICAL PLACEMENTS
    PROCESSING LAYOUT BLOAT LAYERS (auto-detected)
    PROCESSING LARGE CELL EXTENT-BLOATING LAYERS
    EXPANDING DENSE OVERLAPS
    EXPANDING UNIQUE META-CELL PLACEMENTS
    IDENTIFYING MULTI-CORE CELLS
    INJECTING HIERARCHY
    COMPUTING RECTANGULAR EXTENTS
    SORTING PLACEMENTS
    PUSHING VERY SMALL CELL PLACEMENTS
    PUSHING TOP LAYER CELL PLACEMENTS
    FLATTENING VERY SMALL CELL PLACEMENTS
    FLATTENING SMALL TOP LAYER CELL PLACEMENTS
    COMPUTING CELL-TO-WORLD TRANSFORMS
    SORTING PLACEMENTS
    PACKING HIERARCHY
    COMPUTING PLACEMENT OVERLAP RECORDS
    COMPUTING CELL OVERLAP AREAS
    INTERSECTING PLACEMENTS AND OVERLAP AREAS
HIERARCHICAL DATABASE CONSTRUCTOR COMPLETE.
CPU TIME = 0  REAL TIME = 0  LVHEAP = 2/5/67

--------------------------------------------------------------------------------
-----               TEXT OBJECTS FOR CONNECTIVITY EXTRACTION               -----
--------------------------------------------------------------------------------

a (0.6,7.2) 49 fa                       b (0.6,9.3) 49 fa
c_in (0.6,12.9) 49 fa                   gnd (0.9,0.9) 49 fa
vdd (0.9,24.3) 49 fa                    c_out (51.3,-0.6) 51 fa
sum (51.9,15) 51 fa

--------------------------------------------------------------------------------
-----                TEXT OBJECTS FOR WITH TEXT OPERATIONS                 -----
--------------------------------------------------------------------------------


--------------------------------------------------------------------------------
-----               TEXT OBJECTS FOR EXPAND TEXT OPERATIONS                -----
--------------------------------------------------------------------------------


--------------------------------------------------------------------------------
-----                  TEXT OBJECTS FOR CAPI OPERATIONS                    -----
--------------------------------------------------------------------------------


--------------------------------------------------------------------------------
-----                                PORTS                                 -----
--------------------------------------------------------------------------------

a (0.6,7.2) 49 fa                       b (0.6,9.3) 49 fa
c_in (0.6,12.9) 49 fa                   gnd (0.9,0.9) 49 fa
vdd (0.9,24.3) 49 fa                    c_out (51.3,-0.6) 51 fa
sum (51.9,15) 51 fa

--------------------------------------------------------------------------------
-----             LAYER READ SUMMARY (SIMPLE LAYER GEOMETRIES)             -----
--------------------------------------------------------------------------------
SIMPLE LAYER      GEOMETRIES                                                    
--------------------------------------------------------------------------------

  25                     0
  41                     2
  42                     1
  43                    44
  44                    10
  45                    10
  46                    59
  47                    14
  48                   142
  49                    66
  50                    15
  51                    22
  61                     0
  62                     0

--------------------------------------------------------------------------------
-----            LAYER READ SUMMARY (ORIGINAL LAYER GEOMETRIES)            -----
--------------------------------------------------------------------------------
ORIGINAL LAYER       INITIAL GEOMETRIES                 FINAL GEOMETRIES        
--------------------------------------------------------------------------------

pimplant                  10 (10)                          10 (10)              
active                    44 (44)                          44 (44)              
nimplant                  10 (10)                          10 (10)              
poly                      59 (59)                          59 (59)              
pwell                      2 (2)                            2 (2)               
nwell                      1 (1)                            1 (1)               
via1                      15 (15)                          15 (15)              
metal1                    66 (66)                          66 (66)              
metal2                    22 (22)                          22 (22)              
via2                       0 (0)                            0 (0)               
metal3                     0 (0)                            0 (0)               
contact                    0 (0)                            0 (0)               
active_contact           142 (142)                        142 (142)             
poly_contact              14 (14)                          14 (14)              

--------------------------------------------------------------------------------
-----         LAYER READ SUMMARY (TEXT FOR CONNECTIVITY EXTRACTION)        -----
--------------------------------------------------------------------------------
SIMPLE LAYER              TEXTS                                                 
--------------------------------------------------------------------------------

  49                       5 (5)               
  51                       2 (2)               

--------------------------------------------------------------------------------
-----          LAYER READ SUMMARY (TEXT FOR WITH TEXT OPERATIONS)          -----
--------------------------------------------------------------------------------
SIMPLE LAYER              TEXTS                                                 
--------------------------------------------------------------------------------


--------------------------------------------------------------------------------
-----         LAYER READ SUMMARY (TEXT FOR EXPAND TEXT OPERATIONS)         -----
--------------------------------------------------------------------------------
SIMPLE LAYER              TEXTS                                                 
--------------------------------------------------------------------------------


--------------------------------------------------------------------------------
-----            LAYER READ SUMMARY (TEXT FOR CAPI OPERATIONS)             -----
--------------------------------------------------------------------------------
SIMPLE LAYER              TEXTS                                                 
--------------------------------------------------------------------------------


--------------------------------------------------------------------------------
-----                      LAYER READ SUMMARY (PORTS)                      -----
--------------------------------------------------------------------------------
SIMPLE LAYER              TEXTS                                                 
--------------------------------------------------------------------------------

  49                       5 (5)               
  51                       2 (2)               

--------------------------------------------------------------------------------
-----                      CELL AND PLACEMENT SUMMARY                      -----
--------------------------------------------------------------------------------
CELL TYPE                 CELLS           PLACEMENTS       FLAT PLACEMENTS      
--------------------------------------------------------------------------------

USER                          1                    0                     0
 VERY SMALL                   0                    0                     0
 TOP LAYER                    0                    0                     0
  VERY SMALL                  0                    0                     0
PSEUDO                        0                    0                     0
TOTAL                         1                    0                     0

--------------------------------------------------------------------------------
-----                   LAYOUT DATA INPUT MODULE SUMMARY                   -----
--------------------------------------------------------------------------------

--- TOTAL GEOMETRIES READ FROM SIMPLE LAYERS = 385
--- TOTAL GEOMETRIES READ FROM ORIGINAL LAYERS = 385 (385)
--- TOTAL GEOMETRIES WRITTEN TO ORIGINAL LAYERS = 385 (385)
--- LVHEAP = 2/5/67
--- DATABASE EXTENT = [ 0 , -1.2 ] -> [ 52.5 , 25.8 ]
--- GEOMETRIC DEPTH = ALL
--- TEXT DEPTH FOR CONNECTIVITY EXTRACTION = PRIMARY
--- TOTAL TEXT OBJECTS FOR CONNECTIVITY EXTRACTION = 7 (7)
--- TOTAL TEXT OBJECTS FOR WITH TEXT OPERATIONS = 0 (0)
--- TOTAL TEXT OBJECTS FOR EXPAND TEXT OPERATIONS = 0 (0)
--- TOTAL TEXT OBJECTS FOR CAPI OPERATIONS = 0 (0)
--- TOTAL PORT OBJECTS = 7 (7)
--- GEOMETRY FLAGGING = ACUTE (NO)  SKEW (NO)  ANGLED (NO)  OFFGRID (NO)
                        NONSIMPLE POLYGON (NO)  NONSIMPLE PATH (NO)
--- PRIMARY CELL = fa
--- EXCLUDED CELLS =
--- LAYOUT BASE LAYER = (NOT SPECIFIED)
--- LAYOUT TOP LAYER = (NOT SPECIFIED)

--- CALIBRE LAYOUT DATA INPUT MODULE COMPLETED.  CPU TIME = 0  REAL TIME = 0

--------------------------------------------------------------------------------
--------------------------------------------------------------------------------
-----      CALIBRE::HIERARCHICAL CIRCUIT EXTRACTOR - EXECUTIVE MODULE      -----
--------------------------------------------------------------------------------
--------------------------------------------------------------------------------

via1 = OR via1
--------------
via1 (HIER TYP=1 CFG=3 HGC=15 FGC=15 HEC=60 FEC=60 IGC=0 VHC=F VPC=F)
CPU TIME = 0  REAL TIME = 0  LVHEAP = 2/5/67  MALLOC = 35/35/35  OPS COMPLETE = 1 OF 29  ELAPSED TIME = 0

Original Layer via1 DELETED -- LVHEAP = 2/5/67

metal1 = OR metal1
------------------
metal1 (HIER TYP=1 CFG=3 HGC=22 FGC=22 HEC=214 FEC=214 IGC=0 VHC=F VPC=F)
CPU TIME = 0  REAL TIME = 0  LVHEAP = 2/5/67  MALLOC = 35/35/35  OPS COMPLETE = 2 OF 29  ELAPSED TIME = 0

Original Layer metal1 DELETED -- LVHEAP = 2/5/67

metal2 = OR metal2
------------------
metal2 (HIER TYP=1 CFG=3 HGC=6 FGC=6 HEC=60 FEC=60 IGC=0 VHC=F VPC=F)
CPU TIME = 0  REAL TIME = 0  LVHEAP = 2/5/67  MALLOC = 35/35/35  OPS COMPLETE = 3 OF 29  ELAPSED TIME = 0

Original Layer metal2 DELETED -- LVHEAP = 2/5/67

via2 = OR via2
--------------
via2 (HIER TYP=1 CFG=3 HGC=0 FGC=0 HEC=0 FEC=0 IGC=0 VHC=F VPC=F)
CPU TIME = 0  REAL TIME = 0  LVHEAP = 2/5/67  MALLOC = 35/35/35  OPS COMPLETE = 4 OF 29  ELAPSED TIME = 0

Original Layer via2 DELETED -- LVHEAP = 2/5/67

metal3 = OR metal3
------------------
metal3 (HIER TYP=1 CFG=3 HGC=0 FGC=0 HEC=0 FEC=0 IGC=0 VHC=F VPC=F)
CPU TIME = 0  REAL TIME = 0  LVHEAP = 2/5/67  MALLOC = 35/35/35  OPS COMPLETE = 5 OF 29  ELAPSED TIME = 0

Original Layer metal3 DELETED -- LVHEAP = 2/5/67

contact = OR contact
--------------------
contact (HIER TYP=1 CFG=3 HGC=0 FGC=0 HEC=0 FEC=0 IGC=0 VHC=F VPC=F)
CPU TIME = 0  REAL TIME = 0  LVHEAP = 2/5/67  MALLOC = 35/35/35  OPS COMPLETE = 6 OF 29  ELAPSED TIME = 0

Original Layer contact DELETED -- LVHEAP = 2/5/67

poly = OR poly
--------------
poly (HIER TYP=1 CFG=3 HGC=14 FGC=14 HEC=146 FEC=146 IGC=0 VHC=F VPC=F)
CPU TIME = 0  REAL TIME = 0  LVHEAP = 2/5/67  MALLOC = 35/35/35  OPS COMPLETE = 7 OF 29  ELAPSED TIME = 0

Original Layer poly DELETED -- LVHEAP = 2/5/67

active = OR active
------------------
active (HIER TYP=1 CFG=1 HGC=44 FGC=44 HEC=176 FEC=176 IGC=0 VHC=F VPC=F)
CPU TIME = 0  REAL TIME = 0  LVHEAP = 2/5/67  MALLOC = 35/35/35  OPS COMPLETE = 8 OF 29  ELAPSED TIME = 0

Original Layer active DELETED -- LVHEAP = 2/5/67

pimplant = OR pimplant
----------------------
pimplant (HIER TYP=1 CFG=1 HGC=10 FGC=10 HEC=40 FEC=40 IGC=0 VHC=F VPC=F)
CPU TIME = 0  REAL TIME = 0  LVHEAP = 2/5/67  MALLOC = 35/35/35  OPS COMPLETE = 9 OF 29  ELAPSED TIME = 0

Original Layer pimplant DELETED -- LVHEAP = 2/5/67

pdif = active AND pimplant
--------------------------
pdif (HIER TYP=1 CFG=0 HGC=22 FGC=22 HEC=88 FEC=88 IGC=0 VHC=F VPC=F)
CPU TIME = 0  REAL TIME = 0  LVHEAP = 2/5/67  MALLOC = 36/36/36  OPS COMPLETE = 10 OF 29  ELAPSED TIME = 0

pgate = poly AND pdif
---------------------
pgate (HIER TYP=1 CFG=1 HGC=14 FGC=14 HEC=56 FEC=56 IGC=0 VHC=F VPC=F)
CPU TIME = 0  REAL TIME = 0  LVHEAP = 2/5/67  MALLOC = 36/36/36  OPS COMPLETE = 11 OF 29  ELAPSED TIME = 0

psrcdrn = pdif NOT pgate
------------------------
psrcdrn (HIER TYP=1 CFG=3 HGC=36 FGC=36 HEC=144 FEC=144 IGC=0 VHC=F VPC=F)
CPU TIME = 0  REAL TIME = 0  LVHEAP = 2/5/67  MALLOC = 36/36/36  OPS COMPLETE = 12 OF 29  ELAPSED TIME = 0

Layer pdif DELETED -- LVHEAP = 2/5/67

nimplant = OR nimplant
----------------------
nimplant (HIER TYP=1 CFG=1 HGC=10 FGC=10 HEC=40 FEC=40 IGC=0 VHC=F VPC=F)
CPU TIME = 0  REAL TIME = 0  LVHEAP = 2/5/67  MALLOC = 36/36/36  OPS COMPLETE = 13 OF 29  ELAPSED TIME = 0

Original Layer nimplant DELETED -- LVHEAP = 2/5/67

ndif = active AND nimplant
--------------------------
ndif (HIER TYP=1 CFG=0 HGC=22 FGC=22 HEC=88 FEC=88 IGC=0 VHC=F VPC=F)
CPU TIME = 0  REAL TIME = 0  LVHEAP = 2/5/67  MALLOC = 36/36/36  OPS COMPLETE = 14 OF 29  ELAPSED TIME = 0

ngate = poly AND ndif
---------------------
ngate (HIER TYP=1 CFG=1 HGC=14 FGC=14 HEC=56 FEC=56 IGC=0 VHC=F VPC=F)
CPU TIME = 0  REAL TIME = 0  LVHEAP = 2/5/67  MALLOC = 36/36/36  OPS COMPLETE = 15 OF 29  ELAPSED TIME = 0

nsrcdrn = ndif NOT ngate
------------------------
nsrcdrn (HIER TYP=1 CFG=3 HGC=36 FGC=36 HEC=144 FEC=144 IGC=0 VHC=F VPC=F)
CPU TIME = 0  REAL TIME = 0  LVHEAP = 2/5/67  MALLOC = 36/36/36  OPS COMPLETE = 16 OF 29  ELAPSED TIME = 0

Layer ndif DELETED -- LVHEAP = 2/5/67

pwell = OR pwell
----------------
pwell (HIER TYP=1 CFG=3 HGC=1 FGC=1 HEC=8 FEC=8 IGC=0 VHC=F VPC=F)
CPU TIME = 0  REAL TIME = 0  LVHEAP = 2/5/67  MALLOC = 36/36/36  OPS COMPLETE = 17 OF 29  ELAPSED TIME = 0

Original Layer pwell DELETED -- LVHEAP = 2/5/67

pcont = psrcdrn AND pwell
-------------------------
pcont (HIER TYP=1 CFG=3 HGC=14 FGC=14 HEC=56 FEC=56 IGC=0 VHC=F VPC=F)
CPU TIME = 0  REAL TIME = 0  LVHEAP = 2/5/67  MALLOC = 36/36/36  OPS COMPLETE = 18 OF 29  ELAPSED TIME = 0

bulk = EXTENT
-------------
bulk (HIER-LSL TYP=1 CFG=0 HGC=1 FGC=1 HEC=4 FEC=4 IGC=0 VHC=F VPC=F)
CPU TIME = 0  REAL TIME = 0  LVHEAP = 2/5/67  MALLOC = 36/36/36  OPS COMPLETE = 19 OF 29  ELAPSED TIME = 0

TMP<1> = bulk NOT pwell
-----------------------
TMP<1> (HIER TYP=1 CFG=0 HGC=2 FGC=2 HEC=12 FEC=12 IGC=0 VHC=F VPC=F)
CPU TIME = 0  REAL TIME = 0  LVHEAP = 2/5/67  MALLOC = 36/36/36  OPS COMPLETE = 20 OF 29  ELAPSED TIME = 0

Layer bulk DELETED -- LVHEAP = 2/5/67

nwell = OR nwell
----------------
nwell (HIER TYP=1 CFG=0 HGC=1 FGC=1 HEC=4 FEC=4 IGC=0 VHC=F VPC=F)
CPU TIME = 0  REAL TIME = 0  LVHEAP = 2/5/67  MALLOC = 36/36/36  OPS COMPLETE = 21 OF 29  ELAPSED TIME = 0

Original Layer nwell DELETED -- LVHEAP = 2/5/67

nsub = TMP<1> AND nwell
-----------------------
nsub (HIER TYP=1 CFG=3 HGC=1 FGC=1 HEC=4 FEC=4 IGC=0 VHC=F VPC=F)
CPU TIME = 0  REAL TIME = 0  LVHEAP = 2/5/67  MALLOC = 36/36/36  OPS COMPLETE = 22 OF 29  ELAPSED TIME = 0

Layer TMP<1> DELETED -- LVHEAP = 2/5/67

Layer nwell DELETED -- LVHEAP = 2/5/67

ncont = nsrcdrn AND nsub
------------------------
ncont (HIER TYP=1 CFG=3 HGC=14 FGC=14 HEC=56 FEC=56 IGC=0 VHC=F VPC=F)
CPU TIME = 0  REAL TIME = 0  LVHEAP = 2/5/67  MALLOC = 36/36/36  OPS COMPLETE = 23 OF 29  ELAPSED TIME = 0

ntapcont = active NOT INTERACT pimplant
---------------------------------------
ntapcont (HIER TYP=1 CFG=0 HGC=22 FGC=22 HEC=88 FEC=88 IGC=0 VHC=F VPC=F)
CPU TIME = 0  REAL TIME = 0  LVHEAP = 2/5/67  MALLOC = 36/36/36  OPS COMPLETE = 24 OF 29  ELAPSED TIME = 0

Layer pimplant DELETED -- LVHEAP = 2/5/67

ncont1 = ntapcont AND nsub
--------------------------
ncont1 (HIER TYP=1 CFG=3 HGC=14 FGC=14 HEC=56 FEC=56 IGC=0 VHC=F VPC=F)
CPU TIME = 0  REAL TIME = 0  LVHEAP = 2/5/67  MALLOC = 36/36/36  OPS COMPLETE = 25 OF 29  ELAPSED TIME = 0

Layer ntapcont DELETED -- LVHEAP = 2/5/67

ptapcont = active NOT INTERACT nimplant
---------------------------------------
ptapcont (HIER TYP=1 CFG=0 HGC=22 FGC=22 HEC=88 FEC=88 IGC=0 VHC=F VPC=F)
CPU TIME = 0  REAL TIME = 0  LVHEAP = 2/5/67  MALLOC = 36/36/36  OPS COMPLETE = 26 OF 29  ELAPSED TIME = 0

Layer active DELETED -- LVHEAP = 2/5/67

Layer nimplant DELETED -- LVHEAP = 2/5/67

pcont1 = ptapcont AND pwell
---------------------------
pcont1 (HIER TYP=1 CFG=3 HGC=14 FGC=14 HEC=56 FEC=56 IGC=0 VHC=F VPC=F)
CPU TIME = 0  REAL TIME = 0  LVHEAP = 2/5/67  MALLOC = 36/36/36  OPS COMPLETE = 27 OF 29  ELAPSED TIME = 0

Layer ptapcont DELETED -- LVHEAP = 2/5/67

active_contact = OR active_contact
----------------------------------
active_contact (HIER TYP=1 CFG=3 HGC=142 FGC=142 HEC=568 FEC=568 IGC=0 VHC=F VPC=F)
CPU TIME = 0  REAL TIME = 0  LVHEAP = 2/5/67  MALLOC = 36/36/36  OPS COMPLETE = 28 OF 29  ELAPSED TIME = 0

Original Layer active_contact DELETED -- LVHEAP = 2/5/67

poly_contact = OR poly_contact
------------------------------
poly_contact (HIER TYP=1 CFG=3 HGC=14 FGC=14 HEC=56 FEC=56 IGC=0 VHC=F VPC=F)
CPU TIME = 0  REAL TIME = 0  LVHEAP = 2/5/67  MALLOC = 36/36/36  OPS COMPLETE = 29 OF 29  ELAPSED TIME = 0

Original Layer poly_contact DELETED -- LVHEAP = 2/5/67

CONNECTIVITY EXTRACTION TOTAL LAYER PREPARATION TIME:  CPU TIME = 0  REAL TIME = 0  LVHEAP = 2/5/67  MALLOC = 36/36/36 ELAPSED TIME = 0

CONNECTIVITY EXTRACTION
-----------------------
NC = Net Count  IPC = Internal Pin Count
CEC = Cell Edge Count  PEC = Promoted Edge Count
LVHEAP = Geometry heap memory allocation.
MALLOC = Total heap memory allocation.

CELL fa
     fa (NC=19 IPC=0 CEC=814 PEC=0 CFGC=343)
     fa  CPU TIME = 0  REAL TIME = 0  LVHEAP = 3/5/67  MALLOC = 36/36/36 ELAPSED TIME = 0
TOTAL CEC=814 PEC=0

POST-PROCESSING CONNECTIVITY DATA STRUCTURE...
    MARKING TRUE NETS AND EXTERNAL PINS...
        CPU TIME = 0  REAL TIME = 0  LVHEAP = 2/5/67  MALLOC = 36/36/36
    DISCARDING FALSE VIRTUAL NETS, RESOLVING DEEP SHORTS AND PERFORMING VIRTUAL CONNECTIONS...
        CPU TIME = 0  REAL TIME = 0  LVHEAP = 2/5/67  MALLOC = 36/36/36
    CREATING COMPACT PIN DATA STRUCTURE...
        CPU TIME = 0  REAL TIME = 0  LVHEAP = 2/5/67  MALLOC = 36/36/36
    RESOLVING SHORT CIRCUIT TEXT...
        CPU TIME = 0  REAL TIME = 0  LVHEAP = 2/5/67  MALLOC = 36/36/36
    PROCESSING HIGH SHORTS...
        CPU TIME = 0  REAL TIME = 0  LVHEAP = 2/5/67  MALLOC = 36/36/36
    COMPUTING FINAL NET NAMES AND REPORTING TEXT WARNINGS...
        CPU TIME = 0  REAL TIME = 0  LVHEAP = 2/5/67  MALLOC = 36/36/36
POST-PROCESSING completed.  CPU TIME = 0  REAL TIME = 0  LVHEAP = 2/5/67  MALLOC = 36/36/36

CONNECTIVITY EXTRACTION completed.  CPU TIME = 0  REAL TIME = 0  LVHEAP = 2/5/67  MALLOC = 36/36/36 ELAPSED TIME = 0

WRITING CELL INFORMATION to PHDB svdb
PHDB CELL DATA WRITE completed.  CPU TIME = 0  REAL TIME = 0  LVHEAP = 2/5/67  MALLOC = 36/36/36  ELAPSED TIME = 0

WRITING CONNECT INFORMATION to PHDB svdb
PHDB CONNECT INFORMATION written. CPU TIME = 0  REAL TIME = 0  LVHEAP = 2/5/67  MALLOC = 37/37/37  ELAPSED TIME = 0

Layer via1 DELETED -- LVHEAP = 2/5/67

Layer via2 DELETED -- LVHEAP = 2/5/67

Layer metal2 DELETED -- LVHEAP = 2/5/67

Layer metal3 DELETED -- LVHEAP = 2/5/67

Layer pcont DELETED -- LVHEAP = 2/5/67

Layer ncont DELETED -- LVHEAP = 2/5/67

Layer ncont1 DELETED -- LVHEAP = 2/5/67

Layer pcont1 DELETED -- LVHEAP = 2/5/67

Layer active_contact DELETED -- LVHEAP = 2/5/67

Layer contact DELETED -- LVHEAP = 2/5/67

Layer poly_contact DELETED -- LVHEAP = 2/5/67

Layer metal1 DELETED -- LVHEAP = 2/5/67

DEVICE RECOGNITION
------------------
LVS PUSH DEVICES enabled.

DEVICE RECOGNITION TOTAL LAYER PREPARATION TIME:  CPU TIME = 0  REAL TIME = 0  LVHEAP = 2/5/67 ELAPSED TIME = 0

DEVICE RECOGNITION PRECISE INTERACTION BEGINS.

DEVICE RECOGNITION TOTAL PRECISE INTERACTION TIME:  CPU TIME = 0  REAL TIME = 0  LVHEAP = 3/5/67 ELAPSED TIME = 0
TENTATIVE SEED PROMOTIONS:   seed layer  seeds  cell : layers touched
TENTATIVE SEED PROMOTIONS: ------------  -----  -----------------------------------------
SEED PROMOTIONS: 
SEED PROMOTIONS: ==============================================================
SEED PROMOTIONS: 
SEED PROMOTIONS:   seed layer  seeds  cell : layers touched
SEED PROMOTIONS: ------------  -----  -----------------------------------------
SEED PROMOTIONS: 
SEED PROMOTIONS:       TOTAL:      0

DEVICE RECOGNITION completed.  CPU TIME = 0  REAL TIME = 0  LVHEAP = 3/5/67  MALLOC = 37/37/37 ELAPSED TIME = 0


HIERARCHICAL SPICE NETLISTER
----------------------------
HIERARCHICAL SPICE NETLISTER completed.  CPU TIME = 0  REAL TIME = 0  LVHEAP = 2/5/67  MALLOC = 37/37/37 ELAPSED TIME = 0

WRITING DEVICE INFORMATION to PHDB svdb
PHDB DEVICE INFORMATION written. CPU TIME = 0  REAL TIME = 0  LVHEAP = 2/5/67  MALLOC = 37/37/37  ELAPSED TIME = 0

Layer pgate DELETED -- LVHEAP = 2/5/67

Layer psrcdrn DELETED -- LVHEAP = 2/5/67

Layer nsub DELETED -- LVHEAP = 2/5/67

Layer ngate DELETED -- LVHEAP = 2/5/67

Layer poly DELETED -- LVHEAP = 2/5/67

Layer nsrcdrn DELETED -- LVHEAP = 2/5/67

Layer pwell DELETED -- LVHEAP = 2/5/67

WRITING PHDB to directory svdb
PHDB WRITE completed.  CPU TIME = 0  REAL TIME = 0  LVHEAP = 2/5/67  MALLOC = 38/38/38  ELAPSED TIME = 0

--- CALIBRE::HIERARCHICAL CIRCUIT EXTRACTOR COMPLETED - Wed Nov 28 16:08:51 2018
--- TOTAL CPU TIME = 0  REAL TIME = 0  LVHEAP = 2/5/67  MALLOC = 38/38/38  ELAPSED TIME = 0
--- PROCESSOR COUNT = 1

--- SPICE NETLIST FILE = /home/dshadoa/Desktop/BPM/fa/lvs/./extracted.sp
--- CIRCUIT EXTRACTION REPORT FILE = fa.lvs.report.ext
--- PERSISTENT HIERARCHICAL DATABASE(PHDB) = svdb/fa.phdb
--- QUERY DATABASE = svdb  TOP CELL = fa





                         ###################
                         ###################
                         ###################
                         ###################
                         ###################
                         ###################
                         ###################






--- CALIBRE::LVS-H - Wed Nov 28 16:08:51 2018

--------------------------------------------------------------------------------
--------------------------------------------------------------------------------
-----               CALIBRE::LVS/xRC - INITIALIZATION MODULE               -----
--------------------------------------------------------------------------------
--------------------------------------------------------------------------------

Performing global initialization ... 

Initializing LVS ... 

--- CALIBRE::LVS/xRC INITIALIZATION MODULE COMPLETED.  CPU TIME = 0  REAL TIME = 0  LVHEAP = 66/69/69  MALLOC = 40/40/40  ELAPSED TIME = 0

--------------------------------------------------------------------------------
--------------------------------------------------------------------------------
-----                 CALIBRE::LVS/xRC - EXECUTIVE MODULE                  -----
--------------------------------------------------------------------------------
--------------------------------------------------------------------------------

LVS started ... 

//  Licensed Products
//  -----------------
//  Base products running on 1 core:
//  - LVS (Hierarchical)

READING layout ...
Layout READ.  CPU TIME = 0  REAL TIME = 0  LVHEAP = 66/69/69  MALLOC = 41/41/41

READING source ...
Source READ.  CPU TIME = 0  REAL TIME = 0  LVHEAP = 67/69/69  MALLOC = 41/41/41

Identifying CORRESPONDING cells ...
CORRESPONDING Cells Identified.  CPU TIME = 0  REAL TIME = 0

Reallocating Instance Pins...
Instance Pins Reallocated.  CPU TIME = 0  REAL TIME = 0  LVHEAP = 67/69/69  MALLOC = 41/41/41

Writing XDB Placement Hierarchy ...
XDB Placement Hierarchy Written.  CPU TIME = 0  REAL TIME = 0  LVHEAP = 66/69/69  MALLOC = 45/45/45

Adding GLOBAL elements ...
GLOBAL elements added.  CPU TIME = 0  REAL TIME = 0

Resolving DEEP SHORTS ...
DEEP SHORTS resolved.  CPU TIME = 0  REAL TIME = 0

EXPANDING unbalanced cells ...
Unbalanced cells EXPANDED.  CPU TIME = 0  REAL TIME = 0  LVHEAP = 66/69/69  MALLOC = 45/45/45

Resolving HIGH SHORTS ...
HIGH SHORTS resolved.  CPU TIME = 0  REAL TIME = 0

Deleting TRIVIAL PINS ...
TRIVIAL PINS deleted.  CPU TIME = 0  REAL TIME = 0

FLATTENING and TRANSFORMING cells to comparison ready form ...

Computing OPTIMAL TEMPLATE ORDER ...
OPTIMAL TEMPLATE ORDER computed.  CPU TIME = 0  REAL TIME = 0  LVHEAP = 66/69/69  MALLOC = 45/45/45

FLATTENING and TRANSFORMING to comparison ready form layout and source top level cells ...

Reduce Series and Parallel Mosfets.  CPU TIME = 0  REAL TIME = 0  LVHEAP = 66/69/69

Reduce Semi-Series Mosfets.  CPU TIME = 0  REAL TIME = 0  LVHEAP = 66/69/69

Reduce Split Gates.  CPU TIME = 0  REAL TIME = 0  LVHEAP = 66/69/69

Logic Injection.    CPU TIME = 0  REAL TIME = 0  LVHEAP = 67/69/69

Recognize Gates.  CPU TIME = 0  REAL TIME = 0  LVHEAP = 67/69/69

Reduce Series and Parallel Mosfets.  CPU TIME = 0  REAL TIME = 0  LVHEAP = 67/69/69

Reduce Semi-Series Mosfets.  CPU TIME = 0  REAL TIME = 0  LVHEAP = 67/69/69

Reduce Split Gates.  CPU TIME = 0  REAL TIME = 0  LVHEAP = 67/69/69

======================================================================================================================================================
                              LVS HIERARCHICAL INJECTION STATISTICS
===============================================================================================================================================================
                Name  |   Found  | Inject |   Rej  |   Rej  |   Rej  |   Rej  |   Rej  |   Rej  |  Types |   Sub- |  Same  |    Properties 
                      |          |        |  #pins |  suppl |  subst |  names |  ambig |  ident |        |  types |  path  |   unique/total 
===============================================================================================================================================================
                _invv |        4 |      4 |      0 |      0 |      0 |      0 |      0 |      0 |      1 |      2 |      0 |        1/       4 
              _mser2v |        4 |      4 |      0 |      0 |      0 |      0 |      0 |      0 |      2 |      4 |      0 |        2/       4 
              _mser3v |        4 |      4 |      0 |      0 |      0 |      0 |      0 |      0 |      2 |      4 |      0 |        2/       4 
===============================================================================================================================================================
Totals:
Instances Injected 12
Rejected as rare   0
Instances Deleted  28
Nets Deleted       12
===============================================================================================================================================================

Logic Injection.    CPU TIME = 0  REAL TIME = 0  LVHEAP = 67/69/69

Recognize Gates.  CPU TIME = 0  REAL TIME = 0  LVHEAP = 67/69/69

Cells FLATTENED and TRANSFORMED.  CPU TIME = 0  REAL TIME = 0  LVHEAP = 67/69/69

All cells FLATTENED and TRANSFORMED.  CPU TIME = 0  REAL TIME = 0  LVHEAP = 67/69/69  MALLOC = 46/46/46

COMPARING corresponding cells ...

COMPARING layout and source top levels ...

Assign Initial Net Ids.  CPU TIME = 0  REAL TIME = 0

Assign Initial Net Ids.  CPU TIME = 0  REAL TIME = 0

ANCHOR Points.  0 instances, 7 nets matched.  CPU TIME = 0  REAL TIME = 0

Begin NBD ...
NBD 2.  10 instances, 2 nets matched.  CPU TIME = 0  REAL TIME = 0

      TOTAL:  10 instances,  9 nets  matched.  CPU TIME = 0  REAL TIME = 0

STATUSES.  CPU TIME = 0  REAL TIME = 0

COMPARISON completed.  CPU TIME = 0  REAL TIME = 0

All corresponding cells COMPARED.  CPU TIME = 0  REAL TIME = 0

Corresponding cells TRANSFORMED and COMPARED.  CPU TIME = 0  REAL TIME = 0

Writing REPORT ...
Writing CROSS REFERENCE files...
CROSS REFERENCE files completed.  CPU TIME = 0  REAL TIME = 0
REPORT written.  CPU TIME = 0  REAL TIME = 0

Cumulative READING INPUTS Time:                          CPU =       0,     REAL =       0
Cumulative IDENTIFYING CORRESPONDING CELLS Time:         CPU =       0,     REAL =       0
    Cumulative CHECKING PORTS Time:                      CPU =       0,     REAL =       0
Cumulative REALLOCATING PINS Time:                       CPU =       0,     REAL =       0
Cumulative WRITING XDB HIERARCHY Time:                   CPU =       0,     REAL =       0
Cumulative ADDING GLOBALS Time:                          CPU =       0,     REAL =       0
Cumulative RESOLVING DEEP SHORTS Time:                   CPU =       0,     REAL =       0
Cumulative RESOLVING HIGH SHORTS Time:                   CPU =       0,     REAL =       0
Cumulative DELETING TRIVIAL PINS Time:                   CPU =       0,     REAL =       0
Cumulative EXPANDING UNBALANCED CELLS Time:              CPU =       0,     REAL =       0
Cumulative TRANSFORMS AND FLATTENING Time:               CPU =       0,     REAL =       0
    Cumulative FLATTENING Time:                          CPU =       0,     REAL =       0
    Cumulative TRANSFORMS Time:                          CPU =       0,     REAL =       0
        Cumulative INJECTION Time:                       CPU =       0,     REAL =       0
            Cumulative COMPACTION Time:                  CPU =       0,     REAL =       0
        Cumulative REDUCTION Time:                       CPU =       0,     REAL =       0
        Cumulative GATES Time:                           CPU =       0,     REAL =       0
        Cumulative UNUSED Time:                          CPU =       0,     REAL =       0
Cumulative COMPARISON Time:                              CPU =       0,     REAL =       0
    Cumulative MERGE PRIMITIVE TEMPLATES Time:           CPU =       0,     REAL =       0
    Cumulative MERGE SUBGRAPH TEMPLATES Time:            CPU =       0,     REAL =       0
    Cumulative NBD AND AMBIGUITY Time:                   CPU =       0,     REAL =       0
        Cumulative NBD Time:                             CPU =       0,     REAL =       0
            Cumulative INITIAL NBD IDS Time:             CPU =       0,     REAL =       0
            Cumulative NEW NBD CONVERT Time:             CPU =       0,     REAL =       0
            Cumulative NEW NBD BACK CONVERT Time:        CPU =       0,     REAL =       0
            Cumulative NEW NBD ALG RUN Time:             CPU =       0,     REAL =       0
            Cumulative NEW NBD IDS Time:                 CPU =       0,     REAL =       0
            Cumulative MATCH NBD NODES Time:             CPU =       0,     REAL =       0
        Cumulative TPL Time:                             CPU =       0,     REAL =       0
        Cumulative BIN Time:                             CPU =       0,     REAL =       0
        Cumulative PRP Time:                             CPU =       0,     REAL =       0
        Cumulative AMBIGUITY Time:                       CPU =       0,     REAL =       0
            Cumulative AMBIGUITY BY PROPERTIES Time:     CPU =       0,     REAL =       0
            Cumulative AMBIGUITY BY SUBTYPES Time:       CPU =       0,     REAL =       0
            Cumulative AMBIGUITY HIERARCHICAL Time:      CPU =       0,     REAL =       0
            Cumulative AMBIGUITY ARBITRARY Time:         CPU =       0,     REAL =       0
    Cumulative REWIRE Time:                              CPU =       0,     REAL =       0
    Cumulative REPAIR Time:                              CPU =       0,     REAL =       0
Cumulative REPORT Time:                                  CPU =       0,     REAL =       0


LVS completed. CORRECT. See report file: fa.lvs.report

LVS completed.  CPU TIME = 0  REAL TIME = 0  LVHEAP = 67/69/69  MALLOC = 50/50/50  ELAPSED TIME = 0

--- LVS REPORT FILE = fa.lvs.report
--- CALIBRE::LVS/xRC EXECUTIVE MODULE COMPLETED.  CPU TIME = 0  REAL TIME = 0  LVHEAP = 2/5/69  MALLOC = 42/42/50  ELAPSED TIME = 0

--- CALIBRE::LVS/xRC COMPLETED - Wed Nov 28 16:08:51 2018
--- TOTAL CPU TIME = 0  REAL TIME = 0  LVHEAP = 2/5/69  MALLOC = 42/42/50  ELAPSED TIME = 0
--- XDB CROSS REFERENCE DATABASE = svdb/fa.xdb

--- SPICE NETLIST FILE = /home/dshadoa/Desktop/BPM/fa/lvs/./extracted.sp
--- CIRCUIT EXTRACTION REPORT FILE = fa.lvs.report.ext
--- PERSISTENT HIERARCHICAL DATABASE(PHDB) = svdb/fa.phdb
--- QUERY DATABASE = svdb  TOP CELL = fa

--- GRAND TOTAL CPU TIME = 0  REAL TIME = 0  LVHEAP = 2/5/69  MALLOC = 42/42/50  ELAPSED TIME = 0

