###############################################################
#  Generated by:      Cadence Innovus 17.11-s080_1
#  OS:                Linux x86_64(Host ID shire.ecen.okstate.edu)
#  Generated on:      Fri Dec  7 09:33:09 2018
#  Design:            bpm_pad
#  Command:           checkDesign -all
###############################################################

#########################################################
## Total instances with placement violations: 1
#########################################################

## Insts placed partly or wholly outside the core area (1) ##
#########################################################
### 1 (Preplaced) Out of Core Area>
set pchkOutOfCoreFixedList [list \
	{custom} \
	]

## Summary: 
#########################################################
## Number of Placed Instances = 1
##   of which 1 is fixed.
## Number of Unplaced Instances = 22
## Placement Density:1.29%(7416/576504)
## Placement Density (including fixed std cells):1.29%(7416/576504)
