###############################################################
#  Generated by:      Cadence Innovus 17.11-s080_1
#  OS:                Linux x86_64(Host ID shire.ecen.okstate.edu)
#  Generated on:      Fri Dec  7 09:33:09 2018
#  Design:            bpm_pad
#  Command:           checkDesign -all
###############################################################
Design: bpm_pad

------ Design Summary:
Total Standard Cell Number   (cells) : 22
Total Block Cell Number      (cells) : 1
Total I/O Pad Cell Number    (cells) : 28
Total Standard Cell Area     ( um^2) : 7416.00
Total Block Cell Area        ( um^2) : 74340.72
Total I/O Pad Cell Area      ( um^2) : 1008000.00

------ Design Statistics:

Number of Instances            : 51
Number of Non-uniquified Insts : 44
Number of Nets                 : 79
Average number of Pins per Net : 2.27
Maximum number of Pins in Net  : 6

------ I/O Port summary

Number of Primary I/O Ports    : 36
Number of Input Ports          : 18
Number of Output Ports         : 18
Number of Bidirectional Ports  : 0
Number of Power/Ground Ports   : 0



------------------------------------------------------------
Detail report:


------ I/O Pad/Port Checking


