//  Calibre Interactive - LVS  v2016.4_38.25    Tue Jan 3 14:54:06 PST 2017
//
//        Copyright Mentor Graphics Corporation 1996-2017
//                       All Rights Reserved.
//   THIS WORK CONTAINS TRADE SECRET AND PROPRIETARY INFORMATION
//      WHICH IS THE PROPERTY OF MENTOR GRAPHICS CORPORATION
//        OR ITS LICENSORS AND IS SUBJECT TO LICENSE TERMS.
//
//  Mentor Graphics software executing under x86-64 Linux
//
//  Running on Linux shire.ecen.okstate.edu 2.6.32-696.30.1.el6.x86_64 #1 SMP Fri May 18 11:50:44 EDT 2018 x86_64
//  64 bit virtual addressing enabled
//
//  Starting time: Tue Dec  4 19:37:22 2018
//
//  calinteractive license acquired.
//  Calibre Interactive authorized.
*lvsPowerNames: vdd
*lvsMaskDBFile: top.maskdb
*lvsLayoutPrimary: top
*lvsSpiceFile: extracted.sp
*lvsIgnorePorts: 1
*cmnVConnectNamesState: ALL
*lvsSourcePath: ../../datapath8/sue/top.sp
*lvsSourceSystem: SPICE
*cmnFDILayerMapFile: /classes/ecen4303F18/calibre/layer.map
*lvsERCDatabase: top.erc.db
*lvsERCSummaryFile: top.erc.summary
*lvsRulesFile: /classes/ecen4303F18/calibre/calibreLVS_scn3me_subm.rul
*lvsGroundNames: gnd
*cmnFDIUseLayerMap: 1
*lvsReportFile: top.lvs.report
*lvsRunDir: .
*lvsSourcePrimary: top
*cmnShowOptions: 1
*lvsLayoutPaths: ../magic/top.gds
Verifying the source netlist is complete before starting the run

MGC_HOME = /programs/mentor/aoi_cal_2016.4_38.25
$MGC_HOME/bin/calibre -spice /home/dshadoa/Desktop/BPM/top/lvs/./extracted.sp -lvs -hier -nowait /home/dshadoa/Desktop/BPM/top/lvs/./_calibreLVS_scn3me_subm.rul_

//  Calibre v2016.4_38.25    Tue Jan 3 14:54:06 PST 2017
//  Calibre Utility Library   v0-2_8-2016-2    Tue Feb 9 23:45:01 PST 2016
//  Litho Libraries v2016.4_38.25  Tue Jan 3 14:54:06 PST 2017
//
//        Copyright Mentor Graphics Corporation 1996-2017
//                       All Rights Reserved.
//   THIS WORK CONTAINS TRADE SECRET AND PROPRIETARY INFORMATION
//      WHICH IS THE PROPERTY OF MENTOR GRAPHICS CORPORATION
//        OR ITS LICENSORS AND IS SUBJECT TO LICENSE TERMS.
//
//  Mentor Graphics software executing under x86-64 Linux
//
//  Running on Linux shire.ecen.okstate.edu 2.6.32-696.30.1.el6.x86_64 #1 SMP Fri May 18 11:50:44 EDT 2018 x86_64 glibc 2.12/NPTL 2.12
//
//  Entries in /proc/meminfo:
//
//  MemTotal:       132118976 kB
//  MemFree:        109377536 kB
//  Buffers:          314704 kB
//  Cached:         13028688 kB
//  SwapCached:            0 kB
//  Active:         15289780 kB
//  Inactive:        5106708 kB
//  Active(anon):    7085240 kB
//  Inactive(anon):    55928 kB
//  Active(file):    8204540 kB
//  Inactive(file):  5050780 kB
//  Unevictable:           0 kB
//  Mlocked:               0 kB
//  SwapTotal:       4194300 kB
//  SwapFree:        4194300 kB
//  Dirty:              1272 kB
//  Writeback:             4 kB
//  AnonPages:       7049396 kB
//  Mapped:           226408 kB
//  Shmem:             88080 kB
//  Slab:            1129900 kB
//  SReclaimable:     854332 kB
//  SUnreclaim:       275568 kB
//  KernelStack:       24144 kB
//  PageTables:       356560 kB
//  NFS_Unstable:          0 kB
//  Bounce:                0 kB
//  WritebackTmp:          0 kB
//  CommitLimit:    70253788 kB
//  Committed_AS:   13296836 kB
//  VmallocTotal:   34359738367 kB
//  VmallocUsed:      512768 kB
//  VmallocChunk:   34291666332 kB
//  HardwareCorrupted:     0 kB
//  AnonHugePages:   5109760 kB
//  HugePages_Total:       0
//  HugePages_Free:        0
//  HugePages_Rsvd:        0
//  HugePages_Surp:        0
//  Hugepagesize:       2048 kB
//  DirectMap4k:        7844 kB
//  DirectMap2M:     3102720 kB
//  DirectMap1G:    131072000 kB
//
//  User limits:
//
//  Data size: unlimited
//  RSS: unlimited
//  Stack size: 10485760 kB
//  Max user processes: 1024
//  VM: unlimited
//
//  Processor Intel(R) Xeon(R) CPU E5-4617 0 @ 2.90GHz [062d7]
//  CPU Info: Cores = 12, SMT capable but is disabled
//  Max file descriptors: 1024
//  64 bit virtual addressing enabled
//  Running aoi_cal_2016.4_38.25/pkgs/icv/pvt/calibre -spice /home/dshadoa/Desktop/BPM/top/lvs/./extracted.sp -lvs -hier -nowait /home/dshadoa/Desktop/BPM/top/lvs/./_calibreLVS_scn3me_subm.rul_
//  Process ID: 21373
//
//  Starting time: Tue Dec  4 19:37:24 2018
//
//  Running on 1 CPU (pending licensing) 
//
//

--------------------------------------------------------------------------------
--------------------------------------------------------------------------------
-----          STANDARD VERIFICATION RULE FILE COMPILATION MODULE          -----
--------------------------------------------------------------------------------
--------------------------------------------------------------------------------

--- RULE FILE = /home/dshadoa/Desktop/BPM/top/lvs/./_calibreLVS_scn3me_subm.rul_

//
//  Rule file generated on Tue Dec 04 19:37:24 CST 2018
//     by Calibre Interactive - LVS (v2016.4_38.25)
//
//      *** PLEASE DO NOT MODIFY THIS FILE ***
//
//

LAYOUT PATH  "/home/dshadoa/Desktop/BPM/top/lvs/./../magic/top.gds"
LAYOUT PRIMARY "top"
LAYOUT SYSTEM GDSII

SOURCE PATH "/home/dshadoa/Desktop/BPM/top/lvs/./../../datapath8/sue/top.sp"
SOURCE PRIMARY "top"
SOURCE SYSTEM SPICE

MASK SVDB DIRECTORY "svdb" QUERY

LVS REPORT "top.lvs.report"

LVS REPORT OPTION NONE
LVS FILTER UNUSED OPTION NONE SOURCE
LVS FILTER UNUSED OPTION NONE LAYOUT
LVS REPORT MAXIMUM 50
LVS POWER NAME
	"vdd"

LVS GROUND NAME
	"gnd"


LVS RECOGNIZE GATES ALL


LVS ABORT ON SOFTCHK NO
LVS ABORT ON SUPPLY ERROR YES
LVS IGNORE PORTS YES
LVS SHOW SEED PROMOTIONS NO
LVS SHOW SEED PROMOTIONS MAXIMUM 50

LVS ISOLATE SHORTS NO


VIRTUAL CONNECT COLON NO
VIRTUAL CONNECT REPORT NO
VIRTUAL CONNECT NAME ?

LVS EXECUTE ERC YES
ERC RESULTS DATABASE "top.erc.db"
ERC SUMMARY REPORT "top.erc.summary" REPLACE HIER
ERC CELL NAME YES CELL SPACE XFORM
ERC MAXIMUM RESULTS 1000
ERC MAXIMUM VERTEX 4096

DRC ICSTATION YES


INCLUDE "/classes/ecen4303F18/calibre/calibreLVS_scn3me_subm.rul"



--- STANDARD VERIFICATION RULE FILE COMPILATION MODULE COMPLETED.  CPU TIME = 0  REAL TIME = 0  LVHEAP = 1/3/3

--- CALIBRE_* ENVIRONMENT VARIABLES:

CALIBRE_CMD_LINE='/programs/mentor/aoi_cal_2016.4_38.25/pkgs/icv/pvt/calibre  -spice /home/dshadoa/Desktop/BPM/top/lvs/./extracted.sp -lvs -hier -nowait /home/dshadoa/Desktop/BPM/top/lvs/./_calibreLVS_scn3me_subm.rul_'
CALIBRE_HOME=/programs/mentor/aoi_cal_2016.4_38.25
CALIBRE_INITIAL_CMD_LINE='/programs/mentor/aoi_cal_2016.4_38.25/bin/calibre -spice /home/dshadoa/Desktop/BPM/top/lvs/./extracted.sp -lvs -hier -nowait /home/dshadoa/Desktop/BPM/top/lvs/./_calibreLVS_scn3me_subm.rul_'
CALIBRE_READDB_LD_LIBRARY_PATH=/programs/mentor/aoi_cal_2016.4_38.25/shared/pkgs/icv/tools/calibre_client/lib/64:/programs/mentor/aoi_cal_2016.4_38.25/pkgs/calibre_base/lib64:/programs/mentor/aoi_cal_2016.4_38.25/pkgs/icv_lib/lib64:/programs/mentor/aoi_cal_2016.4_38.25/pkgs/icv_qt_comp/plugins:/programs/mentor/aoi_cal_2016.4_38.25/pkgs/umc_libs/lib/lnx32:/programs/mentor/aoi_cal_2016.4_38.25/shared/pkgs/icv_oa/22.41.004/lib/linux_rhel40_gcc44x_64/opt
CALIBRE_SKIP_OS_CHECKS=
CALIBRE_SSE3_SUPPORTED=1

--- CALIBRE::HIERARCHICAL CIRCUIT EXTRACTOR - Tue Dec  4 19:37:24 2018

//  Applying licensing policy...
//  calibrehlvs license acquired.
//  calibrelvs license acquired.

//  Licensed Products
//  -----------------
//  Base products running on 1 core:
//  - LVS (Hierarchical)
//  - LVS Extraction

--------------------------------------------------------------------------------
--------------------------------------------------------------------------------
-----                   CALIBRE LAYOUT DATA INPUT MODULE                   -----
--------------------------------------------------------------------------------
--------------------------------------------------------------------------------

--- LAYOUT SYSTEM = GDS
--- LAYOUT MAGNIFICATION = 1

--------------------------------------------------------------------------------
-----                     GDS FILE SUMMARY INFORMATION                     -----
--------------------------------------------------------------------------------

GDS FILENAME:        /home/dshadoa/Desktop/BPM/top/lvs/./../magic/top.gds
GDS VERSION:         3
LIBRARY NAME:        top
LAST MODIFIED:       ON 2018/12/4 AT 19:19:59
LAST ACCESSED:       ON 2018/12/4 AT 19:20:15
DATABASE PRECISION:  0.001 user units per database unit
PHYSICAL PRECISION:  1e-09 meters per database unit
MAGNIFICATION:       1

--------------------------------------------------------------------------------
-----                 GDS INPUT DATA FOR INDIVIDUAL CELLS                  -----
--------------------------------------------------------------------------------
     CELL NAME                  PLACEMENTS   ARRAYS   POLYGONS    PATHS    TEXTS
--------------------------------------------------------------------------------
______fa_magic_fa                        0        0        387        0        7
______mux21_magic_mux21                  0        0         56        0        6
______inv_magic_inverter                 0        0         40        0        4
______bc1a_magic_bc1a                    2        0        103        0        4
______nand_magic_nand                    0        0         65        0        4
______dffpos_magic_dffpos                0        0        278        0        4
bs1                                      4        0         73        0       12
bs2                                      3        0        175        0       13
top                                      0        2        116        0       38

NOTE: UNUSED geometric data is present on the following layer/datatype pairs:

NOTE: USED geometric data is present on the following layer/datatype pairs:
    SIMPLE LAYER = 41
        LAYER = 41 DATATYPE = 0
    SIMPLE LAYER = 42
        LAYER = 42 DATATYPE = 0
    SIMPLE LAYER = 43
        LAYER = 43 DATATYPE = 0
    SIMPLE LAYER = 44
        LAYER = 44 DATATYPE = 0
    SIMPLE LAYER = 45
        LAYER = 45 DATATYPE = 0
    SIMPLE LAYER = 46
        LAYER = 46 DATATYPE = 0
    SIMPLE LAYER = 47
        LAYER = 47 DATATYPE = 0
    SIMPLE LAYER = 48
        LAYER = 48 DATATYPE = 0
    SIMPLE LAYER = 49
        LAYER = 49 DATATYPE = 0
    SIMPLE LAYER = 50
        LAYER = 50 DATATYPE = 0
    SIMPLE LAYER = 51
        LAYER = 51 DATATYPE = 0
    SIMPLE LAYER = 61
        LAYER = 61 DATATYPE = 0
    SIMPLE LAYER = 62
        LAYER = 62 DATATYPE = 0

NOTE: The following required simple layers are EMPTY:
    25

--- LAYOUT DATABASE CONSTRUCTOR COMPLETED.  CPU TIME = 0  REAL TIME = 0  LVHEAP = 3/4/67

CONSTRUCTING HIERARCHICAL DATABASE
    COPYING LAYOUT DATABASE
    PROCESSING TEXT
    ELIMINATING DUPLICATE TEXT
    ELIMINATING EMPTY CELLS
    COMPUTING RECTANGULAR EXTENTS
    ELIMINATING DUPLICATE PLACEMENTS
    IDENTIFYING TOP LAYER CELLS
    IDENTIFYING ADDITIONAL TOP LAYER CELLS
    IDENTIFYING VERY SMALL CELLS
    CHECKING ACUTE/SKEW/ANGLED/OFFGRID
    FLATTENING VERY SMALL CELL PLACEMENTS
    FLATTENING SELECTED TOP LAYER CELL PLACEMENTS
    FLATTENING SELECTED LAYERS
    EXPANDING UNIQUE ICV PLACEMENTS
    EXPANDING LARGE TOP LAYER CELL PLACEMENTS
    COMPUTING RECTILINEAR EXTENTS
    SORTING PLACEMENTS
    ELIMINATING DUPLICATE PLACEMENTS
    EXPANDING UNIQUE TRANSPARENT CELL PLACEMENTS
    EXPANDING UNIQUE LIGHT-WEIGHT CELL PLACEMENTS
        ______inv_magic_inverter in ______bc1a_magic_bc1a at (2.7,-4.2)
        ______mux21_magic_mux21 in ______bc1a_magic_bc1a at (2.4,22.8)
        ______fa_magic_fa in bs1 at (11.7,25.8)
    EXPANDING TRIVIAL CELL PLACEMENTS
    EXPANDING VERY SPARSE ARRAY PLACEMENTS
    EXPANDING LARGE CELL ARRAY PLACEMENTS
        bs2 [1x8] in top at (72.9,0)
        bs1 [1x8] in top at (0,0)
    EXPANDING VERY SPARSE CELL PLACEMENTS
    ELIMINATING DUPLICATE SUPER-HIERARCHICAL PLACEMENTS
    PROCESSING LAYOUT BLOAT LAYERS (auto-detected)
    PROCESSING LARGE CELL EXTENT-BLOATING LAYERS
    EXPANDING DENSE OVERLAPS
    EXPANDING UNIQUE META-CELL PLACEMENTS
    IDENTIFYING MULTI-CORE CELLS
    INJECTING HIERARCHY
        top (priority4)
    COMPUTING RECTANGULAR EXTENTS
    COMPUTING RECTILINEAR EXTENTS
    SORTING PLACEMENTS
    PUSHING VERY SMALL CELL PLACEMENTS
    PUSHING TOP LAYER CELL PLACEMENTS
    FLATTENING VERY SMALL CELL PLACEMENTS
    FLATTENING SMALL TOP LAYER CELL PLACEMENTS
    COMPUTING CELL-TO-WORLD TRANSFORMS
    SORTING PLACEMENTS
    PACKING HIERARCHY
    COMPUTING PLACEMENT OVERLAP RECORDS
    COMPUTING CELL OVERLAP AREAS
    INTERSECTING PLACEMENTS AND OVERLAP AREAS
HIERARCHICAL DATABASE CONSTRUCTOR COMPLETE.
CPU TIME = 0  REAL TIME = 0  LVHEAP = 2/5/67

--------------------------------------------------------------------------------
-----               TEXT OBJECTS FOR CONNECTIVITY EXTRACTION               -----
--------------------------------------------------------------------------------

init (0.3,-12.6) 49 top                 vdd (0.3,-9.9) 49 top
gnd (0.3,-7.2) 49 top                   clk (0.3,-4.5) 49 top
en (0.3,-1.8) 49 top                    cout (53.4,0.3) 51 top
q_15 (72.3,18.9) 49 top                 q_14 (72.3,72.9) 49 top
q_13 (72.3,126.9) 49 top                q_12 (72.3,180.9) 49 top
q_11 (72.3,234.9) 49 top                q_10 (72.3,288.9) 49 top
q_9 (72.3,342.9) 49 top                 q_8 (72.3,396.9) 49 top
q_7 (152.4,14.1) 49 top                 mplier_7 (152.4,37.8) 49 top
mcand_7 (152.4,39.9) 49 top             q_6 (152.4,68.1) 49 top
mplier_6 (152.4,91.8) 49 top            mcand_6 (152.4,93.9) 49 top
q_5 (152.4,122.1) 49 top                mplier_5 (152.4,145.8) 49 top
mcand_5 (152.4,147.9) 49 top            q_4 (152.4,176.1) 49 top
mplier_4 (152.4,199.8) 49 top           mcand_4 (152.4,201.9) 49 top
q_3 (152.4,230.1) 49 top                mplier_3 (152.4,253.8) 49 top
mcand_3 (152.4,255.9) 49 top            q_2 (152.4,284.1) 49 top
mplier_2 (152.4,307.8) 49 top           mcand_2 (152.4,309.9) 49 top
q_1 (152.4,338.1) 49 top                mplier_1 (152.4,361.8) 49 top
mcand_1 (152.4,363.9) 49 top            q_0 (152.4,392.1) 49 top
mplier_0 (152.4,415.8) 49 top           mcand_0 (152.4,417.9) 49 top
muxA_out (-12.9,29.7) 62 bs2            vdd (-11.7,1.5) 51 bs2
gnd (-9.6,0.3) 51 bs2                   en (-7.5,0) 51 bs2
clk (-5.4,0) 51 bs2                     q0 (-3.3,51.9) 51 bs2
muxA_in (-1.2,-0.3) 51 bs2              muxB_out (-1.2,51.6) 51 bs2
Init (0.9,-0.3) 51 bs2                  muxB_in (5.1,16.2) 51 bs2
Out (65.4,13.5) 49 bs2                  mplier (65.4,36.9) 49 bs2
mcand (65.4,38.7) 49 bs2                vdd (-6.6,0.3) 49 bs1
gnd (-6.6,26.1) 49 bs1                  vdd (-6.6,51.9) 49 bs1
en (-6,-0.3) 51 bs1                     clk (-3.6,-0.3) 51 bs1
Init (0.9,0) 51 bs1                     Cout (46.2,-0.6) 51 bs1
Cin (46.2,52.5) 51 bs1                  muxA_in (61.5,0) 62 bs1
add_out (61.5,52.5) 62 bs1              Out (65.1,18) 49 bs1
fa_in (65.1,29.4) 62 bs1
clk_b (6.9,13.5) 49 ______dffpos_magic_dffpos
D (7.2,21.9) 51 ______dffpos_magic_dffpos
clk (12.9,13.5) 49 ______dffpos_magic_dffpos
Q (40.5,13.5) 49 ______dffpos_magic_dffpos
gnd (3,0) 49 ______nand_magic_nand      vdd (3,23.4) 49 ______nand_magic_nand
reg_in (2.1,26.7) 49 ______bc1a_magic_bc1a
gnd (2.4,22.5) 49 ______bc1a_magic_bc1a
a_in (4.2,9.6) 51 ______bc1a_magic_bc1a
b_in (4.2,11.7) 51 ______bc1a_magic_bc1a

--------------------------------------------------------------------------------
-----                TEXT OBJECTS FOR WITH TEXT OPERATIONS                 -----
--------------------------------------------------------------------------------


--------------------------------------------------------------------------------
-----               TEXT OBJECTS FOR EXPAND TEXT OPERATIONS                -----
--------------------------------------------------------------------------------


--------------------------------------------------------------------------------
-----                  TEXT OBJECTS FOR CAPI OPERATIONS                    -----
--------------------------------------------------------------------------------


--------------------------------------------------------------------------------
-----                                PORTS                                 -----
--------------------------------------------------------------------------------

init (0.3,-12.6) 49 top                 vdd (0.3,-9.9) 49 top
gnd (0.3,-7.2) 49 top                   clk (0.3,-4.5) 49 top
en (0.3,-1.8) 49 top                    cout (53.4,0.3) 51 top
q_15 (72.3,18.9) 49 top                 q_14 (72.3,72.9) 49 top
q_13 (72.3,126.9) 49 top                q_12 (72.3,180.9) 49 top
q_11 (72.3,234.9) 49 top                q_10 (72.3,288.9) 49 top
q_9 (72.3,342.9) 49 top                 q_8 (72.3,396.9) 49 top
q_7 (152.4,14.1) 49 top                 mplier_7 (152.4,37.8) 49 top
mcand_7 (152.4,39.9) 49 top             q_6 (152.4,68.1) 49 top
mplier_6 (152.4,91.8) 49 top            mcand_6 (152.4,93.9) 49 top
q_5 (152.4,122.1) 49 top                mplier_5 (152.4,145.8) 49 top
mcand_5 (152.4,147.9) 49 top            q_4 (152.4,176.1) 49 top
mplier_4 (152.4,199.8) 49 top           mcand_4 (152.4,201.9) 49 top
q_3 (152.4,230.1) 49 top                mplier_3 (152.4,253.8) 49 top
mcand_3 (152.4,255.9) 49 top            q_2 (152.4,284.1) 49 top
mplier_2 (152.4,307.8) 49 top           mcand_2 (152.4,309.9) 49 top
q_1 (152.4,338.1) 49 top                mplier_1 (152.4,361.8) 49 top
mcand_1 (152.4,363.9) 49 top            q_0 (152.4,392.1) 49 top
mplier_0 (152.4,415.8) 49 top           mcand_0 (152.4,417.9) 49 top
muxA_out (-12.9,29.7) 62 bs2            vdd (-11.7,1.5) 51 bs2
gnd (-9.6,0.3) 51 bs2                   en (-7.5,0) 51 bs2
clk (-5.4,0) 51 bs2                     q0 (-3.3,51.9) 51 bs2
muxA_in (-1.2,-0.3) 51 bs2              muxB_out (-1.2,51.6) 51 bs2
Init (0.9,-0.3) 51 bs2                  muxB_in (5.1,16.2) 51 bs2
Out (65.4,13.5) 49 bs2                  mplier (65.4,36.9) 49 bs2
mcand (65.4,38.7) 49 bs2                vdd (-6.6,0.3) 49 bs1
gnd (-6.6,26.1) 49 bs1                  vdd (-6.6,51.9) 49 bs1
en (-6,-0.3) 51 bs1                     clk (-3.6,-0.3) 51 bs1
Init (0.9,0) 51 bs1                     Cout (46.2,-0.6) 51 bs1
Cin (46.2,52.5) 51 bs1                  muxA_in (61.5,0) 62 bs1
add_out (61.5,52.5) 62 bs1              Out (65.1,18) 49 bs1
fa_in (65.1,29.4) 62 bs1
clk_b (6.9,13.5) 49 ______dffpos_magic_dffpos
D (7.2,21.9) 51 ______dffpos_magic_dffpos
clk (12.9,13.5) 49 ______dffpos_magic_dffpos
Q (40.5,13.5) 49 ______dffpos_magic_dffpos
gnd (3,0) 49 ______nand_magic_nand      vdd (3,23.4) 49 ______nand_magic_nand
reg_in (2.1,26.7) 49 ______bc1a_magic_bc1a
gnd (2.4,22.5) 49 ______bc1a_magic_bc1a
a_in (4.2,9.6) 51 ______bc1a_magic_bc1a
b_in (4.2,11.7) 51 ______bc1a_magic_bc1a

--------------------------------------------------------------------------------
-----             LAYER READ SUMMARY (SIMPLE LAYER GEOMETRIES)             -----
--------------------------------------------------------------------------------
SIMPLE LAYER      GEOMETRIES                                                    
--------------------------------------------------------------------------------

  25                     0
  41                    22
  42                    62
  43                   114
  44                    28
  45                    29
  46                   177
  47                    40
  48                   334
  49                   276
  50                    77
  51                   119
  61                     6
  62                     9

--------------------------------------------------------------------------------
-----            LAYER READ SUMMARY (ORIGINAL LAYER GEOMETRIES)            -----
--------------------------------------------------------------------------------
ORIGINAL LAYER       INITIAL GEOMETRIES                 FINAL GEOMETRIES        
--------------------------------------------------------------------------------

pimplant                  28 (328)                         28 (328)             
active                   114 (1376)                       114 (1376)            
nimplant                  29 (336)                         29 (336)             
poly                     177 (2240)                       177 (2240)            
pwell                     22 (280)                         22 (280)             
nwell                     62 (298)                         62 (298)             
via1                      77 (712)                         77 (712)             
metal1                   276 (2733)                       276 (2733)            
metal2                   119 (1039)                       119 (1039)            
via2                       6 (34)                           6 (34)              
metal3                     9 (44)                           9 (44)              
contact                    0 (0)                            0 (0)               
active_contact           334 (3952)                       334 (3952)            
poly_contact              40 (496)                         40 (496)             

--------------------------------------------------------------------------------
-----         LAYER READ SUMMARY (TEXT FOR CONNECTIVITY EXTRACTION)        -----
--------------------------------------------------------------------------------
SIMPLE LAYER              TEXTS                                                 
--------------------------------------------------------------------------------

  49                      51 (205)             
  51                      18 (161)             
  62                       4 (32)              

--------------------------------------------------------------------------------
-----          LAYER READ SUMMARY (TEXT FOR WITH TEXT OPERATIONS)          -----
--------------------------------------------------------------------------------
SIMPLE LAYER              TEXTS                                                 
--------------------------------------------------------------------------------


--------------------------------------------------------------------------------
-----         LAYER READ SUMMARY (TEXT FOR EXPAND TEXT OPERATIONS)         -----
--------------------------------------------------------------------------------
SIMPLE LAYER              TEXTS                                                 
--------------------------------------------------------------------------------


--------------------------------------------------------------------------------
-----            LAYER READ SUMMARY (TEXT FOR CAPI OPERATIONS)             -----
--------------------------------------------------------------------------------
SIMPLE LAYER              TEXTS                                                 
--------------------------------------------------------------------------------


--------------------------------------------------------------------------------
-----                      LAYER READ SUMMARY (PORTS)                      -----
--------------------------------------------------------------------------------
SIMPLE LAYER              TEXTS                                                 
--------------------------------------------------------------------------------

  49                      51 (205)             
  51                      18 (161)             
  62                       4 (32)              

--------------------------------------------------------------------------------
-----                      CELL AND PLACEMENT SUMMARY                      -----
--------------------------------------------------------------------------------
CELL TYPE                 CELLS           PLACEMENTS       FLAT PLACEMENTS      
--------------------------------------------------------------------------------

USER                          6                    8                    64
 VERY SMALL                   0                    0                     0
 TOP LAYER                    0                    0                     0
  VERY SMALL                  0                    0                     0
PSEUDO                        2                    6                    12
TOTAL                         8                   14                    76

--------------------------------------------------------------------------------
-----                   LAYOUT DATA INPUT MODULE SUMMARY                   -----
--------------------------------------------------------------------------------

--- TOTAL GEOMETRIES READ FROM SIMPLE LAYERS = 1293
--- TOTAL GEOMETRIES READ FROM ORIGINAL LAYERS = 1293 (13868)
--- TOTAL GEOMETRIES WRITTEN TO ORIGINAL LAYERS = 1293 (13868)
--- LVHEAP = 2/5/67
--- DATABASE EXTENT = [ 0 , -13.5 ] -> [ 153 , 434.1 ]
--- GEOMETRIC DEPTH = ALL
--- TEXT DEPTH FOR CONNECTIVITY EXTRACTION = PRIMARY
--- TOTAL TEXT OBJECTS FOR CONNECTIVITY EXTRACTION = 73 (398)
--- TOTAL TEXT OBJECTS FOR WITH TEXT OPERATIONS = 0 (0)
--- TOTAL TEXT OBJECTS FOR EXPAND TEXT OPERATIONS = 0 (0)
--- TOTAL TEXT OBJECTS FOR CAPI OPERATIONS = 0 (0)
--- TOTAL PORT OBJECTS = 73 (398)
--- GEOMETRY FLAGGING = ACUTE (NO)  SKEW (NO)  ANGLED (NO)  OFFGRID (NO)
                        NONSIMPLE POLYGON (NO)  NONSIMPLE PATH (NO)
--- PRIMARY CELL = top
--- EXCLUDED CELLS =
--- LAYOUT BASE LAYER = (NOT SPECIFIED)
--- LAYOUT TOP LAYER = (NOT SPECIFIED)

--- CALIBRE LAYOUT DATA INPUT MODULE COMPLETED.  CPU TIME = 0  REAL TIME = 0

--------------------------------------------------------------------------------
--------------------------------------------------------------------------------
-----      CALIBRE::HIERARCHICAL CIRCUIT EXTRACTOR - EXECUTIVE MODULE      -----
--------------------------------------------------------------------------------
--------------------------------------------------------------------------------

via1 = OR via1
--------------
via1 (HIER TYP=1 CFG=3 HGC=77 FGC=712 HEC=308 FEC=2848 IGC=17 VHC=F VPC=F)
CPU TIME = 0  REAL TIME = 0  LVHEAP = 2/5/67  MALLOC = 36/36/36  OPS COMPLETE = 1 OF 29  ELAPSED TIME = 0

Original Layer via1 DELETED -- LVHEAP = 2/5/67

metal1 = OR metal1
------------------
metal1 (HIER TYP=1 CFG=3 HGC=144 FGC=1133 HEC=872 FEC=7924 IGC=67 VHC=F VPC=F)
CPU TIME = 0  REAL TIME = 0  LVHEAP = 2/5/67  MALLOC = 36/36/36  OPS COMPLETE = 2 OF 29  ELAPSED TIME = 0

Original Layer metal1 DELETED -- LVHEAP = 2/5/67

metal2 = OR metal2
------------------
metal2 (HIER TYP=1 CFG=3 HGC=60 FGC=476 HEC=360 FEC=3062 IGC=87 VHC=F VPC=F)
CPU TIME = 0  REAL TIME = 0  LVHEAP = 2/5/67  MALLOC = 36/36/36  OPS COMPLETE = 3 OF 29  ELAPSED TIME = 0

Original Layer metal2 DELETED -- LVHEAP = 2/5/67

via2 = OR via2
--------------
via2 (HIER TYP=1 CFG=3 HGC=6 FGC=34 HEC=24 FEC=136 IGC=3 VHC=F VPC=F)
CPU TIME = 0  REAL TIME = 0  LVHEAP = 2/5/67  MALLOC = 36/36/36  OPS COMPLETE = 4 OF 29  ELAPSED TIME = 0

Original Layer via2 DELETED -- LVHEAP = 2/5/67

metal3 = OR metal3
------------------
metal3 (HIER TYP=1 CFG=3 HGC=6 FGC=34 HEC=30 FEC=156 IGC=20 VHC=F VPC=F)
CPU TIME = 0  REAL TIME = 0  LVHEAP = 2/5/67  MALLOC = 36/36/36  OPS COMPLETE = 5 OF 29  ELAPSED TIME = 0

Original Layer metal3 DELETED -- LVHEAP = 2/5/67

contact = OR contact
--------------------
contact (HIER TYP=1 CFG=3 HGC=0 FGC=0 HEC=0 FEC=0 IGC=0 VHC=F VPC=F)
CPU TIME = 0  REAL TIME = 0  LVHEAP = 2/5/67  MALLOC = 36/36/36  OPS COMPLETE = 6 OF 29  ELAPSED TIME = 0

Original Layer contact DELETED -- LVHEAP = 2/5/67

poly = OR poly
--------------
poly (HIER TYP=1 CFG=3 HGC=40 FGC=496 HEC=436 FEC=5504 IGC=7 VHC=F VPC=F)
CPU TIME = 0  REAL TIME = 0  LVHEAP = 2/5/67  MALLOC = 36/36/36  OPS COMPLETE = 7 OF 29  ELAPSED TIME = 0

Original Layer poly DELETED -- LVHEAP = 2/5/67

active = OR active
------------------
active (HIER TYP=1 CFG=1 HGC=114 FGC=1376 HEC=456 FEC=5504 IGC=17 VHC=F VPC=F)
CPU TIME = 0  REAL TIME = 0  LVHEAP = 2/5/67  MALLOC = 36/36/36  OPS COMPLETE = 8 OF 29  ELAPSED TIME = 0

Original Layer active DELETED -- LVHEAP = 2/5/67

pimplant = OR pimplant
----------------------
pimplant (HIER TYP=1 CFG=1 HGC=26 FGC=304 HEC=108 FEC=1264 IGC=9 VHC=F VPC=F)
CPU TIME = 0  REAL TIME = 0  LVHEAP = 2/5/67  MALLOC = 36/36/36  OPS COMPLETE = 9 OF 29  ELAPSED TIME = 0

Original Layer pimplant DELETED -- LVHEAP = 2/5/67

pdif = active AND pimplant
--------------------------
pdif (HIER TYP=1 CFG=0 HGC=57 FGC=688 HEC=228 FEC=2752 IGC=9 VHC=F VPC=F)
CPU TIME = 0  REAL TIME = 0  LVHEAP = 2/5/67  MALLOC = 36/36/36  OPS COMPLETE = 10 OF 29  ELAPSED TIME = 0

pgate = poly AND pdif
---------------------
pgate (HIER TYP=1 CFG=1 HGC=37 FGC=456 HEC=148 FEC=1824 IGC=3 VHC=F VPC=F)
CPU TIME = 0  REAL TIME = 0  LVHEAP = 2/5/67  MALLOC = 36/36/36  OPS COMPLETE = 11 OF 29  ELAPSED TIME = 0

psrcdrn = pdif NOT pgate
------------------------
psrcdrn (HIER TYP=1 CFG=3 HGC=94 FGC=1144 HEC=376 FEC=4576 IGC=11 VHC=F VPC=F)
CPU TIME = 0  REAL TIME = 0  LVHEAP = 2/5/67  MALLOC = 36/36/36  OPS COMPLETE = 12 OF 29  ELAPSED TIME = 0

Layer pdif DELETED -- LVHEAP = 2/5/67

nimplant = OR nimplant
----------------------
nimplant (HIER TYP=1 CFG=1 HGC=25 FGC=288 HEC=108 FEC=1248 IGC=9 VHC=F VPC=F)
CPU TIME = 0  REAL TIME = 0  LVHEAP = 2/5/67  MALLOC = 36/36/36  OPS COMPLETE = 13 OF 29  ELAPSED TIME = 0

Original Layer nimplant DELETED -- LVHEAP = 2/5/67

ndif = active AND nimplant
--------------------------
ndif (HIER TYP=1 CFG=0 HGC=57 FGC=688 HEC=228 FEC=2752 IGC=8 VHC=F VPC=F)
CPU TIME = 0  REAL TIME = 0  LVHEAP = 2/5/67  MALLOC = 36/36/36  OPS COMPLETE = 14 OF 29  ELAPSED TIME = 0

ngate = poly AND ndif
---------------------
ngate (HIER TYP=1 CFG=1 HGC=37 FGC=456 HEC=148 FEC=1824 IGC=2 VHC=F VPC=F)
CPU TIME = 0  REAL TIME = 0  LVHEAP = 2/5/67  MALLOC = 36/36/36  OPS COMPLETE = 15 OF 29  ELAPSED TIME = 0

nsrcdrn = ndif NOT ngate
------------------------
nsrcdrn (HIER TYP=1 CFG=3 HGC=94 FGC=1144 HEC=376 FEC=4576 IGC=10 VHC=F VPC=F)
CPU TIME = 0  REAL TIME = 0  LVHEAP = 2/5/67  MALLOC = 36/36/36  OPS COMPLETE = 16 OF 29  ELAPSED TIME = 0

Layer ndif DELETED -- LVHEAP = 2/5/67

pwell = OR pwell
----------------
pwell (HIER TYP=1 CFG=3 HGC=5 FGC=64 HEC=62 FEC=752 IGC=3 VHC=F VPC=F)
CPU TIME = 0  REAL TIME = 0  LVHEAP = 2/5/67  MALLOC = 36/36/36  OPS COMPLETE = 17 OF 29  ELAPSED TIME = 0

Original Layer pwell DELETED -- LVHEAP = 2/5/67

pcont = psrcdrn AND pwell
-------------------------
pcont (HIER TYP=1 CFG=3 HGC=40 FGC=496 HEC=160 FEC=1984 IGC=5 VHC=F VPC=F)
CPU TIME = 0  REAL TIME = 0  LVHEAP = 2/5/67  MALLOC = 36/36/36  OPS COMPLETE = 18 OF 29  ELAPSED TIME = 0

bulk = EXTENT
-------------
bulk (HIER-LSL TYP=1 CFG=0 HGC=7 FGC=66 HEC=42 FEC=376 IGC=9 VHC=F VPC=F)
CPU TIME = 0  REAL TIME = 0  LVHEAP = 2/5/67  MALLOC = 36/36/36  OPS COMPLETE = 19 OF 29  ELAPSED TIME = 0

TMP<1> = bulk NOT pwell
-----------------------
TMP<1> (HIER TYP=1 CFG=0 HGC=9 FGC=90 HEC=80 FEC=856 IGC=11 VHC=F VPC=F)
CPU TIME = 0  REAL TIME = 0  LVHEAP = 2/5/67  MALLOC = 36/36/36  OPS COMPLETE = 20 OF 29  ELAPSED TIME = 0

Layer bulk DELETED -- LVHEAP = 2/5/67

nwell = OR nwell
----------------
nwell (HIER TYP=1 CFG=0 HGC=52 FGC=154 HEC=238 FEC=1048 IGC=50 VHC=F VPC=F)
CPU TIME = 0  REAL TIME = 0  LVHEAP = 2/5/67  MALLOC = 36/36/36  OPS COMPLETE = 21 OF 29  ELAPSED TIME = 0

Original Layer nwell DELETED -- LVHEAP = 2/5/67

nsub = TMP<1> AND nwell
-----------------------
nsub (HIER TYP=1 CFG=3 HGC=52 FGC=154 HEC=242 FEC=1080 IGC=50 VHC=F VPC=F)
CPU TIME = 0  REAL TIME = 0  LVHEAP = 2/5/67  MALLOC = 36/36/36  OPS COMPLETE = 22 OF 29  ELAPSED TIME = 0

Layer TMP<1> DELETED -- LVHEAP = 2/5/67

Layer nwell DELETED -- LVHEAP = 2/5/67

ncont = nsrcdrn AND nsub
------------------------
ncont (HIER TYP=1 CFG=3 HGC=40 FGC=496 HEC=160 FEC=1984 IGC=4 VHC=F VPC=F)
CPU TIME = 0  REAL TIME = 0  LVHEAP = 2/5/67  MALLOC = 36/36/36  OPS COMPLETE = 23 OF 29  ELAPSED TIME = 0

ntapcont = active NOT INTERACT pimplant
---------------------------------------
ntapcont (HIER TYP=1 CFG=0 HGC=57 FGC=688 HEC=228 FEC=2752 IGC=17 VHC=F VPC=F)
CPU TIME = 0  REAL TIME = 0  LVHEAP = 2/5/67  MALLOC = 36/36/36  OPS COMPLETE = 24 OF 29  ELAPSED TIME = 0

Layer pimplant DELETED -- LVHEAP = 2/5/67

ncont1 = ntapcont AND nsub
--------------------------
ncont1 (HIER TYP=1 CFG=3 HGC=40 FGC=496 HEC=160 FEC=1984 IGC=4 VHC=F VPC=F)
CPU TIME = 0  REAL TIME = 0  LVHEAP = 2/5/67  MALLOC = 36/36/36  OPS COMPLETE = 25 OF 29  ELAPSED TIME = 0

Layer ntapcont DELETED -- LVHEAP = 2/5/67

ptapcont = active NOT INTERACT nimplant
---------------------------------------
ptapcont (HIER TYP=1 CFG=0 HGC=57 FGC=688 HEC=228 FEC=2752 IGC=17 VHC=F VPC=F)
CPU TIME = 0  REAL TIME = 0  LVHEAP = 2/5/67  MALLOC = 36/36/36  OPS COMPLETE = 26 OF 29  ELAPSED TIME = 0

Layer active DELETED -- LVHEAP = 2/5/67

Layer nimplant DELETED -- LVHEAP = 2/5/67

pcont1 = ptapcont AND pwell
---------------------------
pcont1 (HIER TYP=1 CFG=3 HGC=40 FGC=496 HEC=160 FEC=1984 IGC=5 VHC=F VPC=F)
CPU TIME = 0  REAL TIME = 0  LVHEAP = 2/5/67  MALLOC = 36/36/36  OPS COMPLETE = 27 OF 29  ELAPSED TIME = 0

Layer ptapcont DELETED -- LVHEAP = 2/5/67

active_contact = OR active_contact
----------------------------------
active_contact (HIER TYP=1 CFG=3 HGC=334 FGC=3952 HEC=1336 FEC=15808 IGC=56 VHC=F VPC=F)
CPU TIME = 0  REAL TIME = 0  LVHEAP = 2/5/67  MALLOC = 36/36/36  OPS COMPLETE = 28 OF 29  ELAPSED TIME = 0

Original Layer active_contact DELETED -- LVHEAP = 2/5/67

poly_contact = OR poly_contact
------------------------------
poly_contact (HIER TYP=1 CFG=3 HGC=40 FGC=496 HEC=160 FEC=1984 IGC=7 VHC=F VPC=F)
CPU TIME = 0  REAL TIME = 0  LVHEAP = 2/5/67  MALLOC = 36/36/36  OPS COMPLETE = 29 OF 29  ELAPSED TIME = 0

Original Layer poly_contact DELETED -- LVHEAP = 2/5/67

CONNECTIVITY EXTRACTION TOTAL LAYER PREPARATION TIME:  CPU TIME = 0  REAL TIME = 0  LVHEAP = 2/5/67  MALLOC = 36/36/36 ELAPSED TIME = 0

CONNECTIVITY EXTRACTION
-----------------------
NC = Net Count  IPC = Internal Pin Count
CEC = Cell Edge Count  PEC = Promoted Edge Count
LVHEAP = Geometry heap memory allocation.
MALLOC = Total heap memory allocation.

CELL ______bc1a_magic_bc1a
     ______bc1a_magic_bc1a (NC=14 IPC=0 CEC=355 PEC=0 CFGC=153)
     ______bc1a_magic_bc1a  CPU TIME = 0  REAL TIME = 0  LVHEAP = 3/5/67  MALLOC = 37/37/37 ELAPSED TIME = 0
CELL ______nand_magic_nand
     ______nand_magic_nand (NC=6 IPC=0 CEC=128 PEC=0 CFGC=53)
     ______nand_magic_nand  CPU TIME = 0  REAL TIME = 0  LVHEAP = 3/5/67  MALLOC = 37/37/37 ELAPSED TIME = 0
CELL ______dffpos_magic_dffpos
     ______dffpos_magic_dffpos (NC=21 IPC=0 CEC=626 PEC=0 CFGC=257)
     ______dffpos_magic_dffpos  CPU TIME = 0  REAL TIME = 0  LVHEAP = 3/5/67  MALLOC = 37/37/37 ELAPSED TIME = 0
CELL bs1
     bs1 (NC=27 IPC=23 CEC=931 PEC=108 CFGC=849)
     bs1  CPU TIME = 0  REAL TIME = 0  LVHEAP = 3/5/67  MALLOC = 37/37/37 ELAPSED TIME = 0
CELL bs2
     bs2 (NC=15 IPC=23 CEC=344 PEC=108 CFGC=615)
     bs2  CPU TIME = 0  REAL TIME = 0  LVHEAP = 3/5/67  MALLOC = 37/37/37 ELAPSED TIME = 0
CELL ICV_1
     ICV_1 (NC=20 IPC=24 CEC=0 PEC=103 CFGC=1464)
     ICV_1  CPU TIME = 0  REAL TIME = 0  LVHEAP = 3/5/67  MALLOC = 37/37/37 ELAPSED TIME = 0
CELL ICV_2
     ICV_2 (NC=26 IPC=38 CEC=0 PEC=174 CFGC=2928)
     ICV_2  CPU TIME = 0  REAL TIME = 0  LVHEAP = 3/5/67  MALLOC = 37/37/37 ELAPSED TIME = 0
CELL top
     top (NC=49 IPC=92 CEC=227 PEC=500 CFGC=11823)
     top  CPU TIME = 0  REAL TIME = 0  LVHEAP = 3/5/67  MALLOC = 37/37/37 ELAPSED TIME = 0
TOTAL CEC=2611 PEC=993

POST-PROCESSING CONNECTIVITY DATA STRUCTURE...
    MARKING TRUE NETS AND EXTERNAL PINS...
        CPU TIME = 0  REAL TIME = 0  LVHEAP = 3/5/67  MALLOC = 37/37/37
    DISCARDING FALSE VIRTUAL NETS, RESOLVING DEEP SHORTS AND PERFORMING VIRTUAL CONNECTIONS...
        CPU TIME = 0  REAL TIME = 0  LVHEAP = 3/5/67  MALLOC = 37/37/37
    CREATING COMPACT PIN DATA STRUCTURE...
        CPU TIME = 0  REAL TIME = 0  LVHEAP = 3/5/67  MALLOC = 37/37/37
    RESOLVING SHORT CIRCUIT TEXT...
        CPU TIME = 0  REAL TIME = 0  LVHEAP = 3/5/67  MALLOC = 37/37/37
    PROCESSING HIGH SHORTS...
        CPU TIME = 0  REAL TIME = 0  LVHEAP = 3/5/67  MALLOC = 37/37/37
    COMPUTING FINAL NET NAMES AND REPORTING TEXT WARNINGS...
        CPU TIME = 0  REAL TIME = 0  LVHEAP = 3/5/67  MALLOC = 37/37/37
    REMOVING SCONNECT/HIGH SHORT REMOVAL TRIGGERED TRIVIAL PINS/NETS...
        CPU TIME = 0  REAL TIME = 0  LVHEAP = 3/5/67  MALLOC = 37/37/37
POST-PROCESSING completed.  CPU TIME = 0  REAL TIME = 0  LVHEAP = 3/5/67  MALLOC = 37/37/37

CONNECTIVITY EXTRACTION completed.  CPU TIME = 0  REAL TIME = 0  LVHEAP = 3/5/67  MALLOC = 37/37/37 ELAPSED TIME = 0

WRITING CELL INFORMATION to PHDB svdb
PHDB CELL DATA WRITE completed.  CPU TIME = 0  REAL TIME = 0  LVHEAP = 2/5/67  MALLOC = 37/37/37  ELAPSED TIME = 0

WRITING CONNECT INFORMATION to PHDB svdb
PHDB CONNECT INFORMATION written. CPU TIME = 0  REAL TIME = 0  LVHEAP = 3/5/67  MALLOC = 38/38/38  ELAPSED TIME = 0

Layer via1 DELETED -- LVHEAP = 3/5/67

Layer via2 DELETED -- LVHEAP = 3/5/67

Layer metal2 DELETED -- LVHEAP = 3/5/67

Layer metal3 DELETED -- LVHEAP = 3/5/67

Layer pcont DELETED -- LVHEAP = 3/5/67

Layer ncont DELETED -- LVHEAP = 3/5/67

Layer ncont1 DELETED -- LVHEAP = 2/5/67

Layer pcont1 DELETED -- LVHEAP = 2/5/67

Layer active_contact DELETED -- LVHEAP = 2/5/67

Layer contact DELETED -- LVHEAP = 2/5/67

Layer poly_contact DELETED -- LVHEAP = 2/5/67

Layer metal1 DELETED -- LVHEAP = 2/5/67

DEVICE RECOGNITION
------------------
LVS PUSH DEVICES enabled.

DEVICE RECOGNITION TOTAL LAYER PREPARATION TIME:  CPU TIME = 0  REAL TIME = 0  LVHEAP = 3/5/67 ELAPSED TIME = 0

DEVICE RECOGNITION PRECISE INTERACTION BEGINS.

DEVICE RECOGNITION TOTAL PRECISE INTERACTION TIME:  CPU TIME = 0  REAL TIME = 0  LVHEAP = 3/5/67 ELAPSED TIME = 0
TENTATIVE SEED PROMOTIONS:   seed layer  seeds  cell : layers touched
TENTATIVE SEED PROMOTIONS: ------------  -----  -----------------------------------------
SEED PROMOTIONS: 
SEED PROMOTIONS: ==============================================================
SEED PROMOTIONS: 
SEED PROMOTIONS:   seed layer  seeds  cell : layers touched
SEED PROMOTIONS: ------------  -----  -----------------------------------------
SEED PROMOTIONS: 
SEED PROMOTIONS:       TOTAL:      0

DEVICE RECOGNITION completed.  CPU TIME = 0  REAL TIME = 0  LVHEAP = 3/5/67  MALLOC = 38/38/38 ELAPSED TIME = 0

Extraction Errors and Warnings for cell "bs2"
---------------------------------------------

WARNING:  Short circuit - Different names on one net:
          Net Id:  7
          (1)  name  "muxB_in"  at location  (5.1,16.2)  on layer  51 "metal2"
          (2)  name  "muxB_out"  at location  (-1.2,51.6)  on layer  51 "metal2"
          The name "muxB_in" was assigned to the net.



HIERARCHICAL SPICE NETLISTER
----------------------------
HIERARCHICAL SPICE NETLISTER completed.  CPU TIME = 0  REAL TIME = 0  LVHEAP = 3/5/67  MALLOC = 38/38/38 ELAPSED TIME = 0

WRITING DEVICE INFORMATION to PHDB svdb
PHDB DEVICE INFORMATION written. CPU TIME = 0  REAL TIME = 0  LVHEAP = 3/5/67  MALLOC = 38/38/38  ELAPSED TIME = 0

Layer pgate DELETED -- LVHEAP = 3/5/67

Layer psrcdrn DELETED -- LVHEAP = 3/5/67

Layer nsub DELETED -- LVHEAP = 3/5/67

Layer ngate DELETED -- LVHEAP = 3/5/67

Layer poly DELETED -- LVHEAP = 3/5/67

Layer nsrcdrn DELETED -- LVHEAP = 3/5/67

Layer pwell DELETED -- LVHEAP = 2/5/67

WRITING PHDB to directory svdb
PHDB WRITE completed.  CPU TIME = 0  REAL TIME = 0  LVHEAP = 2/5/67  MALLOC = 39/39/39  ELAPSED TIME = 0

--- CALIBRE::HIERARCHICAL CIRCUIT EXTRACTOR COMPLETED - Tue Dec  4 19:37:24 2018
--- TOTAL CPU TIME = 0  REAL TIME = 0  LVHEAP = 2/5/67  MALLOC = 39/39/39  ELAPSED TIME = 0
--- PROCESSOR COUNT = 1

--- SPICE NETLIST FILE = /home/dshadoa/Desktop/BPM/top/lvs/./extracted.sp
--- CIRCUIT EXTRACTION REPORT FILE = top.lvs.report.ext
--- PERSISTENT HIERARCHICAL DATABASE(PHDB) = svdb/top.phdb
--- QUERY DATABASE = svdb  TOP CELL = top





                         ###################
                         ###################
                         ###################
                         ###################
                         ###################
                         ###################
                         ###################






--- CALIBRE::LVS-H - Tue Dec  4 19:37:24 2018

--------------------------------------------------------------------------------
--------------------------------------------------------------------------------
-----               CALIBRE::LVS/xRC - INITIALIZATION MODULE               -----
--------------------------------------------------------------------------------
--------------------------------------------------------------------------------

Performing global initialization ... 

Initializing LVS ... 

--- CALIBRE::LVS/xRC INITIALIZATION MODULE COMPLETED.  CPU TIME = 0  REAL TIME = 0  LVHEAP = 66/69/69  MALLOC = 41/41/41  ELAPSED TIME = 0

--------------------------------------------------------------------------------
--------------------------------------------------------------------------------
-----                 CALIBRE::LVS/xRC - EXECUTIVE MODULE                  -----
--------------------------------------------------------------------------------
--------------------------------------------------------------------------------

LVS started ... 

//  Licensed Products
//  -----------------
//  Base products running on 1 core:
//  - LVS (Hierarchical)

READING layout ...
Layout READ.  CPU TIME = 0  REAL TIME = 0  LVHEAP = 67/69/69  MALLOC = 42/42/42

READING source ...
Source READ.  CPU TIME = 0  REAL TIME = 0  LVHEAP = 67/69/69  MALLOC = 42/42/42

Identifying CORRESPONDING cells ...
CORRESPONDING Cells Identified.  CPU TIME = 0  REAL TIME = 0

Reallocating Instance Pins...
Instance Pins Reallocated.  CPU TIME = 0  REAL TIME = 0  LVHEAP = 67/69/69  MALLOC = 42/42/42

Writing XDB Placement Hierarchy ...
XDB Placement Hierarchy Written.  CPU TIME = 0  REAL TIME = 0  LVHEAP = 67/69/69  MALLOC = 42/42/42

Adding GLOBAL elements ...
GLOBAL elements added.  CPU TIME = 0  REAL TIME = 0

Resolving DEEP SHORTS ...
DEEP SHORTS resolved.  CPU TIME = 0  REAL TIME = 0

EXPANDING unbalanced cells ...
Unbalanced cells EXPANDED.  CPU TIME = 0  REAL TIME = 0  LVHEAP = 67/69/69  MALLOC = 42/42/42

Resolving HIGH SHORTS ...
      High Shorted pins OUT REG_IN of source cell bit1b.
      High Shorted pins MUXB_IN MUXB_OUT of source cell bit1b.
      High Shorted pins OUT REG_IN of source cell bit1a.
      High Shorted pins GND MUXB_IN of source cell bit1a.
HIGH SHORTS resolved.  CPU TIME = 0  REAL TIME = 0

Deleting TRIVIAL PINS ...
TRIVIAL PINS deleted.  CPU TIME = 0  REAL TIME = 0

FLATTENING and TRANSFORMING cells to comparison ready form ...

Computing OPTIMAL TEMPLATE ORDER ...
OPTIMAL TEMPLATE ORDER computed.  CPU TIME = 0  REAL TIME = 0  LVHEAP = 67/69/69  MALLOC = 42/42/42

FLATTENING and TRANSFORMING to comparison ready form layout and source top level cells ...

Flattening (SOURCE).    CPU TIME = 0  REAL TIME = 0  LVHEAP = 67/69/69

Reduce Series and Parallel Mosfets.  CPU TIME = 0  REAL TIME = 0  LVHEAP = 67/69/69

Reduce Semi-Series Mosfets.  CPU TIME = 0  REAL TIME = 0  LVHEAP = 67/69/69

Reduce Split Gates.  CPU TIME = 0  REAL TIME = 0  LVHEAP = 67/69/69

Logic Injection.    CPU TIME = 0  REAL TIME = 0  LVHEAP = 68/69/69

Recognize Gates.  CPU TIME = 0  REAL TIME = 0  LVHEAP = 68/69/69

Flattening (LAYOUT).    CPU TIME = 0  REAL TIME = 0  LVHEAP = 68/69/69

Reduce Series and Parallel Mosfets.  CPU TIME = 0  REAL TIME = 0  LVHEAP = 68/69/69

Reduce Semi-Series Mosfets.  CPU TIME = 0  REAL TIME = 0  LVHEAP = 68/69/69

Reduce Split Gates.  CPU TIME = 0  REAL TIME = 0  LVHEAP = 68/69/69

======================================================================================================================================================
                              LVS HIERARCHICAL INJECTION STATISTICS
===============================================================================================================================================================
                Name  |   Found  | Inject |   Rej  |   Rej  |   Rej  |   Rej  |   Rej  |   Rej  |  Types |   Sub- |  Same  |    Properties 
                      |          |        |  #pins |  suppl |  subst |  names |  ambig |  ident |        |  types |  path  |   unique/total 
===============================================================================================================================================================
                _invb |       96 |     48 |      0 |      0 |      0 |      0 |     48 |      0 |      1 |      2 |     48 |        1/      48 
                _invv |      160 |    160 |      0 |      0 |      0 |      0 |      0 |      0 |      1 |      2 |    160 |        2/     160 
              _mser2v |      288 |    288 |      0 |      0 |      0 |      0 |      0 |      0 |      2 |      4 |    288 |        2/     288 
              _mser3v |       32 |     32 |      0 |      0 |      0 |      0 |      0 |      0 |      2 |      4 |     32 |        2/      32 
                _mx2v |       16 |     16 |      0 |      0 |      0 |      0 |      0 |      0 |      1 |      2 |      8 |        1/      16 
              _nand2v |       32 |     32 |      0 |      0 |      0 |      0 |      0 |      0 |      1 |      2 |     32 |        1/      32 
                _tgmb |       48 |     14 |      0 |      0 |      0 |      0 |      0 |      0 |      1 |      2 |     14 |        1/      14 
===============================================================================================================================================================
Totals:
Instances Injected 590
Rejected as rare   0
Instances Deleted  1624
Nets Deleted       400
===============================================================================================================================================================

Logic Injection.    CPU TIME = 0  REAL TIME = 0  LVHEAP = 67/69/69

Recognize Gates.  CPU TIME = 0  REAL TIME = 0  LVHEAP = 67/69/69

Cells FLATTENED and TRANSFORMED.  CPU TIME = 0  REAL TIME = 0  LVHEAP = 67/69/69

All cells FLATTENED and TRANSFORMED.  CPU TIME = 0  REAL TIME = 0  LVHEAP = 67/69/69  MALLOC = 43/43/43

COMPARING corresponding cells ...

COMPARING layout and source top levels ...

Assign Initial Net Ids.  CPU TIME = 0  REAL TIME = 0

Assign Initial Net Ids.  CPU TIME = 0  REAL TIME = 0

ANCHOR Points.  0 instances, 6 nets matched.  CPU TIME = 0  REAL TIME = 0

Begin NBD ...
NBD 2.  379 instances, 199 nets matched.  CPU TIME = 0  REAL TIME = 0

      TOTAL:  379 instances,  205 nets  matched.  CPU TIME = 0  REAL TIME = 0

STATUSES.  CPU TIME = 0  REAL TIME = 0

COMPARISON completed.  CPU TIME = 0  REAL TIME = 0

All corresponding cells COMPARED.  CPU TIME = 0  REAL TIME = 0

Corresponding cells TRANSFORMED and COMPARED.  CPU TIME = 0  REAL TIME = 0

Writing REPORT ...
Writing CROSS REFERENCE files...
CROSS REFERENCE files completed.  CPU TIME = 0  REAL TIME = 0
REPORT written.  CPU TIME = 0  REAL TIME = 0

Cumulative READING INPUTS Time:                          CPU =       0,     REAL =       0
Cumulative IDENTIFYING CORRESPONDING CELLS Time:         CPU =       0,     REAL =       0
    Cumulative CHECKING PORTS Time:                      CPU =       0,     REAL =       0
Cumulative REALLOCATING PINS Time:                       CPU =       0,     REAL =       0
Cumulative WRITING XDB HIERARCHY Time:                   CPU =       0,     REAL =       0
Cumulative ADDING GLOBALS Time:                          CPU =       0,     REAL =       0
Cumulative RESOLVING DEEP SHORTS Time:                   CPU =       0,     REAL =       0
Cumulative RESOLVING HIGH SHORTS Time:                   CPU =       0,     REAL =       0
Cumulative DELETING TRIVIAL PINS Time:                   CPU =       0,     REAL =       0
Cumulative EXPANDING UNBALANCED CELLS Time:              CPU =       0,     REAL =       0
Cumulative TRANSFORMS AND FLATTENING Time:               CPU =       0,     REAL =       0
    Cumulative FLATTENING Time:                          CPU =       0,     REAL =       0
    Cumulative TRANSFORMS Time:                          CPU =       0,     REAL =       0
        Cumulative INJECTION Time:                       CPU =       0,     REAL =       0
            Cumulative COMPACTION Time:                  CPU =       0,     REAL =       0
        Cumulative REDUCTION Time:                       CPU =       0,     REAL =       0
        Cumulative GATES Time:                           CPU =       0,     REAL =       0
        Cumulative UNUSED Time:                          CPU =       0,     REAL =       0
Cumulative COMPARISON Time:                              CPU =       0,     REAL =       0
    Cumulative MERGE PRIMITIVE TEMPLATES Time:           CPU =       0,     REAL =       0
    Cumulative MERGE SUBGRAPH TEMPLATES Time:            CPU =       0,     REAL =       0
    Cumulative NBD AND AMBIGUITY Time:                   CPU =       0,     REAL =       0
        Cumulative NBD Time:                             CPU =       0,     REAL =       0
            Cumulative INITIAL NBD IDS Time:             CPU =       0,     REAL =       0
            Cumulative NEW NBD CONVERT Time:             CPU =       0,     REAL =       0
            Cumulative NEW NBD BACK CONVERT Time:        CPU =       0,     REAL =       0
            Cumulative NEW NBD ALG RUN Time:             CPU =       0,     REAL =       0
            Cumulative NEW NBD IDS Time:                 CPU =       0,     REAL =       0
            Cumulative MATCH NBD NODES Time:             CPU =       0,     REAL =       0
        Cumulative TPL Time:                             CPU =       0,     REAL =       0
        Cumulative BIN Time:                             CPU =       0,     REAL =       0
        Cumulative PRP Time:                             CPU =       0,     REAL =       0
        Cumulative AMBIGUITY Time:                       CPU =       0,     REAL =       0
            Cumulative AMBIGUITY BY PROPERTIES Time:     CPU =       0,     REAL =       0
            Cumulative AMBIGUITY BY SUBTYPES Time:       CPU =       0,     REAL =       0
            Cumulative AMBIGUITY HIERARCHICAL Time:      CPU =       0,     REAL =       0
            Cumulative AMBIGUITY ARBITRARY Time:         CPU =       0,     REAL =       0
    Cumulative REWIRE Time:                              CPU =       0,     REAL =       0
    Cumulative REPAIR Time:                              CPU =       0,     REAL =       0
Cumulative REPORT Time:                                  CPU =       0,     REAL =       0


LVS completed. CORRECT. See report file: top.lvs.report

LVS completed.  CPU TIME = 0  REAL TIME = 0  LVHEAP = 67/75/75  MALLOC = 53/53/53  ELAPSED TIME = 1

--- LVS REPORT FILE = top.lvs.report
--- CALIBRE::LVS/xRC EXECUTIVE MODULE COMPLETED.  CPU TIME = 0  REAL TIME = 0  LVHEAP = 2/11/75  MALLOC = 49/49/53  ELAPSED TIME = 1

--- CALIBRE::LVS/xRC COMPLETED - Tue Dec  4 19:37:25 2018
--- TOTAL CPU TIME = 0  REAL TIME = 0  LVHEAP = 2/11/75  MALLOC = 49/49/53  ELAPSED TIME = 1
--- XDB CROSS REFERENCE DATABASE = svdb/top.xdb

--- SPICE NETLIST FILE = /home/dshadoa/Desktop/BPM/top/lvs/./extracted.sp
--- CIRCUIT EXTRACTION REPORT FILE = top.lvs.report.ext
--- PERSISTENT HIERARCHICAL DATABASE(PHDB) = svdb/top.phdb
--- QUERY DATABASE = svdb  TOP CELL = top

--- GRAND TOTAL CPU TIME = 0  REAL TIME = 1  LVHEAP = 2/11/75  MALLOC = 49/49/53  ELAPSED TIME = 1

