//  Calibre Interactive - LVS  v2016.4_38.25    Tue Jan 3 14:54:06 PST 2017
//
//        Copyright Mentor Graphics Corporation 1996-2017
//                       All Rights Reserved.
//   THIS WORK CONTAINS TRADE SECRET AND PROPRIETARY INFORMATION
//      WHICH IS THE PROPERTY OF MENTOR GRAPHICS CORPORATION
//        OR ITS LICENSORS AND IS SUBJECT TO LICENSE TERMS.
//
//  Mentor Graphics software executing under x86-64 Linux
//
//  Running on Linux shire.ecen.okstate.edu 2.6.32-696.30.1.el6.x86_64 #1 SMP Fri May 18 11:50:44 EDT 2018 x86_64
//  64 bit virtual addressing enabled
//
//  Starting time: Wed Nov 28 16:14:48 2018
//
//  calinteractive license acquired.
//  Calibre Interactive authorized.
*lvsPowerNames: vdd
*lvsMaskDBFile: bs1.maskdb
*lvsLayoutPrimary: bs1
*lvsSpiceFile: extracted.sp
*lvsIgnorePorts: 1
*cmnVConnectNamesState: ALL
*lvsSourcePath: ../../top_dont_implement/bit1a.sp
*lvsSourceSystem: SPICE
*cmnFDILayerMapFile: /classes/ecen4303F18/calibre/layer.map
*lvsERCDatabase: bs1.erc.db
*lvsERCSummaryFile: bs1.erc.summary
*lvsRulesFile: /classes/ecen4303F18/calibre/calibreLVS_scn3me_subm.rul
*lvsGroundNames: gnd
*cmnFDIUseLayerMap: 1
*lvsReportFile: bs1.lvs.report
*lvsRunDir: .
*lvsSourcePrimary: bit1a
*cmnShowOptions: 1
*lvsLayoutPaths: ../magic/bs1.gds
Verifying the source netlist is complete before starting the run

MGC_HOME = /programs/mentor/aoi_cal_2016.4_38.25
$MGC_HOME/bin/calibre -spice /home/dshadoa/Desktop/BPM/bs1/lvs/./extracted.sp -lvs -hier -nowait /home/dshadoa/Desktop/BPM/bs1/lvs/./_calibreLVS_scn3me_subm.rul_

//  Calibre v2016.4_38.25    Tue Jan 3 14:54:06 PST 2017
//  Calibre Utility Library   v0-2_8-2016-2    Tue Feb 9 23:45:01 PST 2016
//  Litho Libraries v2016.4_38.25  Tue Jan 3 14:54:06 PST 2017
//
//        Copyright Mentor Graphics Corporation 1996-2017
//                       All Rights Reserved.
//   THIS WORK CONTAINS TRADE SECRET AND PROPRIETARY INFORMATION
//      WHICH IS THE PROPERTY OF MENTOR GRAPHICS CORPORATION
//        OR ITS LICENSORS AND IS SUBJECT TO LICENSE TERMS.
//
//  Mentor Graphics software executing under x86-64 Linux
//
//  Running on Linux shire.ecen.okstate.edu 2.6.32-696.30.1.el6.x86_64 #1 SMP Fri May 18 11:50:44 EDT 2018 x86_64 glibc 2.12/NPTL 2.12
//
//  Entries in /proc/meminfo:
//
//  MemTotal:       132118976 kB
//  MemFree:        109154940 kB
//  Buffers:          314680 kB
//  Cached:         12691068 kB
//  SwapCached:            0 kB
//  Active:         15525408 kB
//  Inactive:        5097716 kB
//  Active(anon):    7649516 kB
//  Inactive(anon):   107932 kB
//  Active(file):    7875892 kB
//  Inactive(file):  4989784 kB
//  Unevictable:           0 kB
//  Mlocked:               0 kB
//  SwapTotal:       4194300 kB
//  SwapFree:        4194300 kB
//  Dirty:              1908 kB
//  Writeback:             0 kB
//  AnonPages:       7614508 kB
//  Mapped:           323476 kB
//  Shmem:            140076 kB
//  Slab:            1116340 kB
//  SReclaimable:     841396 kB
//  SUnreclaim:       274944 kB
//  KernelStack:       27264 kB
//  PageTables:       361192 kB
//  NFS_Unstable:          0 kB
//  Bounce:                0 kB
//  WritebackTmp:          0 kB
//  CommitLimit:    70253788 kB
//  Committed_AS:   16023416 kB
//  VmallocTotal:   34359738367 kB
//  VmallocUsed:      512756 kB
//  VmallocChunk:   34291676724 kB
//  HardwareCorrupted:     0 kB
//  AnonHugePages:   5335040 kB
//  HugePages_Total:       0
//  HugePages_Free:        0
//  HugePages_Rsvd:        0
//  HugePages_Surp:        0
//  Hugepagesize:       2048 kB
//  DirectMap4k:        7844 kB
//  DirectMap2M:     3102720 kB
//  DirectMap1G:    131072000 kB
//
//  User limits:
//
//  Data size: unlimited
//  RSS: unlimited
//  Stack size: 10485760 kB
//  Max user processes: 1024
//  VM: unlimited
//
//  Processor Intel(R) Xeon(R) CPU E5-4617 0 @ 2.90GHz [062d7]
//  CPU Info: Cores = 12, SMT capable but is disabled
//  Max file descriptors: 1024
//  64 bit virtual addressing enabled
//  Running aoi_cal_2016.4_38.25/pkgs/icv/pvt/calibre -spice /home/dshadoa/Desktop/BPM/bs1/lvs/./extracted.sp -lvs -hier -nowait /home/dshadoa/Desktop/BPM/bs1/lvs/./_calibreLVS_scn3me_subm.rul_
//  Process ID: 15435
//
//  Starting time: Wed Nov 28 16:14:50 2018
//
//  Running on 1 CPU (pending licensing) 
//
//

--------------------------------------------------------------------------------
--------------------------------------------------------------------------------
-----          STANDARD VERIFICATION RULE FILE COMPILATION MODULE          -----
--------------------------------------------------------------------------------
--------------------------------------------------------------------------------

--- RULE FILE = /home/dshadoa/Desktop/BPM/bs1/lvs/./_calibreLVS_scn3me_subm.rul_

//
//  Rule file generated on Wed Nov 28 16:14:50 CST 2018
//     by Calibre Interactive - LVS (v2016.4_38.25)
//
//      *** PLEASE DO NOT MODIFY THIS FILE ***
//
//

LAYOUT PATH  "/home/dshadoa/Desktop/BPM/bs1/lvs/./../magic/bs1.gds"
LAYOUT PRIMARY "bs1"
LAYOUT SYSTEM GDSII

SOURCE PATH "/home/dshadoa/Desktop/BPM/bs1/lvs/./../../top_dont_implement/bit1a.sp"
SOURCE PRIMARY "bit1a"
SOURCE SYSTEM SPICE

MASK SVDB DIRECTORY "svdb" QUERY

LVS REPORT "bs1.lvs.report"

LVS REPORT OPTION NONE
LVS FILTER UNUSED OPTION NONE SOURCE
LVS FILTER UNUSED OPTION NONE LAYOUT
LVS REPORT MAXIMUM 50
LVS POWER NAME
	"vdd"

LVS GROUND NAME
	"gnd"


LVS RECOGNIZE GATES ALL


LVS ABORT ON SOFTCHK NO
LVS ABORT ON SUPPLY ERROR YES
LVS IGNORE PORTS YES
LVS SHOW SEED PROMOTIONS NO
LVS SHOW SEED PROMOTIONS MAXIMUM 50

LVS ISOLATE SHORTS NO


VIRTUAL CONNECT COLON NO
VIRTUAL CONNECT REPORT NO
VIRTUAL CONNECT NAME ?

LVS EXECUTE ERC YES
ERC RESULTS DATABASE "bs1.erc.db"
ERC SUMMARY REPORT "bs1.erc.summary" REPLACE HIER
ERC CELL NAME YES CELL SPACE XFORM
ERC MAXIMUM RESULTS 1000
ERC MAXIMUM VERTEX 4096

DRC ICSTATION YES


INCLUDE "/classes/ecen4303F18/calibre/calibreLVS_scn3me_subm.rul"



--- STANDARD VERIFICATION RULE FILE COMPILATION MODULE COMPLETED.  CPU TIME = 0  REAL TIME = 0  LVHEAP = 1/3/3

--- CALIBRE_* ENVIRONMENT VARIABLES:

CALIBRE_CMD_LINE='/programs/mentor/aoi_cal_2016.4_38.25/pkgs/icv/pvt/calibre  -spice /home/dshadoa/Desktop/BPM/bs1/lvs/./extracted.sp -lvs -hier -nowait /home/dshadoa/Desktop/BPM/bs1/lvs/./_calibreLVS_scn3me_subm.rul_'
CALIBRE_HOME=/programs/mentor/aoi_cal_2016.4_38.25
CALIBRE_INITIAL_CMD_LINE='/programs/mentor/aoi_cal_2016.4_38.25/bin/calibre -spice /home/dshadoa/Desktop/BPM/bs1/lvs/./extracted.sp -lvs -hier -nowait /home/dshadoa/Desktop/BPM/bs1/lvs/./_calibreLVS_scn3me_subm.rul_'
CALIBRE_READDB_LD_LIBRARY_PATH=/programs/mentor/aoi_cal_2016.4_38.25/shared/pkgs/icv/tools/calibre_client/lib/64:/programs/mentor/aoi_cal_2016.4_38.25/pkgs/calibre_base/lib64:/programs/mentor/aoi_cal_2016.4_38.25/pkgs/icv_lib/lib64:/programs/mentor/aoi_cal_2016.4_38.25/pkgs/icv_qt_comp/plugins:/programs/mentor/aoi_cal_2016.4_38.25/pkgs/umc_libs/lib/lnx32:/programs/mentor/aoi_cal_2016.4_38.25/shared/pkgs/icv_oa/22.41.004/lib/linux_rhel40_gcc44x_64/opt
CALIBRE_SKIP_OS_CHECKS=
CALIBRE_SSE3_SUPPORTED=1

--- CALIBRE::HIERARCHICAL CIRCUIT EXTRACTOR - Wed Nov 28 16:14:50 2018

//  Applying licensing policy...
//  calibrehlvs license acquired.
//  calibrelvs license acquired.

//  Licensed Products
//  -----------------
//  Base products running on 1 core:
//  - LVS (Hierarchical)
//  - LVS Extraction

--------------------------------------------------------------------------------
--------------------------------------------------------------------------------
-----                   CALIBRE LAYOUT DATA INPUT MODULE                   -----
--------------------------------------------------------------------------------
--------------------------------------------------------------------------------

--- LAYOUT SYSTEM = GDS
--- LAYOUT MAGNIFICATION = 1

--------------------------------------------------------------------------------
-----                     GDS FILE SUMMARY INFORMATION                     -----
--------------------------------------------------------------------------------

GDS FILENAME:        /home/dshadoa/Desktop/BPM/bs1/lvs/./../magic/bs1.gds
GDS VERSION:         3
LIBRARY NAME:        bs1
LAST MODIFIED:       ON 2018/11/27 AT 13:58:30
LAST ACCESSED:       ON 2018/11/27 AT 13:58:36
DATABASE PRECISION:  0.001 user units per database unit
PHYSICAL PRECISION:  1e-09 meters per database unit
MAGNIFICATION:       1

--------------------------------------------------------------------------------
-----                 GDS INPUT DATA FOR INDIVIDUAL CELLS                  -----
--------------------------------------------------------------------------------
     CELL NAME                  PLACEMENTS   ARRAYS   POLYGONS    PATHS    TEXTS
--------------------------------------------------------------------------------
______fa_magic_fa                        0        0        387        0        7
______mux21_magic_mux21                  0        0         56        0        6
______inv_magic_inverter                 0        0         40        0        4
______bc1a_magic_bc1a                    2        0        103        0        4
______nand_magic_nand                    0        0         65        0        4
______dffpos_magic_dffpos                0        0        278        0        4
bs1                                      4        0         59        0       14

NOTE: UNUSED geometric data is present on the following layer/datatype pairs:

NOTE: USED geometric data is present on the following layer/datatype pairs:
    SIMPLE LAYER = 41
        LAYER = 41 DATATYPE = 0
    SIMPLE LAYER = 42
        LAYER = 42 DATATYPE = 0
    SIMPLE LAYER = 43
        LAYER = 43 DATATYPE = 0
    SIMPLE LAYER = 44
        LAYER = 44 DATATYPE = 0
    SIMPLE LAYER = 45
        LAYER = 45 DATATYPE = 0
    SIMPLE LAYER = 46
        LAYER = 46 DATATYPE = 0
    SIMPLE LAYER = 47
        LAYER = 47 DATATYPE = 0
    SIMPLE LAYER = 48
        LAYER = 48 DATATYPE = 0
    SIMPLE LAYER = 49
        LAYER = 49 DATATYPE = 0
    SIMPLE LAYER = 50
        LAYER = 50 DATATYPE = 0
    SIMPLE LAYER = 51
        LAYER = 51 DATATYPE = 0

NOTE: The following required simple layers are EMPTY:
    25
    61
    62

--- LAYOUT DATABASE CONSTRUCTOR COMPLETED.  CPU TIME = 0  REAL TIME = 0  LVHEAP = 3/4/67

CONSTRUCTING HIERARCHICAL DATABASE
    COPYING LAYOUT DATABASE
    PROCESSING TEXT
    ELIMINATING DUPLICATE TEXT
    ELIMINATING EMPTY CELLS
    COMPUTING RECTANGULAR EXTENTS
    ELIMINATING DUPLICATE PLACEMENTS
    IDENTIFYING TOP LAYER CELLS
    IDENTIFYING ADDITIONAL TOP LAYER CELLS
    IDENTIFYING VERY SMALL CELLS
    CHECKING ACUTE/SKEW/ANGLED/OFFGRID
    FLATTENING VERY SMALL CELL PLACEMENTS
    FLATTENING SELECTED TOP LAYER CELL PLACEMENTS
    FLATTENING SELECTED LAYERS
    EXPANDING UNIQUE ICV PLACEMENTS
    EXPANDING LARGE TOP LAYER CELL PLACEMENTS
    COMPUTING RECTILINEAR EXTENTS
    SORTING PLACEMENTS
    ELIMINATING DUPLICATE PLACEMENTS
    EXPANDING UNIQUE TRANSPARENT CELL PLACEMENTS
    EXPANDING UNIQUE LIGHT-WEIGHT CELL PLACEMENTS
        ______inv_magic_inverter in ______bc1a_magic_bc1a at (2.7,-4.2)
        ______mux21_magic_mux21 in ______bc1a_magic_bc1a at (2.4,22.8)
        ______dffpos_magic_dffpos in bs1 at (22.5,-0.6)
        ______nand_magic_nand in bs1 at (16.2,-0.6)
        ______fa_magic_fa in bs1 at (11.7,25.8)
        ______bc1a_magic_bc1a in bs1 at (-0.3,-0.6)
    EXPANDING TRIVIAL CELL PLACEMENTS
    EXPANDING VERY SPARSE ARRAY PLACEMENTS
    EXPANDING LARGE CELL ARRAY PLACEMENTS
    EXPANDING VERY SPARSE CELL PLACEMENTS
    ELIMINATING DUPLICATE SUPER-HIERARCHICAL PLACEMENTS
    PROCESSING LAYOUT BLOAT LAYERS (auto-detected)
    PROCESSING LARGE CELL EXTENT-BLOATING LAYERS
    EXPANDING DENSE OVERLAPS
    EXPANDING UNIQUE META-CELL PLACEMENTS
    IDENTIFYING MULTI-CORE CELLS
    INJECTING HIERARCHY
    COMPUTING RECTANGULAR EXTENTS
    SORTING PLACEMENTS
    PUSHING VERY SMALL CELL PLACEMENTS
    PUSHING TOP LAYER CELL PLACEMENTS
    FLATTENING VERY SMALL CELL PLACEMENTS
    FLATTENING SMALL TOP LAYER CELL PLACEMENTS
    COMPUTING CELL-TO-WORLD TRANSFORMS
    SORTING PLACEMENTS
    PACKING HIERARCHY
    COMPUTING PLACEMENT OVERLAP RECORDS
    COMPUTING CELL OVERLAP AREAS
    INTERSECTING PLACEMENTS AND OVERLAP AREAS
HIERARCHICAL DATABASE CONSTRUCTOR COMPLETE.
CPU TIME = 0  REAL TIME = 0  LVHEAP = 2/5/67

--------------------------------------------------------------------------------
-----               TEXT OBJECTS FOR CONNECTIVITY EXTRACTION               -----
--------------------------------------------------------------------------------

vdd (-8.7,0.3) 49 bs1                   gnd (-8.7,26.1) 49 bs1
vdd (-8.7,51.9) 49 bs1                  en (-6.6,5.7) 49 bs1
clk (-4.5,7.8) 49 bs1                   muxA_in (-3.6,13.2) 49 bs1
muxB_in (-3.6,15.3) 49 bs1              reg_in (-3.6,30.3) 49 bs1
fa_in (-3.6,44.1) 49 bs1                Init (-3.6,48.6) 49 bs1
Cout (46.2,-0.6) 51 bs1                 Cin (46.2,52.5) 51 bs1
add_out (63.3,42) 51 bs1                Out (63.6,-0.3) 49 bs1

--------------------------------------------------------------------------------
-----                TEXT OBJECTS FOR WITH TEXT OPERATIONS                 -----
--------------------------------------------------------------------------------


--------------------------------------------------------------------------------
-----               TEXT OBJECTS FOR EXPAND TEXT OPERATIONS                -----
--------------------------------------------------------------------------------


--------------------------------------------------------------------------------
-----                  TEXT OBJECTS FOR CAPI OPERATIONS                    -----
--------------------------------------------------------------------------------


--------------------------------------------------------------------------------
-----                                PORTS                                 -----
--------------------------------------------------------------------------------

vdd (-8.7,0.3) 49 bs1                   gnd (-8.7,26.1) 49 bs1
vdd (-8.7,51.9) 49 bs1                  en (-6.6,5.7) 49 bs1
clk (-4.5,7.8) 49 bs1                   muxA_in (-3.6,13.2) 49 bs1
muxB_in (-3.6,15.3) 49 bs1              reg_in (-3.6,30.3) 49 bs1
fa_in (-3.6,44.1) 49 bs1                Init (-3.6,48.6) 49 bs1
Cout (46.2,-0.6) 51 bs1                 Cin (46.2,52.5) 51 bs1
add_out (63.3,42) 51 bs1                Out (63.6,-0.3) 49 bs1

--------------------------------------------------------------------------------
-----             LAYER READ SUMMARY (SIMPLE LAYER GEOMETRIES)             -----
--------------------------------------------------------------------------------
SIMPLE LAYER      GEOMETRIES                                                    
--------------------------------------------------------------------------------

  25                     0
  41                    18
  42                    16
  43                   102
  44                    23
  45                    23
  46                   162
  47                    36
  48                   302
  49                   195
  50                    43
  51                    68
  61                     0
  62                     0

--------------------------------------------------------------------------------
-----            LAYER READ SUMMARY (ORIGINAL LAYER GEOMETRIES)            -----
--------------------------------------------------------------------------------
ORIGINAL LAYER       INITIAL GEOMETRIES                 FINAL GEOMETRIES        
--------------------------------------------------------------------------------

pimplant                  23 (23)                          23 (23)              
active                   102 (102)                        102 (102)             
nimplant                  23 (23)                          23 (23)              
poly                     162 (162)                        162 (162)             
pwell                     18 (18)                          18 (18)              
nwell                     16 (16)                          16 (16)              
via1                      43 (43)                          43 (43)              
metal1                   195 (195)                        195 (195)             
metal2                    68 (68)                          68 (68)              
via2                       0 (0)                            0 (0)               
metal3                     0 (0)                            0 (0)               
contact                    0 (0)                            0 (0)               
active_contact           302 (302)                        302 (302)             
poly_contact              36 (36)                          36 (36)              

--------------------------------------------------------------------------------
-----         LAYER READ SUMMARY (TEXT FOR CONNECTIVITY EXTRACTION)        -----
--------------------------------------------------------------------------------
SIMPLE LAYER              TEXTS                                                 
--------------------------------------------------------------------------------

  49                      11 (11)              
  51                       3 (3)               

--------------------------------------------------------------------------------
-----          LAYER READ SUMMARY (TEXT FOR WITH TEXT OPERATIONS)          -----
--------------------------------------------------------------------------------
SIMPLE LAYER              TEXTS                                                 
--------------------------------------------------------------------------------


--------------------------------------------------------------------------------
-----         LAYER READ SUMMARY (TEXT FOR EXPAND TEXT OPERATIONS)         -----
--------------------------------------------------------------------------------
SIMPLE LAYER              TEXTS                                                 
--------------------------------------------------------------------------------


--------------------------------------------------------------------------------
-----            LAYER READ SUMMARY (TEXT FOR CAPI OPERATIONS)             -----
--------------------------------------------------------------------------------
SIMPLE LAYER              TEXTS                                                 
--------------------------------------------------------------------------------


--------------------------------------------------------------------------------
-----                      LAYER READ SUMMARY (PORTS)                      -----
--------------------------------------------------------------------------------
SIMPLE LAYER              TEXTS                                                 
--------------------------------------------------------------------------------

  49                      11 (11)              
  51                       3 (3)               

--------------------------------------------------------------------------------
-----                      CELL AND PLACEMENT SUMMARY                      -----
--------------------------------------------------------------------------------
CELL TYPE                 CELLS           PLACEMENTS       FLAT PLACEMENTS      
--------------------------------------------------------------------------------

USER                          1                    0                     0
 VERY SMALL                   0                    0                     0
 TOP LAYER                    0                    0                     0
  VERY SMALL                  0                    0                     0
PSEUDO                        0                    0                     0
TOTAL                         1                    0                     0

--------------------------------------------------------------------------------
-----                   LAYOUT DATA INPUT MODULE SUMMARY                   -----
--------------------------------------------------------------------------------

--- TOTAL GEOMETRIES READ FROM SIMPLE LAYERS = 988
--- TOTAL GEOMETRIES READ FROM ORIGINAL LAYERS = 988 (988)
--- TOTAL GEOMETRIES WRITTEN TO ORIGINAL LAYERS = 988 (988)
--- LVHEAP = 2/5/67
--- DATABASE EXTENT = [ -9.3 , -0.9 ] -> [ 64.2 , 53.1 ]
--- GEOMETRIC DEPTH = ALL
--- TEXT DEPTH FOR CONNECTIVITY EXTRACTION = PRIMARY
--- TOTAL TEXT OBJECTS FOR CONNECTIVITY EXTRACTION = 14 (14)
--- TOTAL TEXT OBJECTS FOR WITH TEXT OPERATIONS = 0 (0)
--- TOTAL TEXT OBJECTS FOR EXPAND TEXT OPERATIONS = 0 (0)
--- TOTAL TEXT OBJECTS FOR CAPI OPERATIONS = 0 (0)
--- TOTAL PORT OBJECTS = 14 (14)
--- GEOMETRY FLAGGING = ACUTE (NO)  SKEW (NO)  ANGLED (NO)  OFFGRID (NO)
                        NONSIMPLE POLYGON (NO)  NONSIMPLE PATH (NO)
--- PRIMARY CELL = bs1
--- EXCLUDED CELLS =
--- LAYOUT BASE LAYER = (NOT SPECIFIED)
--- LAYOUT TOP LAYER = (NOT SPECIFIED)

--- CALIBRE LAYOUT DATA INPUT MODULE COMPLETED.  CPU TIME = 0  REAL TIME = 0

--------------------------------------------------------------------------------
--------------------------------------------------------------------------------
-----      CALIBRE::HIERARCHICAL CIRCUIT EXTRACTOR - EXECUTIVE MODULE      -----
--------------------------------------------------------------------------------
--------------------------------------------------------------------------------

via1 = OR via1
--------------
via1 (HIER TYP=1 CFG=3 HGC=43 FGC=43 HEC=172 FEC=172 IGC=0 VHC=F VPC=F)
CPU TIME = 0  REAL TIME = 0  LVHEAP = 2/5/67  MALLOC = 35/35/35  OPS COMPLETE = 1 OF 29  ELAPSED TIME = 0

Original Layer via1 DELETED -- LVHEAP = 2/5/67

metal1 = OR metal1
------------------
metal1 (HIER TYP=1 CFG=3 HGC=53 FGC=53 HEC=466 FEC=466 IGC=0 VHC=F VPC=F)
CPU TIME = 0  REAL TIME = 0  LVHEAP = 2/5/67  MALLOC = 36/36/36  OPS COMPLETE = 2 OF 29  ELAPSED TIME = 0

Original Layer metal1 DELETED -- LVHEAP = 2/5/67

metal2 = OR metal2
------------------
metal2 (HIER TYP=1 CFG=3 HGC=18 FGC=18 HEC=162 FEC=162 IGC=0 VHC=F VPC=F)
CPU TIME = 0  REAL TIME = 0  LVHEAP = 2/5/67  MALLOC = 36/36/36  OPS COMPLETE = 3 OF 29  ELAPSED TIME = 0

Original Layer metal2 DELETED -- LVHEAP = 2/5/67

via2 = OR via2
--------------
via2 (HIER TYP=1 CFG=3 HGC=0 FGC=0 HEC=0 FEC=0 IGC=0 VHC=F VPC=F)
CPU TIME = 0  REAL TIME = 0  LVHEAP = 2/5/67  MALLOC = 36/36/36  OPS COMPLETE = 4 OF 29  ELAPSED TIME = 0

Original Layer via2 DELETED -- LVHEAP = 2/5/67

metal3 = OR metal3
------------------
metal3 (HIER TYP=1 CFG=3 HGC=0 FGC=0 HEC=0 FEC=0 IGC=0 VHC=F VPC=F)
CPU TIME = 0  REAL TIME = 0  LVHEAP = 2/5/67  MALLOC = 36/36/36  OPS COMPLETE = 5 OF 29  ELAPSED TIME = 0

Original Layer metal3 DELETED -- LVHEAP = 2/5/67

contact = OR contact
--------------------
contact (HIER TYP=1 CFG=3 HGC=0 FGC=0 HEC=0 FEC=0 IGC=0 VHC=F VPC=F)
CPU TIME = 0  REAL TIME = 0  LVHEAP = 2/5/67  MALLOC = 36/36/36  OPS COMPLETE = 6 OF 29  ELAPSED TIME = 0

Original Layer contact DELETED -- LVHEAP = 2/5/67

poly = OR poly
--------------
poly (HIER TYP=1 CFG=3 HGC=36 FGC=36 HEC=398 FEC=398 IGC=0 VHC=F VPC=F)
CPU TIME = 0  REAL TIME = 0  LVHEAP = 2/5/67  MALLOC = 36/36/36  OPS COMPLETE = 7 OF 29  ELAPSED TIME = 0

Original Layer poly DELETED -- LVHEAP = 2/5/67

active = OR active
------------------
active (HIER TYP=1 CFG=1 HGC=102 FGC=102 HEC=408 FEC=408 IGC=0 VHC=F VPC=F)
CPU TIME = 0  REAL TIME = 0  LVHEAP = 2/5/67  MALLOC = 36/36/36  OPS COMPLETE = 8 OF 29  ELAPSED TIME = 0

Original Layer active DELETED -- LVHEAP = 2/5/67

pimplant = OR pimplant
----------------------
pimplant (HIER TYP=1 CFG=1 HGC=20 FGC=20 HEC=82 FEC=82 IGC=0 VHC=F VPC=F)
CPU TIME = 0  REAL TIME = 0  LVHEAP = 2/5/67  MALLOC = 36/36/36  OPS COMPLETE = 9 OF 29  ELAPSED TIME = 0

Original Layer pimplant DELETED -- LVHEAP = 2/5/67

pdif = active AND pimplant
--------------------------
pdif (HIER TYP=1 CFG=0 HGC=51 FGC=51 HEC=204 FEC=204 IGC=0 VHC=F VPC=F)
CPU TIME = 0  REAL TIME = 0  LVHEAP = 2/5/67  MALLOC = 36/36/36  OPS COMPLETE = 10 OF 29  ELAPSED TIME = 0

pgate = poly AND pdif
---------------------
pgate (HIER TYP=1 CFG=1 HGC=34 FGC=34 HEC=136 FEC=136 IGC=0 VHC=F VPC=F)
CPU TIME = 0  REAL TIME = 0  LVHEAP = 2/5/67  MALLOC = 36/36/36  OPS COMPLETE = 11 OF 29  ELAPSED TIME = 0

psrcdrn = pdif NOT pgate
------------------------
psrcdrn (HIER TYP=1 CFG=3 HGC=85 FGC=85 HEC=340 FEC=340 IGC=0 VHC=F VPC=F)
CPU TIME = 0  REAL TIME = 0  LVHEAP = 2/5/67  MALLOC = 36/36/36  OPS COMPLETE = 12 OF 29  ELAPSED TIME = 0

Layer pdif DELETED -- LVHEAP = 2/5/67

nimplant = OR nimplant
----------------------
nimplant (HIER TYP=1 CFG=1 HGC=21 FGC=21 HEC=88 FEC=88 IGC=0 VHC=F VPC=F)
CPU TIME = 0  REAL TIME = 0  LVHEAP = 2/5/67  MALLOC = 36/36/36  OPS COMPLETE = 13 OF 29  ELAPSED TIME = 0

Original Layer nimplant DELETED -- LVHEAP = 2/5/67

ndif = active AND nimplant
--------------------------
ndif (HIER TYP=1 CFG=0 HGC=51 FGC=51 HEC=204 FEC=204 IGC=0 VHC=F VPC=F)
CPU TIME = 0  REAL TIME = 0  LVHEAP = 2/5/67  MALLOC = 36/36/36  OPS COMPLETE = 14 OF 29  ELAPSED TIME = 0

ngate = poly AND ndif
---------------------
ngate (HIER TYP=1 CFG=1 HGC=34 FGC=34 HEC=136 FEC=136 IGC=0 VHC=F VPC=F)
CPU TIME = 0  REAL TIME = 0  LVHEAP = 2/5/67  MALLOC = 36/36/36  OPS COMPLETE = 15 OF 29  ELAPSED TIME = 0

nsrcdrn = ndif NOT ngate
------------------------
nsrcdrn (HIER TYP=1 CFG=3 HGC=85 FGC=85 HEC=340 FEC=340 IGC=0 VHC=F VPC=F)
CPU TIME = 0  REAL TIME = 0  LVHEAP = 2/5/67  MALLOC = 36/36/36  OPS COMPLETE = 16 OF 29  ELAPSED TIME = 0

Layer ndif DELETED -- LVHEAP = 2/5/67

pwell = OR pwell
----------------
pwell (HIER TYP=1 CFG=3 HGC=1 FGC=1 HEC=25 FEC=25 IGC=0 VHC=F VPC=F)
CPU TIME = 0  REAL TIME = 0  LVHEAP = 2/5/67  MALLOC = 36/36/36  OPS COMPLETE = 17 OF 29  ELAPSED TIME = 0

Original Layer pwell DELETED -- LVHEAP = 2/5/67

pcont = psrcdrn AND pwell
-------------------------
pcont (HIER TYP=1 CFG=3 HGC=36 FGC=36 HEC=144 FEC=144 IGC=0 VHC=F VPC=F)
CPU TIME = 0  REAL TIME = 0  LVHEAP = 2/5/67  MALLOC = 36/36/36  OPS COMPLETE = 18 OF 29  ELAPSED TIME = 0

bulk = EXTENT
-------------
bulk (HIER-LSL TYP=1 CFG=0 HGC=1 FGC=1 HEC=4 FEC=4 IGC=0 VHC=F VPC=F)
CPU TIME = 0  REAL TIME = 0  LVHEAP = 2/5/67  MALLOC = 36/36/36  OPS COMPLETE = 19 OF 29  ELAPSED TIME = 0

TMP<1> = bulk NOT pwell
-----------------------
TMP<1> (HIER TYP=1 CFG=0 HGC=2 FGC=2 HEC=28 FEC=28 IGC=0 VHC=F VPC=F)
CPU TIME = 0  REAL TIME = 0  LVHEAP = 2/5/67  MALLOC = 36/36/36  OPS COMPLETE = 20 OF 29  ELAPSED TIME = 0

Layer bulk DELETED -- LVHEAP = 2/5/67

nwell = OR nwell
----------------
nwell (HIER TYP=1 CFG=0 HGC=2 FGC=2 HEC=28 FEC=28 IGC=0 VHC=F VPC=F)
CPU TIME = 0  REAL TIME = 0  LVHEAP = 2/5/67  MALLOC = 36/36/36  OPS COMPLETE = 21 OF 29  ELAPSED TIME = 0

Original Layer nwell DELETED -- LVHEAP = 2/5/67

nsub = TMP<1> AND nwell
-----------------------
nsub (HIER TYP=1 CFG=3 HGC=2 FGC=2 HEC=28 FEC=28 IGC=0 VHC=F VPC=F)
CPU TIME = 0  REAL TIME = 0  LVHEAP = 2/5/67  MALLOC = 36/36/36  OPS COMPLETE = 22 OF 29  ELAPSED TIME = 0

Layer TMP<1> DELETED -- LVHEAP = 2/5/67

Layer nwell DELETED -- LVHEAP = 2/5/67

ncont = nsrcdrn AND nsub
------------------------
ncont (HIER TYP=1 CFG=3 HGC=36 FGC=36 HEC=144 FEC=144 IGC=0 VHC=F VPC=F)
CPU TIME = 0  REAL TIME = 0  LVHEAP = 2/5/67  MALLOC = 36/36/36  OPS COMPLETE = 23 OF 29  ELAPSED TIME = 0

ntapcont = active NOT INTERACT pimplant
---------------------------------------
ntapcont (HIER TYP=1 CFG=0 HGC=51 FGC=51 HEC=204 FEC=204 IGC=0 VHC=F VPC=F)
CPU TIME = 0  REAL TIME = 0  LVHEAP = 2/5/67  MALLOC = 36/36/36  OPS COMPLETE = 24 OF 29  ELAPSED TIME = 0

Layer pimplant DELETED -- LVHEAP = 2/5/67

ncont1 = ntapcont AND nsub
--------------------------
ncont1 (HIER TYP=1 CFG=3 HGC=36 FGC=36 HEC=144 FEC=144 IGC=0 VHC=F VPC=F)
CPU TIME = 0  REAL TIME = 0  LVHEAP = 2/5/67  MALLOC = 36/36/36  OPS COMPLETE = 25 OF 29  ELAPSED TIME = 0

Layer ntapcont DELETED -- LVHEAP = 2/5/67

ptapcont = active NOT INTERACT nimplant
---------------------------------------
ptapcont (HIER TYP=1 CFG=0 HGC=51 FGC=51 HEC=204 FEC=204 IGC=0 VHC=F VPC=F)
CPU TIME = 0  REAL TIME = 0  LVHEAP = 2/5/67  MALLOC = 36/36/36  OPS COMPLETE = 26 OF 29  ELAPSED TIME = 0

Layer active DELETED -- LVHEAP = 2/5/67

Layer nimplant DELETED -- LVHEAP = 2/5/67

pcont1 = ptapcont AND pwell
---------------------------
pcont1 (HIER TYP=1 CFG=3 HGC=36 FGC=36 HEC=144 FEC=144 IGC=0 VHC=F VPC=F)
CPU TIME = 0  REAL TIME = 0  LVHEAP = 2/5/67  MALLOC = 36/36/36  OPS COMPLETE = 27 OF 29  ELAPSED TIME = 0

Layer ptapcont DELETED -- LVHEAP = 2/5/67

active_contact = OR active_contact
----------------------------------
active_contact (HIER TYP=1 CFG=3 HGC=302 FGC=302 HEC=1208 FEC=1208 IGC=0 VHC=F VPC=F)
CPU TIME = 0  REAL TIME = 0  LVHEAP = 2/5/67  MALLOC = 36/36/36  OPS COMPLETE = 28 OF 29  ELAPSED TIME = 0

Original Layer active_contact DELETED -- LVHEAP = 2/5/67

poly_contact = OR poly_contact
------------------------------
poly_contact (HIER TYP=1 CFG=3 HGC=36 FGC=36 HEC=144 FEC=144 IGC=0 VHC=F VPC=F)
CPU TIME = 0  REAL TIME = 0  LVHEAP = 2/5/67  MALLOC = 36/36/36  OPS COMPLETE = 29 OF 29  ELAPSED TIME = 0

Original Layer poly_contact DELETED -- LVHEAP = 2/5/67

CONNECTIVITY EXTRACTION TOTAL LAYER PREPARATION TIME:  CPU TIME = 0  REAL TIME = 0  LVHEAP = 2/5/67  MALLOC = 36/36/36 ELAPSED TIME = 0

CONNECTIVITY EXTRACTION
-----------------------
NC = Net Count  IPC = Internal Pin Count
CEC = Cell Edge Count  PEC = Promoted Edge Count
LVHEAP = Geometry heap memory allocation.
MALLOC = Total heap memory allocation.

CELL bs1
     bs1 (NC=47 IPC=0 CEC=1929 PEC=0 CFGC=805)
     bs1  CPU TIME = 0  REAL TIME = 0  LVHEAP = 3/5/67  MALLOC = 36/36/36 ELAPSED TIME = 0
TOTAL CEC=1929 PEC=0

POST-PROCESSING CONNECTIVITY DATA STRUCTURE...
    MARKING TRUE NETS AND EXTERNAL PINS...
        CPU TIME = 0  REAL TIME = 0  LVHEAP = 2/5/67  MALLOC = 36/36/36
    DISCARDING FALSE VIRTUAL NETS, RESOLVING DEEP SHORTS AND PERFORMING VIRTUAL CONNECTIONS...
        CPU TIME = 0  REAL TIME = 0  LVHEAP = 2/5/67  MALLOC = 36/36/36
    CREATING COMPACT PIN DATA STRUCTURE...
        CPU TIME = 0  REAL TIME = 0  LVHEAP = 2/5/67  MALLOC = 37/37/37
    RESOLVING SHORT CIRCUIT TEXT...
        CPU TIME = 0  REAL TIME = 0  LVHEAP = 2/5/67  MALLOC = 37/37/37
    PROCESSING HIGH SHORTS...
        CPU TIME = 0  REAL TIME = 0  LVHEAP = 2/5/67  MALLOC = 37/37/37
    COMPUTING FINAL NET NAMES AND REPORTING TEXT WARNINGS...
        CPU TIME = 0  REAL TIME = 0  LVHEAP = 3/5/67  MALLOC = 37/37/37
POST-PROCESSING completed.  CPU TIME = 0  REAL TIME = 0  LVHEAP = 3/5/67  MALLOC = 37/37/37

CONNECTIVITY EXTRACTION completed.  CPU TIME = 0  REAL TIME = 0  LVHEAP = 2/5/67  MALLOC = 37/37/37 ELAPSED TIME = 0

WRITING CELL INFORMATION to PHDB svdb
PHDB CELL DATA WRITE completed.  CPU TIME = 0  REAL TIME = 0  LVHEAP = 2/5/67  MALLOC = 37/37/37  ELAPSED TIME = 0

WRITING CONNECT INFORMATION to PHDB svdb
PHDB CONNECT INFORMATION written. CPU TIME = 0  REAL TIME = 0  LVHEAP = 2/5/67  MALLOC = 37/37/37  ELAPSED TIME = 0

Layer via1 DELETED -- LVHEAP = 2/5/67

Layer via2 DELETED -- LVHEAP = 2/5/67

Layer metal2 DELETED -- LVHEAP = 2/5/67

Layer metal3 DELETED -- LVHEAP = 2/5/67

Layer pcont DELETED -- LVHEAP = 2/5/67

Layer ncont DELETED -- LVHEAP = 2/5/67

Layer ncont1 DELETED -- LVHEAP = 2/5/67

Layer pcont1 DELETED -- LVHEAP = 2/5/67

Layer active_contact DELETED -- LVHEAP = 2/5/67

Layer contact DELETED -- LVHEAP = 2/5/67

Layer poly_contact DELETED -- LVHEAP = 2/5/67

Layer metal1 DELETED -- LVHEAP = 2/5/67

DEVICE RECOGNITION
------------------
LVS PUSH DEVICES enabled.

DEVICE RECOGNITION TOTAL LAYER PREPARATION TIME:  CPU TIME = 0  REAL TIME = 0  LVHEAP = 2/5/67 ELAPSED TIME = 0

DEVICE RECOGNITION PRECISE INTERACTION BEGINS.

DEVICE RECOGNITION TOTAL PRECISE INTERACTION TIME:  CPU TIME = 0  REAL TIME = 0  LVHEAP = 3/5/67 ELAPSED TIME = 0
TENTATIVE SEED PROMOTIONS:   seed layer  seeds  cell : layers touched
TENTATIVE SEED PROMOTIONS: ------------  -----  -----------------------------------------
SEED PROMOTIONS: 
SEED PROMOTIONS: ==============================================================
SEED PROMOTIONS: 
SEED PROMOTIONS:   seed layer  seeds  cell : layers touched
SEED PROMOTIONS: ------------  -----  -----------------------------------------
SEED PROMOTIONS: 
SEED PROMOTIONS:       TOTAL:      0

DEVICE RECOGNITION completed.  CPU TIME = 0  REAL TIME = 0  LVHEAP = 3/5/67  MALLOC = 37/37/37 ELAPSED TIME = 0

Extraction Errors and Warnings for cell "bs1"
---------------------------------------------

WARNING:  Short circuit - Different names on one net:
          Net Id:  26
          (1)  name  "Out"  at location  (63.6,-0.3)  on layer  49 "metal1"
          (2)  name  "vdd"  at location  (-8.7,0.3)  on layer  49 "metal1"
          (3)  name  "vdd"  at location  (-8.7,51.9)  on layer  49 "metal1"
          The name "vdd" was assigned to the net.



HIERARCHICAL SPICE NETLISTER
----------------------------
HIERARCHICAL SPICE NETLISTER completed.  CPU TIME = 0  REAL TIME = 0  LVHEAP = 2/5/67  MALLOC = 37/37/37 ELAPSED TIME = 0

WRITING DEVICE INFORMATION to PHDB svdb
PHDB DEVICE INFORMATION written. CPU TIME = 0  REAL TIME = 0  LVHEAP = 2/5/67  MALLOC = 37/37/37  ELAPSED TIME = 0

Layer pgate DELETED -- LVHEAP = 2/5/67

Layer psrcdrn DELETED -- LVHEAP = 2/5/67

Layer nsub DELETED -- LVHEAP = 2/5/67

Layer ngate DELETED -- LVHEAP = 2/5/67

Layer poly DELETED -- LVHEAP = 2/5/67

Layer nsrcdrn DELETED -- LVHEAP = 2/5/67

Layer pwell DELETED -- LVHEAP = 2/5/67

WRITING PHDB to directory svdb
PHDB WRITE completed.  CPU TIME = 0  REAL TIME = 0  LVHEAP = 2/5/67  MALLOC = 38/38/38  ELAPSED TIME = 1

--- CALIBRE::HIERARCHICAL CIRCUIT EXTRACTOR COMPLETED - Wed Nov 28 16:14:51 2018
--- TOTAL CPU TIME = 0  REAL TIME = 0  LVHEAP = 2/5/67  MALLOC = 38/38/38  ELAPSED TIME = 1
--- PROCESSOR COUNT = 1

--- SPICE NETLIST FILE = /home/dshadoa/Desktop/BPM/bs1/lvs/./extracted.sp
--- CIRCUIT EXTRACTION REPORT FILE = bs1.lvs.report.ext
--- PERSISTENT HIERARCHICAL DATABASE(PHDB) = svdb/bs1.phdb
--- QUERY DATABASE = svdb  TOP CELL = bs1





                         ###################
                         ###################
                         ###################
                         ###################
                         ###################
                         ###################
                         ###################






--- CALIBRE::LVS-H - Wed Nov 28 16:14:51 2018

--------------------------------------------------------------------------------
--------------------------------------------------------------------------------
-----               CALIBRE::LVS/xRC - INITIALIZATION MODULE               -----
--------------------------------------------------------------------------------
--------------------------------------------------------------------------------

Performing global initialization ... 

Initializing LVS ... 

--- CALIBRE::LVS/xRC INITIALIZATION MODULE COMPLETED.  CPU TIME = 0  REAL TIME = 0  LVHEAP = 66/69/69  MALLOC = 40/40/40  ELAPSED TIME = 1

--------------------------------------------------------------------------------
--------------------------------------------------------------------------------
-----                 CALIBRE::LVS/xRC - EXECUTIVE MODULE                  -----
--------------------------------------------------------------------------------
--------------------------------------------------------------------------------

LVS started ... 

//  Licensed Products
//  -----------------
//  Base products running on 1 core:
//  - LVS (Hierarchical)

READING layout ...
Layout READ.  CPU TIME = 0  REAL TIME = 0  LVHEAP = 66/69/69  MALLOC = 41/41/41

READING source ...
Source READ.  CPU TIME = 0  REAL TIME = 0  LVHEAP = 67/69/69  MALLOC = 41/41/41

Identifying CORRESPONDING cells ...
CORRESPONDING Cells Identified.  CPU TIME = 0  REAL TIME = 0

Reallocating Instance Pins...
Instance Pins Reallocated.  CPU TIME = 0  REAL TIME = 0  LVHEAP = 67/69/69  MALLOC = 41/41/41

Writing XDB Placement Hierarchy ...
XDB Placement Hierarchy Written.  CPU TIME = 0  REAL TIME = 0  LVHEAP = 67/69/69  MALLOC = 41/41/41

Adding GLOBAL elements ...
GLOBAL elements added.  CPU TIME = 0  REAL TIME = 0

Resolving DEEP SHORTS ...
DEEP SHORTS resolved.  CPU TIME = 0  REAL TIME = 0

EXPANDING unbalanced cells ...
Unbalanced cells EXPANDED.  CPU TIME = 0  REAL TIME = 0  LVHEAP = 67/69/69  MALLOC = 41/41/41

Resolving HIGH SHORTS ...
      High Shorted pins CLK_B D of source cell dffposZ.
HIGH SHORTS resolved.  CPU TIME = 0  REAL TIME = 0

Deleting TRIVIAL PINS ...
TRIVIAL PINS deleted.  CPU TIME = 0  REAL TIME = 0

FLATTENING and TRANSFORMING cells to comparison ready form ...

Computing OPTIMAL TEMPLATE ORDER ...
OPTIMAL TEMPLATE ORDER computed.  CPU TIME = 0  REAL TIME = 0  LVHEAP = 67/69/69  MALLOC = 41/41/41

FLATTENING and TRANSFORMING to comparison ready form layout and source top level cells ...

Flattening (SOURCE).    CPU TIME = 0  REAL TIME = 0  LVHEAP = 67/69/69

Reduce Series and Parallel Mosfets.  CPU TIME = 0  REAL TIME = 0  LVHEAP = 67/69/69

Reduce Semi-Series Mosfets.  CPU TIME = 0  REAL TIME = 0  LVHEAP = 67/69/69

Reduce Split Gates.  CPU TIME = 0  REAL TIME = 0  LVHEAP = 67/69/69

Logic Injection.    CPU TIME = 0  REAL TIME = 0  LVHEAP = 68/69/69

Recognize Gates.  CPU TIME = 0  REAL TIME = 0  LVHEAP = 68/69/69

Reduce Series and Parallel Mosfets.  CPU TIME = 0  REAL TIME = 0  LVHEAP = 68/69/69

Reduce Semi-Series Mosfets.  CPU TIME = 0  REAL TIME = 0  LVHEAP = 68/69/69

Reduce Split Gates.  CPU TIME = 0  REAL TIME = 0  LVHEAP = 68/69/69

======================================================================================================================================================
                              LVS HIERARCHICAL INJECTION STATISTICS
===============================================================================================================================================================
                Name  |   Found  | Inject |   Rej  |   Rej  |   Rej  |   Rej  |   Rej  |   Rej  |  Types |   Sub- |  Same  |    Properties 
                      |          |        |  #pins |  suppl |  subst |  names |  ambig |  ident |        |  types |  path  |   unique/total 
===============================================================================================================================================================
                _invb |        2 |      2 |      0 |      0 |      0 |      0 |      0 |      0 |      1 |      1 |      2 |        1/       2 
                _invv |       12 |     12 |      0 |      0 |      0 |      0 |      0 |      0 |      1 |      2 |      6 |        2/      12 
              _mser2v |       19 |     19 |      0 |      0 |      0 |      0 |      0 |      0 |      2 |      4 |      9 |        2/      19 
              _mser3v |        4 |      4 |      0 |      0 |      0 |      0 |      0 |      0 |      2 |      4 |      2 |        2/       4 
              _nand2v |        2 |      2 |      0 |      0 |      0 |      0 |      0 |      0 |      1 |      2 |      1 |        1/       2 
                _tgmb |        3 |      3 |      0 |      0 |      0 |      0 |      0 |      0 |      1 |      2 |      1 |        1/       3 
===============================================================================================================================================================
Totals:
Instances Injected 42
Rejected as rare   0
Instances Deleted  114
Nets Deleted       29
===============================================================================================================================================================

Logic Injection.    CPU TIME = 0  REAL TIME = 0  LVHEAP = 67/69/69

Recognize Gates.  CPU TIME = 0  REAL TIME = 0  LVHEAP = 67/69/69

Cells FLATTENED and TRANSFORMED.  CPU TIME = 0  REAL TIME = 0  LVHEAP = 67/69/69

All cells FLATTENED and TRANSFORMED.  CPU TIME = 0  REAL TIME = 0  LVHEAP = 67/69/69  MALLOC = 42/42/42

COMPARING corresponding cells ...

COMPARING layout and source top levels ...

Assign Initial Net Ids.  CPU TIME = 0  REAL TIME = 0

Assign Initial Net Ids.  CPU TIME = 0  REAL TIME = 0

ANCHOR Points.  0 instances, 12 nets matched.  CPU TIME = 0  REAL TIME = 0

Begin NBD ...
NBD 2.  23 instances, 7 nets matched.  CPU TIME = 0  REAL TIME = 0

      TOTAL:  23 instances,  19 nets  matched.  CPU TIME = 0  REAL TIME = 0

Begin REPAIR ...
REPAIR.  0 instances, 3 nets matched.  CPU TIME = 0  REAL TIME = 0

      TOTAL:  23 instances,  22 nets  matched.  CPU TIME = 0  REAL TIME = 0

STATUSES.  CPU TIME = 0  REAL TIME = 0

COMPARISON completed.  CPU TIME = 0  REAL TIME = 0

All corresponding cells COMPARED.  CPU TIME = 0  REAL TIME = 0

Corresponding cells TRANSFORMED and COMPARED.  CPU TIME = 0  REAL TIME = 0

Writing REPORT ...
Writing CROSS REFERENCE files...
CROSS REFERENCE files completed.  CPU TIME = 0  REAL TIME = 0
REPORT written.  CPU TIME = 0  REAL TIME = 0

Cumulative READING INPUTS Time:                          CPU =       0,     REAL =       0
Cumulative IDENTIFYING CORRESPONDING CELLS Time:         CPU =       0,     REAL =       0
    Cumulative CHECKING PORTS Time:                      CPU =       0,     REAL =       0
Cumulative REALLOCATING PINS Time:                       CPU =       0,     REAL =       0
Cumulative WRITING XDB HIERARCHY Time:                   CPU =       0,     REAL =       0
Cumulative ADDING GLOBALS Time:                          CPU =       0,     REAL =       0
Cumulative RESOLVING DEEP SHORTS Time:                   CPU =       0,     REAL =       0
Cumulative RESOLVING HIGH SHORTS Time:                   CPU =       0,     REAL =       0
Cumulative DELETING TRIVIAL PINS Time:                   CPU =       0,     REAL =       0
Cumulative EXPANDING UNBALANCED CELLS Time:              CPU =       0,     REAL =       0
Cumulative TRANSFORMS AND FLATTENING Time:               CPU =       0,     REAL =       0
    Cumulative FLATTENING Time:                          CPU =       0,     REAL =       0
    Cumulative TRANSFORMS Time:                          CPU =       0,     REAL =       0
        Cumulative INJECTION Time:                       CPU =       0,     REAL =       0
            Cumulative COMPACTION Time:                  CPU =       0,     REAL =       0
        Cumulative REDUCTION Time:                       CPU =       0,     REAL =       0
        Cumulative GATES Time:                           CPU =       0,     REAL =       0
        Cumulative UNUSED Time:                          CPU =       0,     REAL =       0
Cumulative COMPARISON Time:                              CPU =       0,     REAL =       0
    Cumulative MERGE PRIMITIVE TEMPLATES Time:           CPU =       0,     REAL =       0
    Cumulative MERGE SUBGRAPH TEMPLATES Time:            CPU =       0,     REAL =       0
    Cumulative NBD AND AMBIGUITY Time:                   CPU =       0,     REAL =       0
        Cumulative NBD Time:                             CPU =       0,     REAL =       0
            Cumulative INITIAL NBD IDS Time:             CPU =       0,     REAL =       0
            Cumulative NEW NBD CONVERT Time:             CPU =       0,     REAL =       0
            Cumulative NEW NBD BACK CONVERT Time:        CPU =       0,     REAL =       0
            Cumulative NEW NBD ALG RUN Time:             CPU =       0,     REAL =       0
            Cumulative NEW NBD IDS Time:                 CPU =       0,     REAL =       0
            Cumulative MATCH NBD NODES Time:             CPU =       0,     REAL =       0
        Cumulative TPL Time:                             CPU =       0,     REAL =       0
        Cumulative BIN Time:                             CPU =       0,     REAL =       0
        Cumulative PRP Time:                             CPU =       0,     REAL =       0
        Cumulative AMBIGUITY Time:                       CPU =       0,     REAL =       0
            Cumulative AMBIGUITY BY PROPERTIES Time:     CPU =       0,     REAL =       0
            Cumulative AMBIGUITY BY SUBTYPES Time:       CPU =       0,     REAL =       0
            Cumulative AMBIGUITY HIERARCHICAL Time:      CPU =       0,     REAL =       0
            Cumulative AMBIGUITY ARBITRARY Time:         CPU =       0,     REAL =       0
    Cumulative REWIRE Time:                              CPU =       0,     REAL =       0
    Cumulative REPAIR Time:                              CPU =       0,     REAL =       0
Cumulative REPORT Time:                                  CPU =       0,     REAL =       0


LVS completed. INCORRECT. See report file: bs1.lvs.report

LVS completed.  CPU TIME = 0  REAL TIME = 0  LVHEAP = 67/69/69  MALLOC = 47/47/47  ELAPSED TIME = 1

--- LVS REPORT FILE = bs1.lvs.report
--- CALIBRE::LVS/xRC EXECUTIVE MODULE COMPLETED.  CPU TIME = 0  REAL TIME = 0  LVHEAP = 2/5/69  MALLOC = 43/43/47  ELAPSED TIME = 1

--- CALIBRE::LVS/xRC COMPLETED - Wed Nov 28 16:14:51 2018
--- TOTAL CPU TIME = 0  REAL TIME = 0  LVHEAP = 2/5/69  MALLOC = 43/43/47  ELAPSED TIME = 1
--- XDB CROSS REFERENCE DATABASE = svdb/bs1.xdb

--- SPICE NETLIST FILE = /home/dshadoa/Desktop/BPM/bs1/lvs/./extracted.sp
--- CIRCUIT EXTRACTION REPORT FILE = bs1.lvs.report.ext
--- PERSISTENT HIERARCHICAL DATABASE(PHDB) = svdb/bs1.phdb
--- QUERY DATABASE = svdb  TOP CELL = bs1

--- GRAND TOTAL CPU TIME = 0  REAL TIME = 1  LVHEAP = 2/5/69  MALLOC = 43/43/47  ELAPSED TIME = 1

