
                           Design Compiler Graphical 
                                 DC Ultra (TM)
                                  DFTMAX (TM)
                              Power Compiler (TM)
                                 DesignWare (R)
                                 DC Expert (TM)
                               Design Vision (TM)
                               HDL Compiler (TM)
                               VHDL Compiler (TM)
                                  DFT Compiler
                               Design Compiler(R)

               Version M-2016.12-SP1 for linux64 - Jan 13, 2017 

                    Copyright (c) 1988 - 2017 Synopsys, Inc.
   This software and the associated documentation are proprietary to Synopsys,
 Inc. This software may only be used in accordance with the terms and conditions
 of a written license agreement with Synopsys, Inc. All other use, reproduction,
            or distribution of this software is strictly prohibited.
Initializing...
#
# OKSTATE Main Synopsys Flow
# Updated Sep 27, 2015 jes
#
# Verilog files
set my_verilog_files [list bpm_pad.v]
bpm_pad.v
# VHDL files
# set my_vhdl_files [list top.vhd]
# Set toplevel
set my_toplevel bpm_pad
bpm_pad
# Set number of significant digits
set report_default_significant_digits 6
6
# V(HDL) Unconnectoed Pins Output
set verilogout_show_unconnected_pins "true"
true
set vhdlout_show_unconnected_pins "true"
true
#
# Due to parameterized Verilog must use analyze/elaborate and not 
# read_verilog/vhdl (change to pull in Verilog and/or VHDL)
#
define_design_lib WORK -path ./WORK
1
analyze -f sverilog -lib WORK $my_verilog_files
Running PRESTO HDLC
Compiling source file ./hdl/bpm_pad.v
Presto compilation completed successfully.
Loading db file '/classes/ecen4303F18/osu_soc_3.0/lib/ami05/lib/osu05_stdcells.db'
Loading db file '/programs/synopsys/syn_vM-2016.12/libraries/syn/dw_foundation.sldb'
Loading db file '/home/dshadoa/Desktop/BPM/chip/synth/custom.db'
1
#
# Added if you had any VHDL
# analyze -f vhdl -lib WORK $my_vhdl_files
#
elaborate $my_toplevel -lib WORK 
Loading db file '/programs/synopsys/syn_vM-2016.12/libraries/syn/gtech.db'
Loading db file '/programs/synopsys/syn_vM-2016.12/libraries/syn/standard.sldb'
  Loading link library 'osu05_stdcells'
  Loading link library 'custom'
  Loading link library 'gtech'
Running PRESTO HDLC
Presto compilation completed successfully.
Elaborated 1 design.
Current design is now 'bpm_pad'.
Information: Building the design 'fsm'. (HDL-193)

Statistics for case statements in always block at line 131 in file
	'./hdl/bpm_pad.v'
===============================================
|           Line           |  full/ parallel  |
===============================================
|           133            |    auto/auto     |
===============================================

Inferred memory devices in process
	in routine fsm line 123 in file
		'./hdl/bpm_pad.v'.
===============================================================================
|    Register Name    |   Type    | Width | Bus | MB | AR | AS | SR | SS | ST |
===============================================================================
|  CURRENT_STATE_reg  | Flip-flop |   4   |  Y  | N  | N  | N  | N  | N  | N  |
===============================================================================
Presto compilation completed successfully.
Information: Building the design 'bpm_custom'. (HDL-193)
Warning: Cannot find the design 'bpm_custom' in the library 'WORK'. (LBR-1)
Warning: Design 'bpm_pad' has '1' unresolved references. For more detailed information, use the "link" command. (UID-341)
1
# Set the current_design 
current_design $my_toplevel
Current design is 'bpm_pad'.
{bpm_pad}
link

  Linking design 'bpm_pad'
  Using the following designs and libraries:
  --------------------------------------------------------------------------
  osu05_stdcells (library)    /classes/ecen4303F18/osu_soc_3.0/lib/ami05/lib/osu05_stdcells.db
  dw_foundation.sldb (library) /programs/synopsys/syn_vM-2016.12/libraries/syn/dw_foundation.sldb
  custom (library)            /home/dshadoa/Desktop/BPM/chip/synth/custom.db

Information: Building the design 'bpm_custom'. (HDL-193)
Warning: Cannot find the design 'bpm_custom' in the library 'WORK'. (LBR-1)
Warning: Unable to resolve reference 'bpm_custom' in 'bpm_pad'. (LINK-5)
0
# Reset all constraints 
reset_design
Information: Building the design 'bpm_custom'. (HDL-193)
Warning: Cannot find the design 'bpm_custom' in the library 'WORK'. (LBR-1)
Warning: Unable to resolve reference 'bpm_custom' in 'bpm_pad'. (LINK-5)
1
# Set Frequency in [MHz] or [ps]
set my_clock_pin clk
clk
set my_uncertainty 1
1
set my_clk_freq_MHz 50
50
set my_period [expr 1000 / $my_clk_freq_MHz]
20
# Create clock object 
set find_clock [ find port [list $my_clock_pin] ]
{clk}
if {  $find_clock != [list] } {
    echo "Found clock!"
    set my_clk $my_clock_pin
    create_clock -period $my_period $my_clk
    set_clock_uncertainty $my_uncertainty [get_clocks $my_clk]
} else {
    echo "Did not find clock! Design is probably combinational!"
    set my_clk vclk
    create_clock -period $my_period -name $my_clk
}
Found clock!
Warning: Design 'bpm_pad' has '1' unresolved references. For more detailed information, use the "link" command. (UID-341)
Warning: Design 'bpm_pad' has '1' unresolved references. For more detailed information, use the "link" command. (UID-341)
Warning: Design 'bpm_pad' has '1' unresolved references. For more detailed information, use the "link" command. (UID-341)
1
# Partitioning - flatten or hierarchically synthesize
#ungroup -flatten -simple_names { dp* }
#ungroup -flatten -simple_names { c* }
ungroup -all -flatten -simple_names
Warning: Design 'bpm_pad' has '1' unresolved references. For more detailed information, use the "link" command. (UID-341)
Information: Updating graph... (UID-83)
1
# Set input pins except clock
set all_in_ex_clk [remove_from_collection [all_inputs] [get_ports $my_clk]]
{mplier[7] mplier[6] mplier[5] mplier[4] mplier[3] mplier[2] mplier[1] mplier[0] mcand[7] mcand[6] mcand[5] mcand[4] mcand[3] mcand[2] mcand[1] mcand[0] reset}
# Specifies delays be propagated through the clock network
set_propagated_clock [get_clocks $my_clk]
Warning: Design 'bpm_pad' has '1' unresolved references. For more detailed information, use the "link" command. (UID-341)
Warning: Design 'bpm_pad' has '1' unresolved references. For more detailed information, use the "link" command. (UID-341)
Information: set_input_delay values are added to the propagated clock skew. (TIM-113)
1
# Setting constraints on input ports 
set_driving_cell  -lib_cell DFFPOSX1 -pin Q $all_in_ex_clk
Warning: Design 'bpm_pad' has '1' unresolved references. For more detailed information, use the "link" command. (UID-341)
1
# Set input/output delay
set_input_delay 0.0 -max -clock $my_clk $all_in_ex_clk
Warning: Design 'bpm_pad' has '1' unresolved references. For more detailed information, use the "link" command. (UID-341)
1
set_output_delay 0.0 -max -clock $my_clk [all_outputs]
Warning: Design 'bpm_pad' has '1' unresolved references. For more detailed information, use the "link" command. (UID-341)
1
# Setting load constraint on output ports 
set_load [expr [load_of osu05_stdcells/DFFPOSX1/D] * 1] [all_outputs]
1
# Set the wire load model 
set_wire_load_mode "top"
1
# Attempt Area Recovery - if looking for minimal area
# set_max_area 2000
# Set fanout
set_max_fanout 6 $all_in_ex_clk
1
# Fix hold time violations
set_fix_hold [all_clocks]
Warning: Design 'bpm_pad' has '1' unresolved references. For more detailed information, use the "link" command. (UID-341)
Warning: Design 'bpm_pad' has '1' unresolved references. For more detailed information, use the "link" command. (UID-341)
1
# Deal with constants and buffers to isolate ports
set_fix_multiple_port_nets -all -buffer_constants
1
# setting up the group paths to find out the required timings
#group_path -name OUTPUTS -to [all_outputs]
#group_path -name INPUTS -from [all_inputs] 
#group_path -name COMBO -from [all_inputs] -to [all_outputs]
# Save Unmapped Design
set filename [format "%s%s%s"  "unmapped/" $my_toplevel ".ddc"]
unmapped/bpm_pad.ddc
write_file -format ddc -hierarchy -o $filename
Warning: Design 'bpm_pad' has '1' unresolved references. For more detailed information, use the "link" command. (UID-341)
Writing ddc file 'unmapped/bpm_pad.ddc'.
1
# Compile statements - either compile or compile_ultra
# compile -scan -incr -map_effort high
compile_ultra -no_seq_output_inversion -no_boundary_optimization
Information: Auto ungrouping of the design is disabled because the '-no_boundary_optimization' is used. (OPT-1316)
Warning: The value of variable 'compile_preserve_subdesign_interfaces' has been changed to true because '-no_boundary_optimization' is used. (OPT-133)
Information: Starting from 2013.12 release, constant propagation is enabled even when boundary optimization is disabled. (OPT-1318)
Warning: Design 'bpm_pad' has '1' unresolved references. For more detailed information, use the "link" command. (UID-341)
Information: Performing power optimization. (PWR-850)
Alib files are up-to-date.
Information: Evaluating DesignWare library utilization. (UISN-27)

============================================================================
| DesignWare Building Block Library  |         Version         | Available |
============================================================================
| Basic DW Building Blocks           | M-2016.12-DWBB_201612.1 |     *     |
| Licensed DW Building Blocks        | M-2016.12-DWBB_201612.1 |     *     |
============================================================================


Information: There are 52 potential problems in your design. Please run 'check_design' for more information. (LINT-99)

  Simplifying Design 'bpm_pad'

Information: Building the design 'bpm_custom'. (HDL-193)
Warning: Cannot find the design 'bpm_custom' in the library 'WORK'. (LBR-1)
Warning: Unable to resolve reference 'bpm_custom' in 'bpm_pad'. (LINK-5)
Loaded alib file './alib-52/osu05_stdcells.db.alib'
Information: State dependent leakage is now switched from on to off.

  Beginning Pass 1 Mapping
  ------------------------
  Processing 'bpm_pad'
Information: Building the design 'bpm_custom'. (HDL-193)
Warning: Cannot find the design 'bpm_custom' in the library 'WORK'. (LBR-1)
Warning: Unable to resolve reference 'bpm_custom' in 'bpm_pad'. (LINK-5)
Warning: Design 'bpm_pad' has '1' unresolved references. For more detailed information, use the "link" command. (UID-341)

  Updating timing information
Information: Updating design information... (UID-85)
Information: Input delay ('fall') on clock port 'clk' will be added to the clock's propagated skew. (TIM-112)
Information: Input delay ('rise') on clock port 'clk' will be added to the clock's propagated skew. (TIM-112)

  Beginning Mapping Optimizations  (Ultra High effort)
  -------------------------------

  Beginning Constant Register Removal
  -----------------------------------

  Beginning Global Optimizations
  ------------------------------
  Global Optimization (Phase 1)
  Global Optimization (Phase 2)
  Global Optimization (Phase 3)
  Global Optimization (Phase 4)
  Global Optimization (Phase 5)
  Global Optimization (Phase 6)
  Global Optimization (Phase 7)
  Global Optimization (Phase 8)
  Global Optimization (Phase 9)
  Global Optimization (Phase 10)
  Global Optimization (Phase 11)
  Global Optimization (Phase 12)
  Global Optimization (Phase 13)
  Global Optimization (Phase 14)
  Global Optimization (Phase 15)
  Global Optimization (Phase 16)
  Global Optimization (Phase 17)
  Global Optimization (Phase 18)
  Global Optimization (Phase 19)
  Global Optimization (Phase 20)
  Global Optimization (Phase 21)
  Global Optimization (Phase 22)
  Global Optimization (Phase 23)
  Global Optimization (Phase 24)
  Global Optimization (Phase 25)
  Global Optimization (Phase 26)
  Global Optimization (Phase 27)
  Global Optimization (Phase 28)
Information: Input delay ('fall') on clock port 'clk' will be added to the clock's propagated skew. (TIM-112)
Information: Input delay ('rise') on clock port 'clk' will be added to the clock's propagated skew. (TIM-112)
Information: Input delay ('fall') on clock port 'clk' will be added to the clock's propagated skew. (TIM-112)
Information: Input delay ('rise') on clock port 'clk' will be added to the clock's propagated skew. (TIM-112)

  Beginning Isolate Ports
  -----------------------

  Beginning Delay Optimization
  ----------------------------

                                  TOTAL                                                            
   ELAPSED            WORST NEG   SETUP    DESIGN                              LEAKAGE   MIN DELAY 
    TIME      AREA      SLACK     COST    RULE COST         ENDPOINT            POWER      COST    
  --------- --------- --------- --------- --------- ------------------------- --------- -----------
    0:00:01  763371.0      0.00       0.0       0.0                             36.0108      0.00  
    0:00:01  763371.0      0.00       0.0       0.0                             36.0108      0.00  
    0:00:01  763371.0      0.00       0.0       0.0                             36.0108      0.00  
    0:00:01  763371.0      0.00       0.0       0.0                             36.0108      0.00  

  Beginning WLM Backend Optimization
  --------------------------------------
    0:00:01  763371.0      0.00       0.0       0.0                             36.0107      0.00  
    0:00:01  763371.0      0.00       0.0       0.0                             36.0107      0.00  
    0:00:01  763371.0      0.00       0.0       0.0                             36.0107      0.00  
    0:00:01  763371.0      0.00       0.0       0.0                             36.0107      0.00  
    0:00:01  763371.0      0.00       0.0       0.0                             36.0107      0.00  
    0:00:01  763371.0      0.00       0.0       0.0                             36.0107      0.00  
    0:00:01  763371.0      0.00       0.0       0.0                             36.0107      0.00  
    0:00:01  763371.0      0.00       0.0       0.0                             36.0107      0.00  
    0:00:01  763371.0      0.00       0.0       0.0                             36.0107      0.00  
    0:00:01  763371.0      0.00       0.0       0.0                             36.0107      0.00  
    0:00:01  763371.0      0.00       0.0       0.0                             36.0107      0.00  
    0:00:01  763371.0      0.00       0.0       0.0                             36.0107      0.00  
    0:00:01  763371.0      0.00       0.0       0.0                             36.0107      0.00  
    0:00:01  763371.0      0.00       0.0       0.0                             36.0107      0.00  
    0:00:01  763371.0      0.00       0.0       0.0                             36.0107      0.00  
    0:00:01  763371.0      0.00       0.0       0.0                             36.0107      0.00  
    0:00:01  763371.0      0.00       0.0       0.0                             36.0107      0.00  
    0:00:01  763371.0      0.00       0.0       0.0                             36.0107      0.00  
    0:00:01  763371.0      0.00       0.0       0.0                             36.0107      0.00  
    0:00:01  763371.0      0.00       0.0       0.0                             36.0107      0.00  
    0:00:01  763371.0      0.00       0.0       0.0                             36.0107      0.00  
    0:00:01  763371.0      0.00       0.0       0.0                             36.0107      0.00  


  Beginning Leakage Power Optimization  (max_leakage_power 0)
  ------------------------------------

                                  TOTAL                                                            
   ELAPSED            WORST NEG   SETUP    DESIGN                              LEAKAGE   MIN DELAY 
    TIME      AREA      SLACK     COST    RULE COST         ENDPOINT            POWER      COST    
  --------- --------- --------- --------- --------- ------------------------- --------- -----------
    0:00:01  763371.0      0.00       0.0       0.0                             36.0107      0.00  
  Global Optimization (Phase 29)
  Global Optimization (Phase 30)
  Global Optimization (Phase 31)
  Global Optimization (Phase 32)
  Global Optimization (Phase 33)
  Global Optimization (Phase 34)
  Global Optimization (Phase 35)
  Global Optimization (Phase 36)
  Global Optimization (Phase 37)
  Global Optimization (Phase 38)
    0:00:01  763371.0      0.00       0.0       0.0                             36.0107      0.00  
    0:00:01  763371.0      0.00       0.0       0.0                             36.0107      0.00  
    0:00:01  763371.0      0.00       0.0       0.0                             36.0107      0.00  
    0:00:01  763371.0      0.00       0.0       0.0                             36.0107      0.00  
    0:00:01  763371.0      0.00       0.0       0.0                             36.0107      0.00  
    0:00:01  763371.0      0.00       0.0       0.0                             36.0107      0.00  
    0:00:01  763371.0      0.00       0.0       0.0                             36.0107      0.00  
    0:00:01  763371.0      0.00       0.0       0.0                             36.0107      0.00  
    0:00:01  763371.0      0.00       0.0       0.0                             36.0107      0.00  
    0:00:01  763371.0      0.00       0.0       0.0                             36.0107      0.00  
    0:00:01  763371.0      0.00       0.0       0.0                             36.0107      0.00  
    0:00:01  763371.0      0.00       0.0       0.0                             36.0107      0.00  
    0:00:01  763371.0      0.00       0.0       0.0                             36.0107      0.00  
    0:00:01  763371.0      0.00       0.0       0.0                             36.0107      0.00  
    0:00:01  763371.0      0.00       0.0       0.0                             36.0107      0.00  
    0:00:01  763371.0      0.00       0.0       0.0                             36.0107      0.00  
    0:00:01  763371.0      0.00       0.0       0.0                             36.0107      0.00  
    0:00:01  763371.0      0.00       0.0       0.0                             36.0107      0.00  
    0:00:01  763371.0      0.00       0.0       0.0                             36.0107      0.00  
    0:00:01  763371.0      0.00       0.0       0.0                             36.0107      0.00  
    0:00:01  763371.0      0.00       0.0       0.0                             36.0107      0.00  
    0:00:01  763371.0      0.00       0.0       0.0                             36.0107      0.00  

                                  TOTAL                                                            
   ELAPSED            WORST NEG   SETUP    DESIGN                              LEAKAGE   MIN DELAY 
    TIME      AREA      SLACK     COST    RULE COST         ENDPOINT            POWER      COST    
  --------- --------- --------- --------- --------- ------------------------- --------- -----------
    0:00:01  763371.0      0.00       0.0       0.0                             36.0107      0.00  
    0:00:01  763371.0      0.00       0.0       0.0                             36.0107      0.00  
    0:00:01  763371.0      0.00       0.0       0.0                             36.0107      0.00  
    0:00:01  763371.0      0.00       0.0       0.0                             36.0107      0.00  
    0:00:01  763371.0      0.00       0.0       0.0                             36.0107      0.00  
    0:00:01  763371.0      0.00       0.0       0.0                             36.0107      0.00  
    0:00:01  763371.0      0.00       0.0       0.0                             36.0107      0.00  
    0:00:01  763371.0      0.00       0.0       0.0                             36.0107      0.00  
    0:00:01  763371.0      0.00       0.0       0.0                             36.0107      0.00  
Loading db file '/classes/ecen4303F18/osu_soc_3.0/lib/ami05/lib/osu05_stdcells.db'


Note: Symbol # after min delay cost means estimated hold TNS across all active scenarios 


  Optimization Complete
  ---------------------
Information: Building the design 'bpm_custom'. (HDL-193)
Warning: Cannot find the design 'bpm_custom' in the library 'WORK'. (LBR-1)
Warning: Unable to resolve reference 'bpm_custom' in 'bpm_pad'. (LINK-5)
Information: State dependent leakage is now switched from off to on.
Information: Propagating switching activity (low effort zero delay simulation). (PWR-6)
Warning: Design has unannotated black box outputs. (PWR-428)
1
# Eliminate need for assign statements (yuck!)
set verilogout_no_tri true
true
set verilogout_equation false
false
# setting to generate output files
set write_v    1        ;# generates structual netlist
1
set write_sdc  1	;# generates synopsys design constraint file for p&r
1
set write_ddc  1	;# compiler file in ddc format
1
set write_sdf  1	;# sdf file for backannotated timing sim
1
set write_pow  1 	;# genrates estimated power report
1
set write_rep  1	;# generates estimated area and timing report
1
set write_cst  1        ;# generate report of constraints
1
set write_hier 1        ;# generate hierarchy report
1
# Report Constraint Violators
set filename [format "%s%s%s"  "reports/" $my_toplevel "_constraint_all_violators.rpt"]
reports/bpm_pad_constraint_all_violators.rpt
redirect $filename {report_constraint -all_violators}
# Check design
redirect reports/check_design.rpt { check_design }
# Report Final Netlist (Hierarchical)
set filename [format "%s%s%s"  "mapped/" $my_toplevel ".vh"]
mapped/bpm_pad.vh
write_file -f verilog -hierarchy -output $filename
Warning: Design 'bpm_pad' has '1' unresolved references. For more detailed information, use the "link" command. (UID-341)
Writing verilog file '/home/dshadoa/Desktop/BPM/chip/synth/mapped/bpm_pad.vh'.
1
set filename [format "%s%s%s"  "mapped/" $my_toplevel ".sdc"]
mapped/bpm_pad.sdc
write_sdc $filename
Warning: Design 'bpm_pad' has '1' unresolved references. For more detailed information, use the "link" command. (UID-341)
1
set filename [format "%s%s%s"  "mapped/" $my_toplevel ".ddc"]
mapped/bpm_pad.ddc
write_file -format ddc -hierarchy -o $filename
Warning: Design 'bpm_pad' has '1' unresolved references. For more detailed information, use the "link" command. (UID-341)
Writing ddc file 'mapped/bpm_pad.ddc'.
1
set filename [format "%s%s%s"  "mapped/" $my_toplevel ".sdf"]
mapped/bpm_pad.sdf
write_sdf $filename
Warning: Design 'bpm_pad' has '1' unresolved references. For more detailed information, use the "link" command. (UID-341)
Information: Annotated 'cell' delays are assumed to include load delay. (UID-282)
Information: Writing timing information to file '/home/dshadoa/Desktop/BPM/chip/synth/mapped/bpm_pad.sdf'. (WT-3)
Information: Updating design information... (UID-85)
Information: Input delay ('fall') on clock port 'clk' will be added to the clock's propagated skew. (TIM-112)
Information: Input delay ('rise') on clock port 'clk' will be added to the clock's propagated skew. (TIM-112)
Warning: Design contains black-box components.  These cells will have no timing information. (WT-7)
1
# Report Timing
set filename [format "%s%s%s"  "reports/" $my_toplevel "_reportpath.rep"]
reports/bpm_pad_reportpath.rep
redirect $filename { report_path_group }
set filename [format "%s%s%s"  "reports/" $my_toplevel "_report_clock.rep"]
reports/bpm_pad_report_clock.rep
redirect $filename { report_clock }
set filename [format "%s%s%s" "reports/" $my_toplevel "_timing.rep"]
reports/bpm_pad_timing.rep
redirect $filename { report_timing -capacitance -transition_time -nets -nworst 1 }
set filename [format "%s%s%s" "reports/" $my_toplevel "_min_timing.rep"]
reports/bpm_pad_min_timing.rep
redirect $filename { report_timing -delay min }
set filename [format "%s%s%s" "reports/" $my_toplevel "_area.rep"]
reports/bpm_pad_area.rep
redirect $filename { report_area -hierarchy -nosplit -physical -designware}
set filename [format "%s%s%s" "reports/" $my_toplevel "_cell.rep"]
reports/bpm_pad_cell.rep
redirect $filename { report_cell [get_cells -hier *] }
set filename [format "%s%s%s" "reports/" $my_toplevel "_power.rep"]
reports/bpm_pad_power.rep
redirect $filename { report_power }
set filename [format "%s%s%s" "reports/" $my_toplevel "_constraint.rep"]
reports/bpm_pad_constraint.rep
redirect $filename { report_constraint }
set filename [format "%s%s%s" "reports/" $my_toplevel "_hier.rep"]
reports/bpm_pad_hier.rep
redirect $filename { report_hierarchy }
# Quit
quit

Thank you...
