//  Calibre Interactive - LVS  v2016.4_38.25    Tue Jan 3 14:54:06 PST 2017
//
//        Copyright Mentor Graphics Corporation 1996-2017
//                       All Rights Reserved.
//   THIS WORK CONTAINS TRADE SECRET AND PROPRIETARY INFORMATION
//      WHICH IS THE PROPERTY OF MENTOR GRAPHICS CORPORATION
//        OR ITS LICENSORS AND IS SUBJECT TO LICENSE TERMS.
//
//  Mentor Graphics software executing under x86-64 Linux
//
//  Running on Linux shire.ecen.okstate.edu 2.6.32-696.30.1.el6.x86_64 #1 SMP Fri May 18 11:50:44 EDT 2018 x86_64
//  64 bit virtual addressing enabled
//
//  Starting time: Fri Nov 30 16:58:00 2018
//
//  calinteractive license acquired.
//  Calibre Interactive authorized.
*lvsPowerNames: vdd
*lvsMaskDBFile: bs2.maskdb
*lvsLayoutPrimary: bs2
*lvsSpiceFile: extracted.sp
*lvsIgnorePorts: 1
*cmnVConnectNamesState: ALL
*lvsSourcePath: ../../top_dont_implement/bit1b.sp
*lvsSourceSystem: SPICE
*cmnFDILayerMapFile: /classes/ecen4303F18/calibre/layer.map
*lvsERCDatabase: bs2.erc.db
*lvsERCSummaryFile: bs2.erc.summary
*lvsRulesFile: /classes/ecen4303F18/calibre/calibreLVS_scn3me_subm.rul
*lvsGroundNames: gnd
*cmnFDIUseLayerMap: 1
*lvsReportFile: bs2.lvs.report
*lvsRunDir: .
*lvsSourcePrimary: bit1b
*cmnShowOptions: 1
*lvsLayoutPaths: ../magic/bs2.gds
Verifying the source netlist is complete before starting the run

MGC_HOME = /programs/mentor/aoi_cal_2016.4_38.25
$MGC_HOME/bin/calibre -spice /home/dshadoa/Desktop/BPM/bs2/lvs/./extracted.sp -lvs -hier -nowait /home/dshadoa/Desktop/BPM/bs2/lvs/./_calibreLVS_scn3me_subm.rul_

//  Calibre v2016.4_38.25    Tue Jan 3 14:54:06 PST 2017
//  Calibre Utility Library   v0-2_8-2016-2    Tue Feb 9 23:45:01 PST 2016
//  Litho Libraries v2016.4_38.25  Tue Jan 3 14:54:06 PST 2017
//
//        Copyright Mentor Graphics Corporation 1996-2017
//                       All Rights Reserved.
//   THIS WORK CONTAINS TRADE SECRET AND PROPRIETARY INFORMATION
//      WHICH IS THE PROPERTY OF MENTOR GRAPHICS CORPORATION
//        OR ITS LICENSORS AND IS SUBJECT TO LICENSE TERMS.
//
//  Mentor Graphics software executing under x86-64 Linux
//
//  Running on Linux shire.ecen.okstate.edu 2.6.32-696.30.1.el6.x86_64 #1 SMP Fri May 18 11:50:44 EDT 2018 x86_64 glibc 2.12/NPTL 2.12
//
//  Entries in /proc/meminfo:
//
//  MemTotal:       132118976 kB
//  MemFree:        109070216 kB
//  Buffers:          314680 kB
//  Cached:         12769136 kB
//  SwapCached:            0 kB
//  Active:         15630816 kB
//  Inactive:        5073740 kB
//  Active(anon):    7652876 kB
//  Inactive(anon):    83920 kB
//  Active(file):    7977940 kB
//  Inactive(file):  4989820 kB
//  Unevictable:           0 kB
//  Mlocked:               0 kB
//  SwapTotal:       4194300 kB
//  SwapFree:        4194300 kB
//  Dirty:              1656 kB
//  Writeback:             0 kB
//  AnonPages:       7617332 kB
//  Mapped:           300724 kB
//  Shmem:            116064 kB
//  Slab:            1119700 kB
//  SReclaimable:     844064 kB
//  SUnreclaim:       275636 kB
//  KernelStack:       26720 kB
//  PageTables:       362824 kB
//  NFS_Unstable:          0 kB
//  Bounce:                0 kB
//  WritebackTmp:          0 kB
//  CommitLimit:    70253788 kB
//  Committed_AS:   15579940 kB
//  VmallocTotal:   34359738367 kB
//  VmallocUsed:      512768 kB
//  VmallocChunk:   34291676724 kB
//  HardwareCorrupted:     0 kB
//  AnonHugePages:   5367808 kB
//  HugePages_Total:       0
//  HugePages_Free:        0
//  HugePages_Rsvd:        0
//  HugePages_Surp:        0
//  Hugepagesize:       2048 kB
//  DirectMap4k:        7844 kB
//  DirectMap2M:     3102720 kB
//  DirectMap1G:    131072000 kB
//
//  User limits:
//
//  Data size: unlimited
//  RSS: unlimited
//  Stack size: 10485760 kB
//  Max user processes: 1024
//  VM: unlimited
//
//  Processor Intel(R) Xeon(R) CPU E5-4617 0 @ 2.90GHz [062d7]
//  CPU Info: Cores = 12, SMT capable but is disabled
//  Max file descriptors: 1024
//  64 bit virtual addressing enabled
//  Running aoi_cal_2016.4_38.25/pkgs/icv/pvt/calibre -spice /home/dshadoa/Desktop/BPM/bs2/lvs/./extracted.sp -lvs -hier -nowait /home/dshadoa/Desktop/BPM/bs2/lvs/./_calibreLVS_scn3me_subm.rul_
//  Process ID: 108480
//
//  Starting time: Fri Nov 30 16:58:02 2018
//
//  Running on 1 CPU (pending licensing) 
//
//

--------------------------------------------------------------------------------
--------------------------------------------------------------------------------
-----          STANDARD VERIFICATION RULE FILE COMPILATION MODULE          -----
--------------------------------------------------------------------------------
--------------------------------------------------------------------------------

--- RULE FILE = /home/dshadoa/Desktop/BPM/bs2/lvs/./_calibreLVS_scn3me_subm.rul_

//
//  Rule file generated on Fri Nov 30 16:58:01 CST 2018
//     by Calibre Interactive - LVS (v2016.4_38.25)
//
//      *** PLEASE DO NOT MODIFY THIS FILE ***
//
//

LAYOUT PATH  "/home/dshadoa/Desktop/BPM/bs2/lvs/./../magic/bs2.gds"
LAYOUT PRIMARY "bs2"
LAYOUT SYSTEM GDSII

SOURCE PATH "/home/dshadoa/Desktop/BPM/bs2/lvs/./../../top_dont_implement/bit1b.sp"
SOURCE PRIMARY "bit1b"
SOURCE SYSTEM SPICE

MASK SVDB DIRECTORY "svdb" QUERY

LVS REPORT "bs2.lvs.report"

LVS REPORT OPTION NONE
LVS FILTER UNUSED OPTION NONE SOURCE
LVS FILTER UNUSED OPTION NONE LAYOUT
LVS REPORT MAXIMUM 50
LVS POWER NAME
	"vdd"

LVS GROUND NAME
	"gnd"


LVS RECOGNIZE GATES ALL


LVS ABORT ON SOFTCHK NO
LVS ABORT ON SUPPLY ERROR YES
LVS IGNORE PORTS YES
LVS SHOW SEED PROMOTIONS NO
LVS SHOW SEED PROMOTIONS MAXIMUM 50

LVS ISOLATE SHORTS NO


VIRTUAL CONNECT COLON NO
VIRTUAL CONNECT REPORT NO
VIRTUAL CONNECT NAME ?

LVS EXECUTE ERC YES
ERC RESULTS DATABASE "bs2.erc.db"
ERC SUMMARY REPORT "bs2.erc.summary" REPLACE HIER
ERC CELL NAME YES CELL SPACE XFORM
ERC MAXIMUM RESULTS 1000
ERC MAXIMUM VERTEX 4096

DRC ICSTATION YES


INCLUDE "/classes/ecen4303F18/calibre/calibreLVS_scn3me_subm.rul"



--- STANDARD VERIFICATION RULE FILE COMPILATION MODULE COMPLETED.  CPU TIME = 0  REAL TIME = 0  LVHEAP = 1/3/3

--- CALIBRE_* ENVIRONMENT VARIABLES:

CALIBRE_CMD_LINE='/programs/mentor/aoi_cal_2016.4_38.25/pkgs/icv/pvt/calibre  -spice /home/dshadoa/Desktop/BPM/bs2/lvs/./extracted.sp -lvs -hier -nowait /home/dshadoa/Desktop/BPM/bs2/lvs/./_calibreLVS_scn3me_subm.rul_'
CALIBRE_HOME=/programs/mentor/aoi_cal_2016.4_38.25
CALIBRE_INITIAL_CMD_LINE='/programs/mentor/aoi_cal_2016.4_38.25/bin/calibre -spice /home/dshadoa/Desktop/BPM/bs2/lvs/./extracted.sp -lvs -hier -nowait /home/dshadoa/Desktop/BPM/bs2/lvs/./_calibreLVS_scn3me_subm.rul_'
CALIBRE_READDB_LD_LIBRARY_PATH=/programs/mentor/aoi_cal_2016.4_38.25/shared/pkgs/icv/tools/calibre_client/lib/64:/programs/mentor/aoi_cal_2016.4_38.25/pkgs/calibre_base/lib64:/programs/mentor/aoi_cal_2016.4_38.25/pkgs/icv_lib/lib64:/programs/mentor/aoi_cal_2016.4_38.25/pkgs/icv_qt_comp/plugins:/programs/mentor/aoi_cal_2016.4_38.25/pkgs/umc_libs/lib/lnx32:/programs/mentor/aoi_cal_2016.4_38.25/shared/pkgs/icv_oa/22.41.004/lib/linux_rhel40_gcc44x_64/opt
CALIBRE_SKIP_OS_CHECKS=
CALIBRE_SSE3_SUPPORTED=1

--- CALIBRE::HIERARCHICAL CIRCUIT EXTRACTOR - Fri Nov 30 16:58:02 2018

//  Applying licensing policy...
//  calibrehlvs license acquired.
//  calibrelvs license acquired.

//  Licensed Products
//  -----------------
//  Base products running on 1 core:
//  - LVS (Hierarchical)
//  - LVS Extraction

--------------------------------------------------------------------------------
--------------------------------------------------------------------------------
-----                   CALIBRE LAYOUT DATA INPUT MODULE                   -----
--------------------------------------------------------------------------------
--------------------------------------------------------------------------------

--- LAYOUT SYSTEM = GDS
--- LAYOUT MAGNIFICATION = 1

--------------------------------------------------------------------------------
-----                     GDS FILE SUMMARY INFORMATION                     -----
--------------------------------------------------------------------------------

GDS FILENAME:        /home/dshadoa/Desktop/BPM/bs2/lvs/./../magic/bs2.gds
GDS VERSION:         3
LIBRARY NAME:        bs2
LAST MODIFIED:       ON 2018/11/30 AT 16:55:41
LAST ACCESSED:       ON 2018/11/30 AT 16:55:54
DATABASE PRECISION:  0.001 user units per database unit
PHYSICAL PRECISION:  1e-09 meters per database unit
MAGNIFICATION:       1

--------------------------------------------------------------------------------
-----                 GDS INPUT DATA FOR INDIVIDUAL CELLS                  -----
--------------------------------------------------------------------------------
     CELL NAME                  PLACEMENTS   ARRAYS   POLYGONS    PATHS    TEXTS
--------------------------------------------------------------------------------
______mux21_magic_mux21                  0        0         56        0        6
______inv_magic_inverter                 0        0         40        0        4
______bc1a_magic_bc1a                    2        0        103        0        4
______nand_magic_nand                    0        0         65        0        4
______dffpos_magic_dffpos                0        0        278        0        4
bs2                                      3        0        167        0       15

NOTE: UNUSED geometric data is present on the following layer/datatype pairs:

NOTE: USED geometric data is present on the following layer/datatype pairs:
    SIMPLE LAYER = 41
        LAYER = 41 DATATYPE = 0
    SIMPLE LAYER = 42
        LAYER = 42 DATATYPE = 0
    SIMPLE LAYER = 43
        LAYER = 43 DATATYPE = 0
    SIMPLE LAYER = 44
        LAYER = 44 DATATYPE = 0
    SIMPLE LAYER = 45
        LAYER = 45 DATATYPE = 0
    SIMPLE LAYER = 46
        LAYER = 46 DATATYPE = 0
    SIMPLE LAYER = 47
        LAYER = 47 DATATYPE = 0
    SIMPLE LAYER = 48
        LAYER = 48 DATATYPE = 0
    SIMPLE LAYER = 49
        LAYER = 49 DATATYPE = 0
    SIMPLE LAYER = 50
        LAYER = 50 DATATYPE = 0
    SIMPLE LAYER = 51
        LAYER = 51 DATATYPE = 0

NOTE: The following required simple layers are EMPTY:
    25
    61
    62

--- LAYOUT DATABASE CONSTRUCTOR COMPLETED.  CPU TIME = 0  REAL TIME = 0  LVHEAP = 3/4/67

CONSTRUCTING HIERARCHICAL DATABASE
    COPYING LAYOUT DATABASE
    PROCESSING TEXT
    ELIMINATING DUPLICATE TEXT
    ELIMINATING EMPTY CELLS
    COMPUTING RECTANGULAR EXTENTS
    ELIMINATING DUPLICATE PLACEMENTS
    IDENTIFYING TOP LAYER CELLS
    IDENTIFYING ADDITIONAL TOP LAYER CELLS
    IDENTIFYING VERY SMALL CELLS
    CHECKING ACUTE/SKEW/ANGLED/OFFGRID
    FLATTENING VERY SMALL CELL PLACEMENTS
    FLATTENING SELECTED TOP LAYER CELL PLACEMENTS
    FLATTENING SELECTED LAYERS
    EXPANDING UNIQUE ICV PLACEMENTS
    EXPANDING LARGE TOP LAYER CELL PLACEMENTS
    COMPUTING RECTILINEAR EXTENTS
    SORTING PLACEMENTS
    ELIMINATING DUPLICATE PLACEMENTS
    EXPANDING UNIQUE TRANSPARENT CELL PLACEMENTS
    EXPANDING UNIQUE LIGHT-WEIGHT CELL PLACEMENTS
        ______inv_magic_inverter in ______bc1a_magic_bc1a at (2.7,-4.2)
        ______mux21_magic_mux21 in ______bc1a_magic_bc1a at (2.4,22.8)
        ______dffpos_magic_dffpos in bs2 at (22.5,-0.6)
        ______nand_magic_nand in bs2 at (16.2,-0.6)
        ______bc1a_magic_bc1a in bs2 at (-0.3,-0.6)
    EXPANDING TRIVIAL CELL PLACEMENTS
    EXPANDING VERY SPARSE ARRAY PLACEMENTS
    EXPANDING LARGE CELL ARRAY PLACEMENTS
    EXPANDING VERY SPARSE CELL PLACEMENTS
    ELIMINATING DUPLICATE SUPER-HIERARCHICAL PLACEMENTS
    PROCESSING LAYOUT BLOAT LAYERS (auto-detected)
    PROCESSING LARGE CELL EXTENT-BLOATING LAYERS
    EXPANDING DENSE OVERLAPS
    EXPANDING UNIQUE META-CELL PLACEMENTS
    IDENTIFYING MULTI-CORE CELLS
    INJECTING HIERARCHY
    COMPUTING RECTANGULAR EXTENTS
    SORTING PLACEMENTS
    PUSHING VERY SMALL CELL PLACEMENTS
    PUSHING TOP LAYER CELL PLACEMENTS
    FLATTENING VERY SMALL CELL PLACEMENTS
    FLATTENING SMALL TOP LAYER CELL PLACEMENTS
    COMPUTING CELL-TO-WORLD TRANSFORMS
    SORTING PLACEMENTS
    PACKING HIERARCHY
    COMPUTING PLACEMENT OVERLAP RECORDS
    COMPUTING CELL OVERLAP AREAS
    INTERSECTING PLACEMENTS AND OVERLAP AREAS
HIERARCHICAL DATABASE CONSTRUCTOR COMPLETE.
CPU TIME = 0  REAL TIME = 0  LVHEAP = 2/5/67

--------------------------------------------------------------------------------
-----               TEXT OBJECTS FOR CONNECTIVITY EXTRACTION               -----
--------------------------------------------------------------------------------

vdd (-10.5,51.3) 49 bs2                 gnd (-8.4,26.1) 49 bs2
vdd (-7.5,0.6) 49 bs2                   en (-5.4,5.7) 49 bs2
clk (-4.2,7.8) 49 bs2                   muxA_in (-3.3,13.2) 49 bs2
muxB_in (-3.3,15.3) 49 bs2              reg_in (-3.3,30.3) 49 bs2
mplier (-3.3,36.9) 49 bs2               mcand (-3.3,39) 49 bs2
q0 (-3.3,41.1) 49 bs2                   Init (-3.3,48.6) 49 bs2
Out (63.3,13.5) 49 bs2                  muxB_out (63.3,19.2) 49 bs2
muxA_out (63.3,21.6) 49 bs2

--------------------------------------------------------------------------------
-----                TEXT OBJECTS FOR WITH TEXT OPERATIONS                 -----
--------------------------------------------------------------------------------


--------------------------------------------------------------------------------
-----               TEXT OBJECTS FOR EXPAND TEXT OPERATIONS                -----
--------------------------------------------------------------------------------


--------------------------------------------------------------------------------
-----                  TEXT OBJECTS FOR CAPI OPERATIONS                    -----
--------------------------------------------------------------------------------


--------------------------------------------------------------------------------
-----                                PORTS                                 -----
--------------------------------------------------------------------------------

vdd (-10.5,51.3) 49 bs2                 gnd (-8.4,26.1) 49 bs2
vdd (-7.5,0.6) 49 bs2                   en (-5.4,5.7) 49 bs2
clk (-4.2,7.8) 49 bs2                   muxA_in (-3.3,13.2) 49 bs2
muxB_in (-3.3,15.3) 49 bs2              reg_in (-3.3,30.3) 49 bs2
mplier (-3.3,36.9) 49 bs2               mcand (-3.3,39) 49 bs2
q0 (-3.3,41.1) 49 bs2                   Init (-3.3,48.6) 49 bs2
Out (63.3,13.5) 49 bs2                  muxB_out (63.3,19.2) 49 bs2
muxA_out (63.3,21.6) 49 bs2

--------------------------------------------------------------------------------
-----             LAYER READ SUMMARY (SIMPLE LAYER GEOMETRIES)             -----
--------------------------------------------------------------------------------
SIMPLE LAYER      GEOMETRIES                                                    
--------------------------------------------------------------------------------

  25                     0
  41                    17
  42                    16
  43                    70
  44                    18
  45                    19
  46                   118
  47                    26
  48                   192
  49                   145
  50                    40
  51                    48
  61                     0
  62                     0

--------------------------------------------------------------------------------
-----            LAYER READ SUMMARY (ORIGINAL LAYER GEOMETRIES)            -----
--------------------------------------------------------------------------------
ORIGINAL LAYER       INITIAL GEOMETRIES                 FINAL GEOMETRIES        
--------------------------------------------------------------------------------

pimplant                  18 (18)                          18 (18)              
active                    70 (70)                          70 (70)              
nimplant                  19 (19)                          19 (19)              
poly                     118 (118)                        118 (118)             
pwell                     17 (17)                          17 (17)              
nwell                     16 (16)                          16 (16)              
via1                      40 (40)                          40 (40)              
metal1                   145 (145)                        145 (145)             
metal2                    48 (48)                          48 (48)              
via2                       0 (0)                            0 (0)               
metal3                     0 (0)                            0 (0)               
contact                    0 (0)                            0 (0)               
active_contact           192 (192)                        192 (192)             
poly_contact              26 (26)                          26 (26)              

--------------------------------------------------------------------------------
-----         LAYER READ SUMMARY (TEXT FOR CONNECTIVITY EXTRACTION)        -----
--------------------------------------------------------------------------------
SIMPLE LAYER              TEXTS                                                 
--------------------------------------------------------------------------------

  49                      15 (15)              

--------------------------------------------------------------------------------
-----          LAYER READ SUMMARY (TEXT FOR WITH TEXT OPERATIONS)          -----
--------------------------------------------------------------------------------
SIMPLE LAYER              TEXTS                                                 
--------------------------------------------------------------------------------


--------------------------------------------------------------------------------
-----         LAYER READ SUMMARY (TEXT FOR EXPAND TEXT OPERATIONS)         -----
--------------------------------------------------------------------------------
SIMPLE LAYER              TEXTS                                                 
--------------------------------------------------------------------------------


--------------------------------------------------------------------------------
-----            LAYER READ SUMMARY (TEXT FOR CAPI OPERATIONS)             -----
--------------------------------------------------------------------------------
SIMPLE LAYER              TEXTS                                                 
--------------------------------------------------------------------------------


--------------------------------------------------------------------------------
-----                      LAYER READ SUMMARY (PORTS)                      -----
--------------------------------------------------------------------------------
SIMPLE LAYER              TEXTS                                                 
--------------------------------------------------------------------------------

  49                      15 (15)              

--------------------------------------------------------------------------------
-----                      CELL AND PLACEMENT SUMMARY                      -----
--------------------------------------------------------------------------------
CELL TYPE                 CELLS           PLACEMENTS       FLAT PLACEMENTS      
--------------------------------------------------------------------------------

USER                          1                    0                     0
 VERY SMALL                   0                    0                     0
 TOP LAYER                    0                    0                     0
  VERY SMALL                  0                    0                     0
PSEUDO                        0                    0                     0
TOTAL                         1                    0                     0

--------------------------------------------------------------------------------
-----                   LAYOUT DATA INPUT MODULE SUMMARY                   -----
--------------------------------------------------------------------------------

--- TOTAL GEOMETRIES READ FROM SIMPLE LAYERS = 709
--- TOTAL GEOMETRIES READ FROM ORIGINAL LAYERS = 709 (709)
--- TOTAL GEOMETRIES WRITTEN TO ORIGINAL LAYERS = 709 (709)
--- LVHEAP = 2/5/67
--- DATABASE EXTENT = [ -12.9 , -0.9 ] -> [ 64.2 , 53.1 ]
--- GEOMETRIC DEPTH = ALL
--- TEXT DEPTH FOR CONNECTIVITY EXTRACTION = PRIMARY
--- TOTAL TEXT OBJECTS FOR CONNECTIVITY EXTRACTION = 15 (15)
--- TOTAL TEXT OBJECTS FOR WITH TEXT OPERATIONS = 0 (0)
--- TOTAL TEXT OBJECTS FOR EXPAND TEXT OPERATIONS = 0 (0)
--- TOTAL TEXT OBJECTS FOR CAPI OPERATIONS = 0 (0)
--- TOTAL PORT OBJECTS = 15 (15)
--- GEOMETRY FLAGGING = ACUTE (NO)  SKEW (NO)  ANGLED (NO)  OFFGRID (NO)
                        NONSIMPLE POLYGON (NO)  NONSIMPLE PATH (NO)
--- PRIMARY CELL = bs2
--- EXCLUDED CELLS =
--- LAYOUT BASE LAYER = (NOT SPECIFIED)
--- LAYOUT TOP LAYER = (NOT SPECIFIED)

--- CALIBRE LAYOUT DATA INPUT MODULE COMPLETED.  CPU TIME = 0  REAL TIME = 0

--------------------------------------------------------------------------------
--------------------------------------------------------------------------------
-----      CALIBRE::HIERARCHICAL CIRCUIT EXTRACTOR - EXECUTIVE MODULE      -----
--------------------------------------------------------------------------------
--------------------------------------------------------------------------------

via1 = OR via1
--------------
via1 (HIER TYP=1 CFG=3 HGC=40 FGC=40 HEC=160 FEC=160 IGC=0 VHC=F VPC=F)
CPU TIME = 0  REAL TIME = 0  LVHEAP = 2/5/67  MALLOC = 35/35/35  OPS COMPLETE = 1 OF 29  ELAPSED TIME = 1

Original Layer via1 DELETED -- LVHEAP = 2/5/67

metal1 = OR metal1
------------------
metal1 (HIER TYP=1 CFG=3 HGC=44 FGC=44 HEC=312 FEC=312 IGC=0 VHC=F VPC=F)
CPU TIME = 0  REAL TIME = 0  LVHEAP = 2/5/67  MALLOC = 36/36/36  OPS COMPLETE = 2 OF 29  ELAPSED TIME = 1

Original Layer metal1 DELETED -- LVHEAP = 2/5/67

metal2 = OR metal2
------------------
metal2 (HIER TYP=1 CFG=3 HGC=19 FGC=19 HEC=126 FEC=126 IGC=0 VHC=F VPC=F)
CPU TIME = 0  REAL TIME = 0  LVHEAP = 2/5/67  MALLOC = 36/36/36  OPS COMPLETE = 3 OF 29  ELAPSED TIME = 1

Original Layer metal2 DELETED -- LVHEAP = 2/5/67

via2 = OR via2
--------------
via2 (HIER TYP=1 CFG=3 HGC=0 FGC=0 HEC=0 FEC=0 IGC=0 VHC=F VPC=F)
CPU TIME = 0  REAL TIME = 0  LVHEAP = 2/5/67  MALLOC = 36/36/36  OPS COMPLETE = 4 OF 29  ELAPSED TIME = 1

Original Layer via2 DELETED -- LVHEAP = 2/5/67

metal3 = OR metal3
------------------
metal3 (HIER TYP=1 CFG=3 HGC=0 FGC=0 HEC=0 FEC=0 IGC=0 VHC=F VPC=F)
CPU TIME = 0  REAL TIME = 0  LVHEAP = 2/5/67  MALLOC = 36/36/36  OPS COMPLETE = 5 OF 29  ELAPSED TIME = 1

Original Layer metal3 DELETED -- LVHEAP = 2/5/67

contact = OR contact
--------------------
contact (HIER TYP=1 CFG=3 HGC=0 FGC=0 HEC=0 FEC=0 IGC=0 VHC=F VPC=F)
CPU TIME = 0  REAL TIME = 0  LVHEAP = 2/5/67  MALLOC = 36/36/36  OPS COMPLETE = 6 OF 29  ELAPSED TIME = 1

Original Layer contact DELETED -- LVHEAP = 2/5/67

poly = OR poly
--------------
poly (HIER TYP=1 CFG=3 HGC=26 FGC=26 HEC=290 FEC=290 IGC=0 VHC=F VPC=F)
CPU TIME = 0  REAL TIME = 0  LVHEAP = 2/5/67  MALLOC = 36/36/36  OPS COMPLETE = 7 OF 29  ELAPSED TIME = 1

Original Layer poly DELETED -- LVHEAP = 2/5/67

active = OR active
------------------
active (HIER TYP=1 CFG=1 HGC=70 FGC=70 HEC=280 FEC=280 IGC=0 VHC=F VPC=F)
CPU TIME = 0  REAL TIME = 0  LVHEAP = 2/5/67  MALLOC = 36/36/36  OPS COMPLETE = 8 OF 29  ELAPSED TIME = 1

Original Layer active DELETED -- LVHEAP = 2/5/67

pimplant = OR pimplant
----------------------
pimplant (HIER TYP=1 CFG=1 HGC=14 FGC=14 HEC=60 FEC=60 IGC=0 VHC=F VPC=F)
CPU TIME = 0  REAL TIME = 0  LVHEAP = 2/5/67  MALLOC = 36/36/36  OPS COMPLETE = 9 OF 29  ELAPSED TIME = 1

Original Layer pimplant DELETED -- LVHEAP = 2/5/67

pdif = active AND pimplant
--------------------------
pdif (HIER TYP=1 CFG=0 HGC=35 FGC=35 HEC=140 FEC=140 IGC=0 VHC=F VPC=F)
CPU TIME = 0  REAL TIME = 0  LVHEAP = 2/5/67  MALLOC = 36/36/36  OPS COMPLETE = 10 OF 29  ELAPSED TIME = 1

pgate = poly AND pdif
---------------------
pgate (HIER TYP=1 CFG=1 HGC=23 FGC=23 HEC=92 FEC=92 IGC=0 VHC=F VPC=F)
CPU TIME = 0  REAL TIME = 0  LVHEAP = 2/5/67  MALLOC = 36/36/36  OPS COMPLETE = 11 OF 29  ELAPSED TIME = 1

psrcdrn = pdif NOT pgate
------------------------
psrcdrn (HIER TYP=1 CFG=3 HGC=58 FGC=58 HEC=232 FEC=232 IGC=0 VHC=F VPC=F)
CPU TIME = 0  REAL TIME = 0  LVHEAP = 2/5/67  MALLOC = 36/36/36  OPS COMPLETE = 12 OF 29  ELAPSED TIME = 1

Layer pdif DELETED -- LVHEAP = 2/5/67

nimplant = OR nimplant
----------------------
nimplant (HIER TYP=1 CFG=1 HGC=15 FGC=15 HEC=68 FEC=68 IGC=0 VHC=F VPC=F)
CPU TIME = 0  REAL TIME = 0  LVHEAP = 2/5/67  MALLOC = 36/36/36  OPS COMPLETE = 13 OF 29  ELAPSED TIME = 1

Original Layer nimplant DELETED -- LVHEAP = 2/5/67

ndif = active AND nimplant
--------------------------
ndif (HIER TYP=1 CFG=0 HGC=35 FGC=35 HEC=140 FEC=140 IGC=0 VHC=F VPC=F)
CPU TIME = 0  REAL TIME = 0  LVHEAP = 2/5/67  MALLOC = 36/36/36  OPS COMPLETE = 14 OF 29  ELAPSED TIME = 1

ngate = poly AND ndif
---------------------
ngate (HIER TYP=1 CFG=1 HGC=23 FGC=23 HEC=92 FEC=92 IGC=0 VHC=F VPC=F)
CPU TIME = 0  REAL TIME = 0  LVHEAP = 2/5/67  MALLOC = 36/36/36  OPS COMPLETE = 15 OF 29  ELAPSED TIME = 1

nsrcdrn = ndif NOT ngate
------------------------
nsrcdrn (HIER TYP=1 CFG=3 HGC=58 FGC=58 HEC=232 FEC=232 IGC=0 VHC=F VPC=F)
CPU TIME = 0  REAL TIME = 0  LVHEAP = 2/5/67  MALLOC = 36/36/36  OPS COMPLETE = 16 OF 29  ELAPSED TIME = 1

Layer ndif DELETED -- LVHEAP = 2/5/67

pwell = OR pwell
----------------
pwell (HIER TYP=1 CFG=3 HGC=1 FGC=1 HEC=22 FEC=22 IGC=0 VHC=F VPC=F)
CPU TIME = 0  REAL TIME = 0  LVHEAP = 2/5/67  MALLOC = 36/36/36  OPS COMPLETE = 17 OF 29  ELAPSED TIME = 1

Original Layer pwell DELETED -- LVHEAP = 2/5/67

pcont = psrcdrn AND pwell
-------------------------
pcont (HIER TYP=1 CFG=3 HGC=26 FGC=26 HEC=104 FEC=104 IGC=0 VHC=F VPC=F)
CPU TIME = 0  REAL TIME = 0  LVHEAP = 2/5/67  MALLOC = 36/36/36  OPS COMPLETE = 18 OF 29  ELAPSED TIME = 1

bulk = EXTENT
-------------
bulk (HIER-LSL TYP=1 CFG=0 HGC=1 FGC=1 HEC=4 FEC=4 IGC=0 VHC=F VPC=F)
CPU TIME = 0  REAL TIME = 0  LVHEAP = 2/5/67  MALLOC = 36/36/36  OPS COMPLETE = 19 OF 29  ELAPSED TIME = 1

TMP<1> = bulk NOT pwell
-----------------------
TMP<1> (HIER TYP=1 CFG=0 HGC=1 FGC=1 HEC=27 FEC=27 IGC=0 VHC=F VPC=F)
CPU TIME = 0  REAL TIME = 0  LVHEAP = 2/5/67  MALLOC = 36/36/36  OPS COMPLETE = 20 OF 29  ELAPSED TIME = 1

Layer bulk DELETED -- LVHEAP = 2/5/67

nwell = OR nwell
----------------
nwell (HIER TYP=1 CFG=0 HGC=2 FGC=2 HEC=24 FEC=24 IGC=0 VHC=F VPC=F)
CPU TIME = 0  REAL TIME = 0  LVHEAP = 2/5/67  MALLOC = 36/36/36  OPS COMPLETE = 21 OF 29  ELAPSED TIME = 1

Original Layer nwell DELETED -- LVHEAP = 2/5/67

nsub = TMP<1> AND nwell
-----------------------
nsub (HIER TYP=1 CFG=3 HGC=2 FGC=2 HEC=24 FEC=24 IGC=0 VHC=F VPC=F)
CPU TIME = 0  REAL TIME = 0  LVHEAP = 2/5/67  MALLOC = 36/36/36  OPS COMPLETE = 22 OF 29  ELAPSED TIME = 1

Layer TMP<1> DELETED -- LVHEAP = 2/5/67

Layer nwell DELETED -- LVHEAP = 2/5/67

ncont = nsrcdrn AND nsub
------------------------
ncont (HIER TYP=1 CFG=3 HGC=26 FGC=26 HEC=104 FEC=104 IGC=0 VHC=F VPC=F)
CPU TIME = 0  REAL TIME = 0  LVHEAP = 2/5/67  MALLOC = 36/36/36  OPS COMPLETE = 23 OF 29  ELAPSED TIME = 1

ntapcont = active NOT INTERACT pimplant
---------------------------------------
ntapcont (HIER TYP=1 CFG=0 HGC=35 FGC=35 HEC=140 FEC=140 IGC=0 VHC=F VPC=F)
CPU TIME = 0  REAL TIME = 0  LVHEAP = 2/5/67  MALLOC = 36/36/36  OPS COMPLETE = 24 OF 29  ELAPSED TIME = 1

Layer pimplant DELETED -- LVHEAP = 2/5/67

ncont1 = ntapcont AND nsub
--------------------------
ncont1 (HIER TYP=1 CFG=3 HGC=26 FGC=26 HEC=104 FEC=104 IGC=0 VHC=F VPC=F)
CPU TIME = 0  REAL TIME = 0  LVHEAP = 2/5/67  MALLOC = 36/36/36  OPS COMPLETE = 25 OF 29  ELAPSED TIME = 1

Layer ntapcont DELETED -- LVHEAP = 2/5/67

ptapcont = active NOT INTERACT nimplant
---------------------------------------
ptapcont (HIER TYP=1 CFG=0 HGC=35 FGC=35 HEC=140 FEC=140 IGC=0 VHC=F VPC=F)
CPU TIME = 0  REAL TIME = 0  LVHEAP = 2/5/67  MALLOC = 36/36/36  OPS COMPLETE = 26 OF 29  ELAPSED TIME = 1

Layer active DELETED -- LVHEAP = 2/5/67

Layer nimplant DELETED -- LVHEAP = 2/5/67

pcont1 = ptapcont AND pwell
---------------------------
pcont1 (HIER TYP=1 CFG=3 HGC=26 FGC=26 HEC=104 FEC=104 IGC=0 VHC=F VPC=F)
CPU TIME = 0  REAL TIME = 0  LVHEAP = 2/5/67  MALLOC = 36/36/36  OPS COMPLETE = 27 OF 29  ELAPSED TIME = 1

Layer ptapcont DELETED -- LVHEAP = 2/5/67

active_contact = OR active_contact
----------------------------------
active_contact (HIER TYP=1 CFG=3 HGC=192 FGC=192 HEC=768 FEC=768 IGC=0 VHC=F VPC=F)
CPU TIME = 0  REAL TIME = 0  LVHEAP = 2/5/67  MALLOC = 36/36/36  OPS COMPLETE = 28 OF 29  ELAPSED TIME = 1

Original Layer active_contact DELETED -- LVHEAP = 2/5/67

poly_contact = OR poly_contact
------------------------------
poly_contact (HIER TYP=1 CFG=3 HGC=26 FGC=26 HEC=104 FEC=104 IGC=0 VHC=F VPC=F)
CPU TIME = 0  REAL TIME = 0  LVHEAP = 2/5/67  MALLOC = 36/36/36  OPS COMPLETE = 29 OF 29  ELAPSED TIME = 1

Original Layer poly_contact DELETED -- LVHEAP = 2/5/67

CONNECTIVITY EXTRACTION TOTAL LAYER PREPARATION TIME:  CPU TIME = 0  REAL TIME = 0  LVHEAP = 2/5/67  MALLOC = 36/36/36 ELAPSED TIME = 1

CONNECTIVITY EXTRACTION
-----------------------
NC = Net Count  IPC = Internal Pin Count
CEC = Cell Edge Count  PEC = Promoted Edge Count
LVHEAP = Geometry heap memory allocation.
MALLOC = Total heap memory allocation.

CELL bs2
     bs2 (NC=36 IPC=0 CEC=1343 PEC=0 CFGC=570)
     bs2  CPU TIME = 0  REAL TIME = 0  LVHEAP = 3/5/67  MALLOC = 36/36/36 ELAPSED TIME = 1
TOTAL CEC=1343 PEC=0

POST-PROCESSING CONNECTIVITY DATA STRUCTURE...
    MARKING TRUE NETS AND EXTERNAL PINS...
        CPU TIME = 0  REAL TIME = 0  LVHEAP = 2/5/67  MALLOC = 36/36/36
    DISCARDING FALSE VIRTUAL NETS, RESOLVING DEEP SHORTS AND PERFORMING VIRTUAL CONNECTIONS...
        CPU TIME = 0  REAL TIME = 0  LVHEAP = 2/5/67  MALLOC = 36/36/36
    CREATING COMPACT PIN DATA STRUCTURE...
        CPU TIME = 0  REAL TIME = 0  LVHEAP = 2/5/67  MALLOC = 36/36/36
    RESOLVING SHORT CIRCUIT TEXT...
        CPU TIME = 0  REAL TIME = 0  LVHEAP = 2/5/67  MALLOC = 36/36/36
    PROCESSING HIGH SHORTS...
        CPU TIME = 0  REAL TIME = 0  LVHEAP = 2/5/67  MALLOC = 37/37/37
    COMPUTING FINAL NET NAMES AND REPORTING TEXT WARNINGS...
        CPU TIME = 0  REAL TIME = 0  LVHEAP = 2/5/67  MALLOC = 37/37/37
POST-PROCESSING completed.  CPU TIME = 0  REAL TIME = 0  LVHEAP = 2/5/67  MALLOC = 37/37/37

CONNECTIVITY EXTRACTION completed.  CPU TIME = 0  REAL TIME = 0  LVHEAP = 2/5/67  MALLOC = 37/37/37 ELAPSED TIME = 1

WRITING CELL INFORMATION to PHDB svdb
PHDB CELL DATA WRITE completed.  CPU TIME = 0  REAL TIME = 0  LVHEAP = 2/5/67  MALLOC = 37/37/37  ELAPSED TIME = 1

WRITING CONNECT INFORMATION to PHDB svdb
PHDB CONNECT INFORMATION written. CPU TIME = 0  REAL TIME = 0  LVHEAP = 2/5/67  MALLOC = 37/37/37  ELAPSED TIME = 1

Layer via1 DELETED -- LVHEAP = 2/5/67

Layer via2 DELETED -- LVHEAP = 2/5/67

Layer metal2 DELETED -- LVHEAP = 2/5/67

Layer metal3 DELETED -- LVHEAP = 2/5/67

Layer pcont DELETED -- LVHEAP = 2/5/67

Layer ncont DELETED -- LVHEAP = 2/5/67

Layer ncont1 DELETED -- LVHEAP = 2/5/67

Layer pcont1 DELETED -- LVHEAP = 2/5/67

Layer active_contact DELETED -- LVHEAP = 2/5/67

Layer contact DELETED -- LVHEAP = 2/5/67

Layer poly_contact DELETED -- LVHEAP = 2/5/67

Layer metal1 DELETED -- LVHEAP = 2/5/67

DEVICE RECOGNITION
------------------
LVS PUSH DEVICES enabled.

DEVICE RECOGNITION TOTAL LAYER PREPARATION TIME:  CPU TIME = 0  REAL TIME = 0  LVHEAP = 2/5/67 ELAPSED TIME = 1

DEVICE RECOGNITION PRECISE INTERACTION BEGINS.

DEVICE RECOGNITION TOTAL PRECISE INTERACTION TIME:  CPU TIME = 0  REAL TIME = 0  LVHEAP = 3/5/67 ELAPSED TIME = 1
TENTATIVE SEED PROMOTIONS:   seed layer  seeds  cell : layers touched
TENTATIVE SEED PROMOTIONS: ------------  -----  -----------------------------------------
SEED PROMOTIONS: 
SEED PROMOTIONS: ==============================================================
SEED PROMOTIONS: 
SEED PROMOTIONS:   seed layer  seeds  cell : layers touched
SEED PROMOTIONS: ------------  -----  -----------------------------------------
SEED PROMOTIONS: 
SEED PROMOTIONS:       TOTAL:      0

DEVICE RECOGNITION completed.  CPU TIME = 0  REAL TIME = 0  LVHEAP = 3/5/67  MALLOC = 37/37/37 ELAPSED TIME = 1


HIERARCHICAL SPICE NETLISTER
----------------------------
HIERARCHICAL SPICE NETLISTER completed.  CPU TIME = 0  REAL TIME = 0  LVHEAP = 2/5/67  MALLOC = 37/37/37 ELAPSED TIME = 1

WRITING DEVICE INFORMATION to PHDB svdb
PHDB DEVICE INFORMATION written. CPU TIME = 0  REAL TIME = 0  LVHEAP = 2/5/67  MALLOC = 37/37/37  ELAPSED TIME = 1

Layer pgate DELETED -- LVHEAP = 2/5/67

Layer psrcdrn DELETED -- LVHEAP = 2/5/67

Layer nsub DELETED -- LVHEAP = 2/5/67

Layer ngate DELETED -- LVHEAP = 2/5/67

Layer poly DELETED -- LVHEAP = 2/5/67

Layer nsrcdrn DELETED -- LVHEAP = 2/5/67

Layer pwell DELETED -- LVHEAP = 2/5/67

WRITING PHDB to directory svdb
PHDB WRITE completed.  CPU TIME = 0  REAL TIME = 0  LVHEAP = 2/5/67  MALLOC = 38/38/38  ELAPSED TIME = 1

--- CALIBRE::HIERARCHICAL CIRCUIT EXTRACTOR COMPLETED - Fri Nov 30 16:58:03 2018
--- TOTAL CPU TIME = 0  REAL TIME = 0  LVHEAP = 2/5/67  MALLOC = 38/38/38  ELAPSED TIME = 1
--- PROCESSOR COUNT = 1

--- SPICE NETLIST FILE = /home/dshadoa/Desktop/BPM/bs2/lvs/./extracted.sp
--- CIRCUIT EXTRACTION REPORT FILE = bs2.lvs.report.ext
--- PERSISTENT HIERARCHICAL DATABASE(PHDB) = svdb/bs2.phdb
--- QUERY DATABASE = svdb  TOP CELL = bs2





                         ###################
                         ###################
                         ###################
                         ###################
                         ###################
                         ###################
                         ###################






--- CALIBRE::LVS-H - Fri Nov 30 16:58:03 2018

--------------------------------------------------------------------------------
--------------------------------------------------------------------------------
-----               CALIBRE::LVS/xRC - INITIALIZATION MODULE               -----
--------------------------------------------------------------------------------
--------------------------------------------------------------------------------

Performing global initialization ... 

Initializing LVS ... 

--- CALIBRE::LVS/xRC INITIALIZATION MODULE COMPLETED.  CPU TIME = 0  REAL TIME = 0  LVHEAP = 66/69/69  MALLOC = 40/40/40  ELAPSED TIME = 1

--------------------------------------------------------------------------------
--------------------------------------------------------------------------------
-----                 CALIBRE::LVS/xRC - EXECUTIVE MODULE                  -----
--------------------------------------------------------------------------------
--------------------------------------------------------------------------------

LVS started ... 

//  Licensed Products
//  -----------------
//  Base products running on 1 core:
//  - LVS (Hierarchical)

READING layout ...
Layout READ.  CPU TIME = 0  REAL TIME = 0  LVHEAP = 66/69/69  MALLOC = 41/41/41

READING source ...
Source READ.  CPU TIME = 0  REAL TIME = 0  LVHEAP = 67/69/69  MALLOC = 41/41/41

Identifying CORRESPONDING cells ...
CORRESPONDING Cells Identified.  CPU TIME = 0  REAL TIME = 0

Reallocating Instance Pins...
Instance Pins Reallocated.  CPU TIME = 0  REAL TIME = 0  LVHEAP = 67/69/69  MALLOC = 41/41/41

Writing XDB Placement Hierarchy ...
XDB Placement Hierarchy Written.  CPU TIME = 0  REAL TIME = 0  LVHEAP = 67/69/69  MALLOC = 41/41/41

Adding GLOBAL elements ...
GLOBAL elements added.  CPU TIME = 0  REAL TIME = 0

Resolving DEEP SHORTS ...
DEEP SHORTS resolved.  CPU TIME = 0  REAL TIME = 0

EXPANDING unbalanced cells ...
Unbalanced cells EXPANDED.  CPU TIME = 0  REAL TIME = 0  LVHEAP = 67/69/69  MALLOC = 41/41/41

Resolving HIGH SHORTS ...
HIGH SHORTS resolved.  CPU TIME = 0  REAL TIME = 0

Deleting TRIVIAL PINS ...
TRIVIAL PINS deleted.  CPU TIME = 0  REAL TIME = 0

FLATTENING and TRANSFORMING cells to comparison ready form ...

Computing OPTIMAL TEMPLATE ORDER ...
OPTIMAL TEMPLATE ORDER computed.  CPU TIME = 0  REAL TIME = 0  LVHEAP = 67/69/69  MALLOC = 41/41/41

FLATTENING and TRANSFORMING to comparison ready form layout and source top level cells ...

Flattening (SOURCE).    CPU TIME = 0  REAL TIME = 0  LVHEAP = 67/69/69

Reduce Series and Parallel Mosfets.  CPU TIME = 0  REAL TIME = 0  LVHEAP = 67/69/69

Reduce Semi-Series Mosfets.  CPU TIME = 0  REAL TIME = 0  LVHEAP = 67/69/69

Reduce Split Gates.  CPU TIME = 0  REAL TIME = 0  LVHEAP = 67/69/69

Logic Injection.    CPU TIME = 0  REAL TIME = 0  LVHEAP = 68/69/69

Reduce Series and Parallel Mosfets.  CPU TIME = 0  REAL TIME = 0  LVHEAP = 68/69/69

Reduce Semi-Series Mosfets.  CPU TIME = 0  REAL TIME = 0  LVHEAP = 68/69/69

Reduce Split Gates.  CPU TIME = 0  REAL TIME = 0  LVHEAP = 68/69/69

======================================================================================================================================================
                              LVS HIERARCHICAL INJECTION STATISTICS
===============================================================================================================================================================
                Name  |   Found  | Inject |   Rej  |   Rej  |   Rej  |   Rej  |   Rej  |   Rej  |  Types |   Sub- |  Same  |    Properties 
                      |          |        |  #pins |  suppl |  subst |  names |  ambig |  ident |        |  types |  path  |   unique/total 
===============================================================================================================================================================
                _invv |        8 |      8 |      0 |      0 |      0 |      0 |      0 |      0 |      1 |      2 |      4 |        2/       8 
              _mser2v |       16 |     16 |      0 |      0 |      0 |      0 |      0 |      0 |      2 |      4 |      8 |        2/      16 
                _mx2v |        2 |      2 |      0 |      0 |      0 |      0 |      0 |      0 |      1 |      2 |      0 |        1/       2 
              _nand2v |        2 |      2 |      0 |      0 |      0 |      0 |      0 |      0 |      1 |      2 |      1 |        1/       2 
                _tgmb |        4 |      4 |      0 |      0 |      0 |      0 |      0 |      0 |      1 |      2 |      2 |        1/       4 
===============================================================================================================================================================
Totals:
Instances Injected 32
Rejected as rare   0
Instances Deleted  100
Nets Deleted       20
===============================================================================================================================================================

Logic Injection.    CPU TIME = 0  REAL TIME = 0  LVHEAP = 67/69/69

Cells FLATTENED and TRANSFORMED.  CPU TIME = 0  REAL TIME = 0  LVHEAP = 67/69/69

All cells FLATTENED and TRANSFORMED.  CPU TIME = 0  REAL TIME = 0  LVHEAP = 67/69/69  MALLOC = 42/42/42

COMPARING corresponding cells ...

COMPARING layout and source top levels ...

Assign Initial Net Ids.  CPU TIME = 0  REAL TIME = 0

Assign Initial Net Ids.  CPU TIME = 0  REAL TIME = 0

ANCHOR Points.  0 instances, 14 nets matched.  CPU TIME = 0  REAL TIME = 0

Begin NBD ...
NBD 2.  16 instances, 7 nets matched.  CPU TIME = 0  REAL TIME = 0

      TOTAL:  16 instances,  21 nets  matched.  CPU TIME = 0  REAL TIME = 0

STATUSES.  CPU TIME = 0  REAL TIME = 0

COMPARISON completed.  CPU TIME = 0  REAL TIME = 0

All corresponding cells COMPARED.  CPU TIME = 0  REAL TIME = 0

Corresponding cells TRANSFORMED and COMPARED.  CPU TIME = 0  REAL TIME = 0

Writing REPORT ...
Writing CROSS REFERENCE files...
CROSS REFERENCE files completed.  CPU TIME = 0  REAL TIME = 0
REPORT written.  CPU TIME = 0  REAL TIME = 0

Cumulative READING INPUTS Time:                          CPU =       0,     REAL =       0
Cumulative IDENTIFYING CORRESPONDING CELLS Time:         CPU =       0,     REAL =       0
    Cumulative CHECKING PORTS Time:                      CPU =       0,     REAL =       0
Cumulative REALLOCATING PINS Time:                       CPU =       0,     REAL =       0
Cumulative WRITING XDB HIERARCHY Time:                   CPU =       0,     REAL =       0
Cumulative ADDING GLOBALS Time:                          CPU =       0,     REAL =       0
Cumulative RESOLVING DEEP SHORTS Time:                   CPU =       0,     REAL =       0
Cumulative RESOLVING HIGH SHORTS Time:                   CPU =       0,     REAL =       0
Cumulative DELETING TRIVIAL PINS Time:                   CPU =       0,     REAL =       0
Cumulative EXPANDING UNBALANCED CELLS Time:              CPU =       0,     REAL =       0
Cumulative TRANSFORMS AND FLATTENING Time:               CPU =       0,     REAL =       0
    Cumulative FLATTENING Time:                          CPU =       0,     REAL =       0
    Cumulative TRANSFORMS Time:                          CPU =       0,     REAL =       0
        Cumulative INJECTION Time:                       CPU =       0,     REAL =       0
            Cumulative COMPACTION Time:                  CPU =       0,     REAL =       0
        Cumulative REDUCTION Time:                       CPU =       0,     REAL =       0
        Cumulative GATES Time:                           CPU =       0,     REAL =       0
        Cumulative UNUSED Time:                          CPU =       0,     REAL =       0
Cumulative COMPARISON Time:                              CPU =       0,     REAL =       0
    Cumulative MERGE PRIMITIVE TEMPLATES Time:           CPU =       0,     REAL =       0
    Cumulative MERGE SUBGRAPH TEMPLATES Time:            CPU =       0,     REAL =       0
    Cumulative NBD AND AMBIGUITY Time:                   CPU =       0,     REAL =       0
        Cumulative NBD Time:                             CPU =       0,     REAL =       0
            Cumulative INITIAL NBD IDS Time:             CPU =       0,     REAL =       0
            Cumulative NEW NBD CONVERT Time:             CPU =       0,     REAL =       0
            Cumulative NEW NBD BACK CONVERT Time:        CPU =       0,     REAL =       0
            Cumulative NEW NBD ALG RUN Time:             CPU =       0,     REAL =       0
            Cumulative NEW NBD IDS Time:                 CPU =       0,     REAL =       0
            Cumulative MATCH NBD NODES Time:             CPU =       0,     REAL =       0
        Cumulative TPL Time:                             CPU =       0,     REAL =       0
        Cumulative BIN Time:                             CPU =       0,     REAL =       0
        Cumulative PRP Time:                             CPU =       0,     REAL =       0
        Cumulative AMBIGUITY Time:                       CPU =       0,     REAL =       0
            Cumulative AMBIGUITY BY PROPERTIES Time:     CPU =       0,     REAL =       0
            Cumulative AMBIGUITY BY SUBTYPES Time:       CPU =       0,     REAL =       0
            Cumulative AMBIGUITY HIERARCHICAL Time:      CPU =       0,     REAL =       0
            Cumulative AMBIGUITY ARBITRARY Time:         CPU =       0,     REAL =       0
    Cumulative REWIRE Time:                              CPU =       0,     REAL =       0
    Cumulative REPAIR Time:                              CPU =       0,     REAL =       0
Cumulative REPORT Time:                                  CPU =       0,     REAL =       0


LVS completed. CORRECT. See report file: bs2.lvs.report

LVS completed.  CPU TIME = 0  REAL TIME = 0  LVHEAP = 67/69/69  MALLOC = 46/46/46  ELAPSED TIME = 1

--- LVS REPORT FILE = bs2.lvs.report
--- CALIBRE::LVS/xRC EXECUTIVE MODULE COMPLETED.  CPU TIME = 0  REAL TIME = 0  LVHEAP = 2/5/69  MALLOC = 42/42/46  ELAPSED TIME = 1

--- CALIBRE::LVS/xRC COMPLETED - Fri Nov 30 16:58:03 2018
--- TOTAL CPU TIME = 0  REAL TIME = 0  LVHEAP = 2/5/69  MALLOC = 42/42/46  ELAPSED TIME = 1
--- XDB CROSS REFERENCE DATABASE = svdb/bs2.xdb

--- SPICE NETLIST FILE = /home/dshadoa/Desktop/BPM/bs2/lvs/./extracted.sp
--- CIRCUIT EXTRACTION REPORT FILE = bs2.lvs.report.ext
--- PERSISTENT HIERARCHICAL DATABASE(PHDB) = svdb/bs2.phdb
--- QUERY DATABASE = svdb  TOP CELL = bs2

--- GRAND TOTAL CPU TIME = 0  REAL TIME = 1  LVHEAP = 2/5/69  MALLOC = 42/42/46  ELAPSED TIME = 1

